TN:
SF:src\App.tsx
FN:61,(anonymous_0)
FNF:1
FNH:0
FNDA:0,(anonymous_0)
DA:51,0
DA:54,0
DA:61,0
DA:62,0
LF:4
LH:0
BRF:0
BRH:0
end_of_record
TN:
SF:src\main.tsx
FNF:0
FNH:0
DA:6,0
DA:7,0
DA:9,0
DA:10,0
LF:4
LH:0
BRDA:7,0,0,0
BRDA:7,0,1,0
BRF:2
BRH:0
end_of_record
TN:
SF:src\api\agents.ts
FN:31,(anonymous_0)
FN:40,(anonymous_1)
FN:45,(anonymous_2)
FN:64,(anonymous_3)
FN:69,(anonymous_4)
FN:78,(anonymous_5)
FN:107,(anonymous_6)
FN:147,(anonymous_7)
FN:155,(anonymous_8)
FN:176,(anonymous_9)
FN:207,(anonymous_10)
FN:253,(anonymous_11)
FN:283,(anonymous_12)
FN:320,(anonymous_13)
FN:362,(anonymous_14)
FN:392,(anonymous_15)
FN:432,(anonymous_16)
FN:475,(anonymous_17)
FN:513,(anonymous_18)
FNF:19
FNH:0
FNDA:0,(anonymous_0)
FNDA:0,(anonymous_1)
FNDA:0,(anonymous_2)
FNDA:0,(anonymous_3)
FNDA:0,(anonymous_4)
FNDA:0,(anonymous_5)
FNDA:0,(anonymous_6)
FNDA:0,(anonymous_7)
FNDA:0,(anonymous_8)
FNDA:0,(anonymous_9)
FNDA:0,(anonymous_10)
FNDA:0,(anonymous_11)
FNDA:0,(anonymous_12)
FNDA:0,(anonymous_13)
FNDA:0,(anonymous_14)
FNDA:0,(anonymous_15)
FNDA:0,(anonymous_16)
FNDA:0,(anonymous_17)
FNDA:0,(anonymous_18)
DA:31,0
DA:32,0
DA:34,0
DA:36,0
DA:38,0
DA:40,0
DA:45,0
DA:53,0
DA:64,0
DA:65,0
DA:66,0
DA:67,0
DA:69,0
DA:71,0
DA:72,0
DA:78,0
DA:79,0
DA:85,0
DA:96,0
DA:107,0
DA:108,0
DA:109,0
DA:110,0
DA:111,0
DA:112,0
DA:115,0
DA:116,0
DA:120,0
DA:127,0
DA:128,0
DA:131,0
DA:133,0
DA:147,0
DA:148,0
DA:149,0
DA:151,0
DA:153,0
DA:155,0
DA:165,0
DA:176,0
DA:177,0
DA:178,0
DA:181,0
DA:182,0
DA:188,0
DA:189,0
DA:191,0
DA:196,0
DA:207,0
DA:208,0
DA:209,0
DA:210,0
DA:212,0
DA:213,0
DA:219,0
DA:220,0
DA:227,0
DA:231,0
DA:236,0
DA:237,0
DA:240,0
DA:242,0
DA:253,0
DA:254,0
DA:255,0
DA:256,0
DA:258,0
DA:259,0
DA:265,0
DA:267,0
DA:272,0
DA:283,0
DA:284,0
DA:285,0
DA:286,0
DA:288,0
DA:289,0
DA:295,0
DA:297,0
DA:298,0
DA:304,0
DA:309,0
DA:320,0
DA:321,0
DA:322,0
DA:323,0
DA:325,0
DA:326,0
DA:332,0
DA:339,0
DA:340,0
DA:346,0
DA:351,0
DA:362,0
DA:363,0
DA:364,0
DA:365,0
DA:367,0
DA:368,0
DA:374,0
DA:376,0
DA:381,0
DA:392,0
DA:393,0
DA:394,0
DA:395,0
DA:396,0
DA:398,0
DA:399,0
DA:405,0
DA:406,0
DA:407,0
DA:413,0
DA:415,0
DA:421,0
DA:432,0
DA:433,0
DA:434,0
DA:435,0
DA:437,0
DA:438,0
DA:444,0
DA:452,0
DA:453,0
DA:459,0
DA:464,0
DA:475,0
DA:476,0
DA:477,0
DA:478,0
DA:479,0
DA:481,0
DA:482,0
DA:488,0
DA:490,0
DA:491,0
DA:497,0
DA:502,0
DA:513,0
DA:514,0
DA:515,0
DA:516,0
DA:518,0
DA:519,0
DA:525,0
DA:527,0
DA:528,0
DA:534,0
DA:539,0
LF:149
LH:0
BRDA:34,0,0,0
BRDA:34,0,1,0
BRDA:55,1,0,0
BRDA:55,1,1,0
BRDA:67,2,0,0
BRDA:67,2,1,0
BRDA:71,3,0,0
BRDA:71,3,1,0
BRDA:78,4,0,0
BRDA:78,4,1,0
BRDA:98,5,0,0
BRDA:98,5,1,0
BRDA:111,6,0,0
BRDA:111,6,1,0
BRDA:112,7,0,0
BRDA:112,7,1,0
BRDA:115,8,0,0
BRDA:115,8,1,0
BRDA:124,9,0,0
BRDA:124,9,1,0
BRDA:127,10,0,0
BRDA:127,10,1,0
BRDA:136,11,0,0
BRDA:136,11,1,0
BRDA:149,12,0,0
BRDA:149,12,1,0
BRDA:167,13,0,0
BRDA:167,13,1,0
BRDA:178,14,0,0
BRDA:178,14,1,0
BRDA:181,15,0,0
BRDA:181,15,1,0
BRDA:181,16,0,0
BRDA:181,16,1,0
BRDA:188,17,0,0
BRDA:188,17,1,0
BRDA:198,18,0,0
BRDA:198,18,1,0
BRDA:212,19,0,0
BRDA:212,19,1,0
BRDA:212,20,0,0
BRDA:212,20,1,0
BRDA:219,21,0,0
BRDA:219,21,1,0
BRDA:236,22,0,0
BRDA:236,22,1,0
BRDA:244,23,0,0
BRDA:244,23,1,0
BRDA:258,24,0,0
BRDA:258,24,1,0
BRDA:274,25,0,0
BRDA:274,25,1,0
BRDA:288,26,0,0
BRDA:288,26,1,0
BRDA:297,27,0,0
BRDA:297,27,1,0
BRDA:311,28,0,0
BRDA:311,28,1,0
BRDA:325,29,0,0
BRDA:325,29,1,0
BRDA:325,30,0,0
BRDA:325,30,1,0
BRDA:325,30,2,0
BRDA:339,31,0,0
BRDA:339,31,1,0
BRDA:353,32,0,0
BRDA:353,32,1,0
BRDA:367,33,0,0
BRDA:367,33,1,0
BRDA:383,34,0,0
BRDA:383,34,1,0
BRDA:396,35,0,0
BRDA:396,35,1,0
BRDA:398,36,0,0
BRDA:398,36,1,0
BRDA:406,37,0,0
BRDA:406,37,1,0
BRDA:423,38,0,0
BRDA:423,38,1,0
BRDA:437,39,0,0
BRDA:437,39,1,0
BRDA:437,40,0,0
BRDA:437,40,1,0
BRDA:437,40,2,0
BRDA:437,40,3,0
BRDA:452,41,0,0
BRDA:452,41,1,0
BRDA:466,42,0,0
BRDA:466,42,1,0
BRDA:481,43,0,0
BRDA:481,43,1,0
BRDA:481,44,0,0
BRDA:481,44,1,0
BRDA:490,45,0,0
BRDA:490,45,1,0
BRDA:504,46,0,0
BRDA:504,46,1,0
BRDA:518,47,0,0
BRDA:518,47,1,0
BRDA:527,48,0,0
BRDA:527,48,1,0
BRDA:541,49,0,0
BRDA:541,49,1,0
BRF:103
BRH:0
end_of_record
TN:
SF:src\api\health.ts
FN:49,healthCheck
FN:116,readinessCheck
FN:146,(anonymous_2)
FN:171,createHealthEndpoint
FN:172,(anonymous_4)
FN:192,createReadinessEndpoint
FN:193,(anonymous_6)
FN:212,handleHealthRequest
FN:243,handleReadinessRequest
FNF:9
FNH:0
FNDA:0,healthCheck
FNDA:0,readinessCheck
FNDA:0,(anonymous_2)
FNDA:0,createHealthEndpoint
FNDA:0,(anonymous_4)
FNDA:0,createReadinessEndpoint
FNDA:0,(anonymous_6)
FNDA:0,handleHealthRequest
FNDA:0,handleReadinessRequest
DA:50,0
DA:51,0
DA:52,0
DA:54,0
DA:60,0
DA:63,0
DA:64,0
DA:65,0
DA:66,0
DA:67,0
DA:69,0
DA:72,0
DA:76,0
DA:77,0
DA:78,0
DA:80,0
DA:86,0
DA:87,0
DA:92,0
DA:93,0
DA:96,0
DA:97,0
DA:98,0
DA:99,0
DA:100,0
DA:103,0
DA:117,0
DA:119,0
DA:125,0
DA:128,0
DA:129,0
DA:130,0
DA:131,0
DA:132,0
DA:134,0
DA:137,0
DA:141,0
DA:146,0
DA:147,0
DA:148,0
DA:149,0
DA:151,0
DA:155,0
DA:156,0
DA:158,0
DA:160,0
DA:172,0
DA:173,0
DA:174,0
DA:175,0
DA:178,0
DA:180,0
DA:193,0
DA:194,0
DA:195,0
DA:196,0
DA:198,0
DA:200,0
DA:213,0
DA:214,0
DA:215,0
DA:218,0
DA:226,0
DA:244,0
DA:245,0
DA:246,0
DA:248,0
DA:256,0
LF:68
LH:0
BRDA:52,0,0,0
BRDA:52,0,1,0
BRDA:65,1,0,0
BRDA:65,1,1,0
BRDA:72,2,0,0
BRDA:72,2,1,0
BRDA:76,3,0,0
BRDA:76,3,1,0
BRDA:76,4,0,0
BRDA:76,4,1,0
BRDA:86,5,0,0
BRDA:86,5,1,0
BRDA:97,6,0,0
BRDA:97,6,1,0
BRDA:99,7,0,0
BRDA:99,7,1,0
BRDA:130,8,0,0
BRDA:130,8,1,0
BRDA:137,9,0,0
BRDA:137,9,1,0
BRDA:147,10,0,0
BRDA:147,10,1,0
BRDA:158,11,0,0
BRDA:158,11,1,0
BRDA:158,11,2,0
BRDA:175,12,0,0
BRDA:175,12,1,0
BRDA:176,13,0,0
BRDA:176,13,1,0
BRDA:183,14,0,0
BRDA:183,14,1,0
BRDA:196,15,0,0
BRDA:196,15,1,0
BRDA:203,16,0,0
BRDA:203,16,1,0
BRDA:215,17,0,0
BRDA:215,17,1,0
BRDA:216,18,0,0
BRDA:216,18,1,0
BRDA:229,19,0,0
BRDA:229,19,1,0
BRDA:246,20,0,0
BRDA:246,20,1,0
BRDA:259,21,0,0
BRDA:259,21,1,0
BRF:45
BRH:0
end_of_record
TN:
SF:src\api\mivaa-gateway.ts
FN:31,(anonymous_0)
FN:33,(anonymous_1)
FN:70,(anonymous_2)
FNF:3
FNH:0
FNDA:0,(anonymous_0)
FNDA:0,(anonymous_1)
FNDA:0,(anonymous_2)
DA:33,0
DA:34,0
DA:36,0
DA:37,0
DA:52,0
DA:53,0
DA:56,0
DA:57,0
DA:70,0
DA:71,0
DA:82,0
DA:83,0
LF:12
LH:0
BRDA:48,0,0,0
BRDA:48,0,1,0
BRDA:52,1,0,0
BRDA:52,1,1,0
BRDA:52,2,0,0
BRDA:52,2,1,0
BRDA:56,3,0,0
BRDA:56,3,1,0
BRDA:56,4,0,0
BRDA:56,4,1,0
BRDA:61,5,0,0
BRDA:61,5,1,0
BRDA:82,6,0,0
BRDA:82,6,1,0
BRDA:82,7,0,0
BRDA:82,7,1,0
BRF:16
BRH:0
end_of_record
TN:
SF:src\api\routes.ts
FN:46,(anonymous_0)
FN:54,(anonymous_1)
FN:114,(anonymous_2)
FN:115,(anonymous_3)
FN:124,(anonymous_4)
FN:132,(anonymous_5)
FN:143,(anonymous_6)
FN:148,(anonymous_7)
FNF:8
FNH:0
FNDA:0,(anonymous_0)
FNDA:0,(anonymous_1)
FNDA:0,(anonymous_2)
FNDA:0,(anonymous_3)
FNDA:0,(anonymous_4)
FNDA:0,(anonymous_5)
FNDA:0,(anonymous_6)
FNDA:0,(anonymous_7)
DA:43,0
DA:44,0
DA:47,0
DA:48,0
DA:55,0
DA:115,0
DA:116,0
DA:125,0
DA:126,0
DA:128,0
DA:129,0
DA:132,0
DA:133,0
DA:134,0
DA:136,0
DA:144,0
DA:145,0
DA:146,0
DA:148,0
DA:149,0
DA:150,0
DA:151,0
DA:152,0
DA:153,0
DA:158,0
DA:163,0
LF:26
LH:0
BRDA:116,0,0,0
BRDA:116,0,1,0
BRDA:128,1,0,0
BRDA:128,1,1,0
BRDA:133,2,0,0
BRDA:133,2,1,0
BRDA:149,3,0,0
BRDA:149,3,1,0
BRDA:152,4,0,0
BRDA:152,4,1,0
BRF:10
BRH:0
end_of_record
TN:
SF:src\api\controllers\consolidatedPDFController.ts
FN:218,(anonymous_0)
FN:240,(anonymous_1)
FN:264,(anonymous_2)
FN:318,(anonymous_3)
FN:365,(anonymous_4)
FN:375,(anonymous_5)
FN:383,(anonymous_6)
FN:427,(anonymous_7)
FN:718,(anonymous_8)
FN:845,(anonymous_9)
FN:895,(anonymous_10)
FN:951,(anonymous_11)
FN:975,(anonymous_12)
FN:993,(anonymous_13)
FN:1042,(anonymous_14)
FN:1055,(anonymous_15)
FN:1056,(anonymous_16)
FN:1061,(anonymous_17)
FN:1087,(anonymous_18)
FN:1110,(anonymous_19)
FN:1135,(anonymous_20)
FN:1169,(anonymous_21)
FN:1190,(anonymous_22)
FN:1194,(anonymous_23)
FN:1203,createConsolidatedPDFController
FNF:25
FNH:0
FNDA:0,(anonymous_0)
FNDA:0,(anonymous_1)
FNDA:0,(anonymous_2)
FNDA:0,(anonymous_3)
FNDA:0,(anonymous_4)
FNDA:0,(anonymous_5)
FNDA:0,(anonymous_6)
FNDA:0,(anonymous_7)
FNDA:0,(anonymous_8)
FNDA:0,(anonymous_9)
FNDA:0,(anonymous_10)
FNDA:0,(anonymous_11)
FNDA:0,(anonymous_12)
FNDA:0,(anonymous_13)
FNDA:0,(anonymous_14)
FNDA:0,(anonymous_15)
FNDA:0,(anonymous_16)
FNDA:0,(anonymous_17)
FNDA:0,(anonymous_18)
FNDA:0,(anonymous_19)
FNDA:0,(anonymous_20)
FNDA:0,(anonymous_21)
FNDA:0,(anonymous_22)
FNDA:0,(anonymous_23)
FNDA:0,createConsolidatedPDFController
DA:164,0
DA:198,0
DA:219,0
DA:220,0
DA:225,0
DA:226,0
DA:229,0
DA:231,0
DA:232,0
DA:241,0
DA:243,0
DA:244,0
DA:245,0
DA:249,0
DA:251,0
DA:252,0
DA:270,0
DA:272,0
DA:275,0
DA:276,0
DA:283,0
DA:284,0
DA:286,0
DA:294,0
DA:295,0
DA:297,0
DA:304,0
DA:306,0
DA:327,0
DA:328,0
DA:341,0
DA:361,0
DA:362,0
DA:363,0
DA:366,0
DA:368,0
DA:369,0
DA:376,0
DA:377,0
DA:384,0
DA:385,0
DA:387,0
DA:408,0
DA:432,0
DA:434,0
DA:436,0
DA:437,0
DA:446,0
DA:447,0
DA:448,0
DA:458,0
DA:459,0
DA:460,0
DA:461,0
DA:471,0
DA:508,0
DA:509,0
DA:520,0
DA:522,0
DA:525,0
DA:526,0
DA:529,0
DA:542,0
DA:548,0
DA:550,0
DA:552,0
DA:563,0
DA:565,0
DA:566,0
DA:567,0
DA:581,0
DA:585,0
DA:588,0
DA:589,0
DA:593,0
DA:596,0
DA:597,0
DA:598,0
DA:609,0
DA:610,0
DA:611,0
DA:612,0
DA:613,0
DA:614,0
DA:615,0
DA:619,0
DA:622,0
DA:623,0
DA:624,0
DA:629,0
DA:630,0
DA:634,0
DA:639,0
DA:641,0
DA:644,0
DA:646,0
DA:647,0
DA:648,0
DA:658,0
DA:659,0
DA:660,0
DA:661,0
DA:662,0
DA:663,0
DA:664,0
DA:668,0
DA:674,0
DA:678,0
DA:687,0
DA:693,0
DA:696,0
DA:705,0
DA:722,0
DA:724,0
DA:726,0
DA:727,0
DA:736,0
DA:737,0
DA:738,0
DA:747,0
DA:748,0
DA:749,0
DA:750,0
DA:760,0
DA:761,0
DA:762,0
DA:763,0
DA:767,0
DA:786,0
DA:787,0
DA:797,0
DA:798,0
DA:806,0
DA:815,0
DA:821,0
DA:824,0
DA:833,0
DA:849,0
DA:851,0
DA:853,0
DA:854,0
DA:863,0
DA:864,0
DA:865,0
DA:874,0
DA:875,0
DA:876,0
DA:885,0
DA:894,0
DA:895,0
DA:912,0
DA:921,0
DA:927,0
DA:930,0
DA:939,0
DA:956,0
DA:958,0
DA:960,0
DA:961,0
DA:970,0
DA:971,0
DA:973,0
DA:974,0
DA:975,0
DA:989,0
DA:990,0
DA:993,0
DA:994,0
DA:999,0
DA:1008,0
DA:1018,0
DA:1021,0
DA:1030,0
DA:1043,0
DA:1045,0
DA:1046,0
DA:1055,0
DA:1056,0
DA:1059,0
DA:1060,0
DA:1061,0
DA:1062,0
DA:1063,0
DA:1065,0
DA:1067,0
DA:1071,0
DA:1077,0
DA:1079,0
DA:1087,0
DA:1091,0
DA:1097,0
DA:1098,0
DA:1111,0
DA:1112,0
DA:1120,0
DA:1121,0
DA:1122,0
DA:1125,0
DA:1127,0
DA:1128,0
DA:1146,0
DA:1147,0
DA:1162,0
DA:1176,0
DA:1177,0
DA:1179,0
DA:1184,0
DA:1191,0
DA:1195,0
DA:1196,0
DA:1204,0
LF:211
LH:0
BRDA:225,0,0,0
BRDA:225,0,1,0
BRDA:243,1,0,0
BRDA:243,1,1,0
BRDA:244,2,0,0
BRDA:244,2,1,0
BRDA:281,3,0,0
BRDA:281,3,1,0
BRDA:283,4,0,0
BRDA:283,4,1,0
BRDA:294,5,0,0
BRDA:294,5,1,0
BRDA:331,6,0,0
BRDA:331,6,1,0
BRDA:335,7,0,0
BRDA:335,7,1,0
BRDA:336,8,0,0
BRDA:336,8,1,0
BRDA:338,9,0,0
BRDA:338,9,1,0
BRDA:416,10,0,0
BRDA:416,10,1,0
BRDA:436,11,0,0
BRDA:436,11,1,0
BRDA:436,12,0,0
BRDA:436,12,1,0
BRDA:447,13,0,0
BRDA:447,13,1,0
BRDA:458,14,0,0
BRDA:458,14,1,0
BRDA:460,15,0,0
BRDA:460,15,1,0
BRDA:474,16,0,0
BRDA:474,16,1,0
BRDA:475,17,0,0
BRDA:475,17,1,0
BRDA:477,18,0,0
BRDA:477,18,1,0
BRDA:478,19,0,0
BRDA:478,19,1,0
BRDA:481,20,0,0
BRDA:481,20,1,0
BRDA:482,21,0,0
BRDA:482,21,1,0
BRDA:491,22,0,0
BRDA:491,22,1,0
BRDA:493,23,0,0
BRDA:493,23,1,0
BRDA:494,24,0,0
BRDA:494,24,1,0
BRDA:495,25,0,0
BRDA:495,25,1,0
BRDA:498,26,0,0
BRDA:498,26,1,0
BRDA:501,27,0,0
BRDA:501,27,1,0
BRDA:508,28,0,0
BRDA:508,28,1,0
BRDA:508,29,0,0
BRDA:508,29,1,0
BRDA:520,30,0,0
BRDA:520,30,1,0
BRDA:525,31,0,0
BRDA:525,31,1,0
BRDA:550,32,0,0
BRDA:550,32,1,0
BRDA:565,33,0,0
BRDA:565,33,1,0
BRDA:588,34,0,0
BRDA:588,34,1,0
BRDA:588,35,0,0
BRDA:588,35,1,0
BRDA:593,36,0,0
BRDA:593,36,1,0
BRDA:596,37,0,0
BRDA:596,37,1,0
BRDA:602,38,0,0
BRDA:602,38,1,0
BRDA:609,39,0,0
BRDA:609,39,1,0
BRDA:609,40,0,0
BRDA:609,40,1,0
BRDA:622,41,0,0
BRDA:622,41,1,0
BRDA:622,42,0,0
BRDA:622,42,1,0
BRDA:626,43,0,0
BRDA:626,43,1,0
BRDA:634,44,0,0
BRDA:634,44,1,0
BRDA:634,44,2,0
BRDA:634,44,3,0
BRDA:639,45,0,0
BRDA:639,45,1,0
BRDA:641,46,0,0
BRDA:641,46,1,0
BRDA:652,47,0,0
BRDA:652,47,1,0
BRDA:653,48,0,0
BRDA:653,48,1,0
BRDA:658,49,0,0
BRDA:658,49,1,0
BRDA:658,50,0,0
BRDA:658,50,1,0
BRDA:668,51,0,0
BRDA:668,51,1,0
BRDA:668,52,0,0
BRDA:668,52,1,0
BRDA:709,53,0,0
BRDA:709,53,1,0
BRDA:726,54,0,0
BRDA:726,54,1,0
BRDA:726,55,0,0
BRDA:726,55,1,0
BRDA:737,56,0,0
BRDA:737,56,1,0
BRDA:747,57,0,0
BRDA:747,57,1,0
BRDA:749,58,0,0
BRDA:749,58,1,0
BRDA:763,59,0,0
BRDA:763,59,1,0
BRDA:764,60,0,0
BRDA:764,60,1,0
BRDA:769,61,0,0
BRDA:769,61,1,0
BRDA:769,62,0,0
BRDA:769,62,1,0
BRDA:769,62,2,0
BRDA:780,63,0,0
BRDA:780,63,1,0
BRDA:781,64,0,0
BRDA:781,64,1,0
BRDA:786,65,0,0
BRDA:786,65,1,0
BRDA:797,66,0,0
BRDA:797,66,1,0
BRDA:853,67,0,0
BRDA:853,67,1,0
BRDA:853,68,0,0
BRDA:853,68,1,0
BRDA:864,69,0,0
BRDA:864,69,1,0
BRDA:874,70,0,0
BRDA:874,70,1,0
BRDA:875,71,0,0
BRDA:875,71,1,0
BRDA:888,72,0,0
BRDA:888,72,1,0
BRDA:889,73,0,0
BRDA:889,73,1,0
BRDA:890,74,0,0
BRDA:890,74,1,0
BRDA:901,75,0,0
BRDA:901,75,1,0
BRDA:902,76,0,0
BRDA:902,76,1,0
BRDA:903,77,0,0
BRDA:903,77,1,0
BRDA:904,78,0,0
BRDA:904,78,1,0
BRDA:960,79,0,0
BRDA:960,79,1,0
BRDA:960,80,0,0
BRDA:960,80,1,0
BRDA:970,81,0,0
BRDA:970,81,1,0
BRDA:982,82,0,0
BRDA:982,82,1,0
BRDA:993,83,0,0
BRDA:993,83,1,0
BRDA:993,84,0,0
BRDA:993,84,1,0
BRDA:1045,85,0,0
BRDA:1045,85,1,0
BRDA:1045,86,0,0
BRDA:1045,86,1,0
BRDA:1060,87,0,0
BRDA:1060,87,1,0
BRDA:1062,88,0,0
BRDA:1062,88,1,0
BRDA:1062,89,0,0
BRDA:1062,89,1,0
BRDA:1084,90,0,0
BRDA:1084,90,1,0
BRDA:1086,91,0,0
BRDA:1086,91,1,0
BRDA:1087,92,0,0
BRDA:1087,92,1,0
BRDA:1120,93,0,0
BRDA:1120,93,1,0
BRDA:1120,94,0,0
BRDA:1120,94,1,0
BRF:193
BRH:0
end_of_record
TN:
SF:src\api\controllers\visualSearchController.ts
FN:114,(anonymous_0)
FN:129,(anonymous_1)
FN:209,(anonymous_2)
FN:288,(anonymous_3)
FN:369,(anonymous_4)
FN:443,(anonymous_5)
FN:507,(anonymous_6)
FN:121,(anonymous_7)
FN:531,(anonymous_8)
FNF:9
FNH:0
FNDA:0,(anonymous_0)
FNDA:0,(anonymous_1)
FNDA:0,(anonymous_2)
FNDA:0,(anonymous_3)
FNDA:0,(anonymous_4)
FNDA:0,(anonymous_5)
FNDA:0,(anonymous_6)
FNDA:0,(anonymous_7)
FNDA:0,(anonymous_8)
DA:112,0
DA:115,0
DA:122,0
DA:129,0
DA:130,0
DA:131,0
DA:134,0
DA:135,0
DA:139,0
DA:143,0
DA:144,0
DA:148,0
DA:152,0
DA:166,0
DA:177,0
DA:178,0
DA:179,0
DA:184,0
DA:188,0
DA:196,0
DA:197,0
DA:209,0
DA:210,0
DA:211,0
DA:214,0
DA:215,0
DA:219,0
DA:223,0
DA:224,0
DA:228,0
DA:232,0
DA:245,0
DA:256,0
DA:257,0
DA:258,0
DA:263,0
DA:267,0
DA:275,0
DA:276,0
DA:288,0
DA:289,0
DA:290,0
DA:293,0
DA:294,0
DA:298,0
DA:302,0
DA:303,0
DA:307,0
DA:311,0
DA:326,0
DA:337,0
DA:338,0
DA:339,0
DA:344,0
DA:348,0
DA:356,0
DA:357,0
DA:369,0
DA:370,0
DA:371,0
DA:374,0
DA:375,0
DA:379,0
DA:383,0
DA:384,0
DA:388,0
DA:392,0
DA:400,0
DA:411,0
DA:412,0
DA:413,0
DA:418,0
DA:422,0
DA:430,0
DA:431,0
DA:443,0
DA:444,0
DA:445,0
DA:448,0
DA:449,0
DA:453,0
DA:457,0
DA:465,0
DA:476,0
DA:477,0
DA:478,0
DA:483,0
DA:487,0
DA:494,0
DA:495,0
DA:507,0
DA:508,0
DA:510,0
DA:517,0
DA:519,0
DA:532,0
DA:535,0
DA:536,0
DA:539,0
DA:540,0
DA:545,0
DA:546,0
DA:549,0
DA:550,0
DA:554,0
LF:105
LH:0
BRDA:134,0,0,0
BRDA:134,0,1,0
BRDA:143,1,0,0
BRDA:143,1,1,0
BRDA:153,2,0,0
BRDA:153,2,1,0
BRDA:155,3,0,0
BRDA:155,3,1,0
BRDA:156,4,0,0
BRDA:156,4,1,0
BRDA:157,5,0,0
BRDA:157,5,1,0
BRDA:177,6,0,0
BRDA:177,6,1,0
BRDA:214,7,0,0
BRDA:214,7,1,0
BRDA:223,8,0,0
BRDA:223,8,1,0
BRDA:233,9,0,0
BRDA:233,9,1,0
BRDA:235,10,0,0
BRDA:235,10,1,0
BRDA:236,11,0,0
BRDA:236,11,1,0
BRDA:237,12,0,0
BRDA:237,12,1,0
BRDA:256,13,0,0
BRDA:256,13,1,0
BRDA:293,14,0,0
BRDA:293,14,1,0
BRDA:293,15,0,0
BRDA:293,15,1,0
BRDA:302,16,0,0
BRDA:302,16,1,0
BRDA:313,17,0,0
BRDA:313,17,1,0
BRDA:314,18,0,0
BRDA:314,18,1,0
BRDA:315,19,0,0
BRDA:315,19,1,0
BRDA:316,20,0,0
BRDA:316,20,1,0
BRDA:317,21,0,0
BRDA:317,21,1,0
BRDA:337,22,0,0
BRDA:337,22,1,0
BRDA:374,23,0,0
BRDA:374,23,1,0
BRDA:374,24,0,0
BRDA:374,24,1,0
BRDA:383,25,0,0
BRDA:383,25,1,0
BRDA:395,26,0,0
BRDA:395,26,1,0
BRDA:396,27,0,0
BRDA:396,27,1,0
BRDA:411,28,0,0
BRDA:411,28,1,0
BRDA:448,29,0,0
BRDA:448,29,1,0
BRDA:461,30,0,0
BRDA:461,30,1,0
BRDA:476,31,0,0
BRDA:476,31,1,0
BRDA:514,32,0,0
BRDA:514,32,1,0
BRDA:115,33,0,0
BRDA:115,33,1,0
BRDA:535,34,0,0
BRDA:535,34,1,0
BRDA:536,35,0,0
BRDA:536,35,1,0
BRDA:539,36,0,0
BRDA:539,36,1,0
BRDA:545,37,0,0
BRDA:545,37,1,0
BRDA:546,38,0,0
BRDA:546,38,1,0
BRDA:549,39,0,0
BRDA:549,39,1,0
BRF:80
BRH:0
end_of_record
TN:
SF:src\components\3D\Designer3DPage.tsx
FN:17,(anonymous_0)
FN:36,(anonymous_1)
FN:37,(anonymous_2)
FN:97,(anonymous_3)
FN:111,(anonymous_4)
FN:118,(anonymous_5)
FN:123,(anonymous_6)
FN:143,(anonymous_7)
FN:298,(anonymous_8)
FN:302,(anonymous_9)
FN:329,(anonymous_10)
FN:337,(anonymous_11)
FN:389,(anonymous_12)
FN:390,(anonymous_13)
FN:433,(anonymous_14)
FN:438,(anonymous_15)
FN:448,(anonymous_16)
FN:484,(anonymous_17)
FN:502,(anonymous_18)
FN:513,(anonymous_19)
FN:572,(anonymous_20)
FN:588,(anonymous_21)
FN:629,(anonymous_22)
FN:633,(anonymous_23)
FN:639,(anonymous_24)
FN:642,(anonymous_25)
FN:660,(anonymous_26)
FN:724,(anonymous_27)
FN:734,(anonymous_28)
FN:736,(anonymous_29)
FN:738,(anonymous_30)
FN:747,(anonymous_31)
FN:787,(anonymous_32)
FNF:33
FNH:0
FNDA:0,(anonymous_0)
FNDA:0,(anonymous_1)
FNDA:0,(anonymous_2)
FNDA:0,(anonymous_3)
FNDA:0,(anonymous_4)
FNDA:0,(anonymous_5)
FNDA:0,(anonymous_6)
FNDA:0,(anonymous_7)
FNDA:0,(anonymous_8)
FNDA:0,(anonymous_9)
FNDA:0,(anonymous_10)
FNDA:0,(anonymous_11)
FNDA:0,(anonymous_12)
FNDA:0,(anonymous_13)
FNDA:0,(anonymous_14)
FNDA:0,(anonymous_15)
FNDA:0,(anonymous_16)
FNDA:0,(anonymous_17)
FNDA:0,(anonymous_18)
FNDA:0,(anonymous_19)
FNDA:0,(anonymous_20)
FNDA:0,(anonymous_21)
FNDA:0,(anonymous_22)
FNDA:0,(anonymous_23)
FNDA:0,(anonymous_24)
FNDA:0,(anonymous_25)
FNDA:0,(anonymous_26)
FNDA:0,(anonymous_27)
FNDA:0,(anonymous_28)
FNDA:0,(anonymous_29)
FNDA:0,(anonymous_30)
FNDA:0,(anonymous_31)
FNDA:0,(anonymous_32)
DA:17,0
DA:18,0
DA:19,0
DA:20,0
DA:21,0
DA:22,0
DA:23,0
DA:24,0
DA:25,0
DA:26,0
DA:27,0
DA:28,0
DA:31,0
DA:32,0
DA:33,0
DA:36,0
DA:37,0
DA:38,0
DA:39,0
DA:40,0
DA:44,0
DA:48,0
DA:52,0
DA:66,0
DA:68,0
DA:73,0
DA:78,0
DA:97,0
DA:98,0
DA:99,0
DA:100,0
DA:101,0
DA:106,0
DA:109,0
DA:110,0
DA:111,0
DA:112,0
DA:114,0
DA:118,0
DA:119,0
DA:120,0
DA:123,0
DA:124,0
DA:125,0
DA:126,0
DA:128,0
DA:132,0
DA:133,0
DA:136,0
DA:140,0
DA:143,0
DA:145,0
DA:146,0
DA:154,0
DA:155,0
DA:156,0
DA:161,0
DA:164,0
DA:165,0
DA:166,0
DA:168,0
DA:172,0
DA:173,0
DA:177,0
DA:178,0
DA:182,0
DA:190,0
DA:200,0
DA:202,0
DA:203,0
DA:206,0
DA:207,0
DA:212,0
DA:213,0
DA:220,0
DA:222,0
DA:229,0
DA:230,0
DA:231,0
DA:234,0
DA:235,0
DA:236,0
DA:240,0
DA:241,0
DA:242,0
DA:245,0
DA:254,0
DA:260,0
DA:261,0
DA:262,0
DA:263,0
DA:266,0
DA:268,0
DA:269,0
DA:271,0
DA:272,0
DA:273,0
DA:274,0
DA:277,0
DA:281,0
DA:284,0
DA:287,0
DA:288,0
DA:293,0
DA:294,0
DA:298,0
DA:299,0
DA:300,0
DA:302,0
DA:303,0
DA:312,0
DA:313,0
DA:315,0
DA:316,0
DA:317,0
DA:320,0
DA:323,0
DA:325,0
DA:327,0
DA:328,0
DA:329,0
DA:330,0
DA:331,0
DA:332,0
DA:337,0
DA:339,0
DA:340,0
DA:343,0
DA:344,0
DA:346,0
DA:347,0
DA:348,0
DA:353,0
DA:356,0
DA:357,0
DA:358,0
DA:359,0
DA:364,0
DA:366,0
DA:367,0
DA:368,0
DA:369,0
DA:370,0
DA:374,0
DA:381,0
DA:382,0
DA:386,0
DA:387,0
DA:388,0
DA:389,0
DA:390,0
DA:392,0
DA:394,0
DA:395,0
DA:396,0
DA:397,0
DA:399,0
DA:403,0
DA:406,0
DA:407,0
DA:411,0
DA:412,0
DA:413,0
DA:415,0
DA:418,0
DA:419,0
DA:420,0
DA:421,0
DA:429,0
DA:433,0
DA:434,0
DA:435,0
DA:438,0
DA:439,0
DA:440,0
DA:441,0
DA:442,0
DA:446,0
DA:448,0
DA:449,0
DA:451,0
DA:452,0
DA:453,0
DA:454,0
DA:455,0
DA:456,0
DA:457,0
DA:460,0
DA:485,0
DA:492,0
DA:493,0
DA:503,0
DA:513,0
DA:573,0
DA:589,0
DA:630,0
DA:633,0
DA:640,0
DA:643,0
DA:648,0
DA:660,0
DA:724,0
DA:734,0
DA:738,0
DA:739,0
DA:740,0
DA:741,0
DA:744,0
DA:745,0
DA:746,0
DA:747,0
DA:748,0
DA:751,0
DA:752,0
DA:753,0
DA:754,0
DA:755,0
DA:760,0
DA:761,0
DA:762,0
DA:763,0
DA:764,0
DA:765,0
DA:766,0
DA:771,0
DA:772,0
DA:773,0
DA:774,0
DA:775,0
DA:777,0
DA:780,0
DA:783,0
DA:787,0
DA:790,0
DA:791,0
DA:792,0
LF:236
LH:0
BRDA:39,0,0,0
BRDA:39,0,1,0
BRDA:99,1,0,0
BRDA:99,1,1,0
BRDA:100,2,0,0
BRDA:100,2,1,0
BRDA:132,3,0,0
BRDA:132,3,1,0
BRDA:154,4,0,0
BRDA:154,4,1,0
BRDA:166,5,0,0
BRDA:166,5,1,0
BRDA:172,6,0,0
BRDA:172,6,1,0
BRDA:200,7,0,0
BRDA:200,7,1,0
BRDA:220,8,0,0
BRDA:220,8,1,0
BRDA:229,9,0,0
BRDA:229,9,1,0
BRDA:234,10,0,0
BRDA:234,10,1,0
BRDA:234,11,0,0
BRDA:234,11,1,0
BRDA:241,12,0,0
BRDA:241,12,1,0
BRDA:249,13,0,0
BRDA:249,13,1,0
BRDA:250,14,0,0
BRDA:250,14,1,0
BRDA:251,15,0,0
BRDA:251,15,1,0
BRDA:268,16,0,0
BRDA:268,16,1,0
BRDA:268,17,0,0
BRDA:268,17,1,0
BRDA:269,18,0,0
BRDA:269,18,1,0
BRDA:284,19,0,0
BRDA:284,19,1,0
BRDA:290,20,0,0
BRDA:290,20,1,0
BRDA:315,21,0,0
BRDA:315,21,1,0
BRDA:325,22,0,0
BRDA:325,22,1,0
BRDA:325,23,0,0
BRDA:325,23,1,0
BRDA:325,23,2,0
BRDA:325,23,3,0
BRDA:344,24,0,0
BRDA:344,24,1,0
BRDA:344,25,0,0
BRDA:344,25,1,0
BRDA:353,26,0,0
BRDA:353,26,1,0
BRDA:353,27,0,0
BRDA:353,27,1,0
BRDA:357,28,0,0
BRDA:357,28,1,0
BRDA:364,29,0,0
BRDA:364,29,1,0
BRDA:364,30,0,0
BRDA:364,30,1,0
BRDA:368,31,0,0
BRDA:368,31,1,0
BRDA:377,32,0,0
BRDA:377,32,1,0
BRDA:388,33,0,0
BRDA:388,33,1,0
BRDA:401,34,0,0
BRDA:401,34,1,0
BRDA:406,35,0,0
BRDA:406,35,1,0
BRDA:406,36,0,0
BRDA:406,36,1,0
BRDA:407,37,0,0
BRDA:407,37,1,0
BRDA:412,38,0,0
BRDA:412,38,1,0
BRDA:423,39,0,0
BRDA:423,39,1,0
BRDA:439,40,0,0
BRDA:439,40,1,0
BRDA:439,41,0,0
BRDA:439,41,1,0
BRDA:441,42,0,0
BRDA:441,42,1,0
BRDA:441,43,0,0
BRDA:441,43,1,0
BRDA:448,44,0,0
BRDA:449,45,0,0
BRDA:449,45,1,0
BRDA:449,46,0,0
BRDA:449,46,1,0
BRDA:454,47,0,0
BRDA:454,47,1,0
BRDA:524,48,0,0
BRDA:524,48,1,0
BRDA:600,49,0,0
BRDA:600,49,1,0
BRDA:600,49,2,0
BRDA:603,50,0,0
BRDA:603,50,1,0
BRDA:603,51,0,0
BRDA:603,51,1,0
BRDA:606,52,0,0
BRDA:606,52,1,0
BRDA:619,53,0,0
BRDA:619,53,1,0
BRDA:654,54,0,0
BRDA:654,54,1,0
BRDA:675,55,0,0
BRDA:675,55,1,0
BRDA:684,56,0,0
BRDA:684,56,1,0
BRDA:690,57,0,0
BRDA:690,57,1,0
BRDA:700,58,0,0
BRDA:700,58,1,0
BRDA:701,59,0,0
BRDA:701,59,1,0
BRDA:707,60,0,0
BRDA:707,60,1,0
BRDA:731,61,0,0
BRDA:731,61,1,0
BRDA:745,62,0,0
BRDA:745,62,1,0
BRDA:746,63,0,0
BRDA:746,63,1,0
BRDA:748,64,0,0
BRDA:748,64,1,0
BRDA:748,64,2,0
BRDA:748,64,3,0
BRDA:751,65,0,0
BRDA:751,65,1,0
BRDA:760,66,0,0
BRDA:760,66,1,0
BRDA:762,67,0,0
BRDA:762,67,1,0
BRDA:772,68,0,0
BRDA:772,68,1,0
BRDA:772,69,0,0
BRDA:772,69,1,0
BRF:144
BRH:0
end_of_record
TN:
SF:src\components\3D\GenerationWorkflowModal.tsx
FN:31,(anonymous_0)
FN:60,(anonymous_1)
FN:151,(anonymous_2)
FN:154,(anonymous_3)
FN:222,(anonymous_4)
FN:226,(anonymous_5)
FN:227,(anonymous_6)
FN:230,(anonymous_7)
FN:232,(anonymous_8)
FN:258,(anonymous_9)
FN:261,(anonymous_10)
FN:269,(anonymous_11)
FN:284,(anonymous_12)
FN:300,(anonymous_13)
FN:305,(anonymous_14)
FN:310,(anonymous_15)
FN:316,(anonymous_16)
FN:317,(anonymous_17)
FN:330,(anonymous_18)
FN:331,(anonymous_19)
FN:338,(anonymous_20)
FN:424,(anonymous_21)
FN:441,(anonymous_22)
FN:490,(anonymous_23)
FN:540,(anonymous_24)
FN:540,(anonymous_25)
FN:540,(anonymous_26)
FNF:27
FNH:0
FNDA:0,(anonymous_0)
FNDA:0,(anonymous_1)
FNDA:0,(anonymous_2)
FNDA:0,(anonymous_3)
FNDA:0,(anonymous_4)
FNDA:0,(anonymous_5)
FNDA:0,(anonymous_6)
FNDA:0,(anonymous_7)
FNDA:0,(anonymous_8)
FNDA:0,(anonymous_9)
FNDA:0,(anonymous_10)
FNDA:0,(anonymous_11)
FNDA:0,(anonymous_12)
FNDA:0,(anonymous_13)
FNDA:0,(anonymous_14)
FNDA:0,(anonymous_15)
FNDA:0,(anonymous_16)
FNDA:0,(anonymous_17)
FNDA:0,(anonymous_18)
FNDA:0,(anonymous_19)
FNDA:0,(anonymous_20)
FNDA:0,(anonymous_21)
FNDA:0,(anonymous_22)
FNDA:0,(anonymous_23)
FNDA:0,(anonymous_24)
FNDA:0,(anonymous_25)
FNDA:0,(anonymous_26)
DA:31,0
DA:37,0
DA:38,0
DA:39,0
DA:40,0
DA:41,0
DA:42,0
DA:43,0
DA:44,0
DA:45,0
DA:48,0
DA:49,0
DA:50,0
DA:54,0
DA:57,0
DA:60,0
DA:61,0
DA:64,0
DA:65,0
DA:72,0
DA:74,0
DA:110,0
DA:111,0
DA:147,0
DA:151,0
DA:152,0
DA:154,0
DA:155,0
DA:156,0
DA:157,0
DA:160,0
DA:161,0
DA:166,0
DA:172,0
DA:173,0
DA:174,0
DA:175,0
DA:178,0
DA:179,0
DA:180,0
DA:183,0
DA:184,0
DA:185,0
DA:186,0
DA:191,0
DA:192,0
DA:193,0
DA:194,0
DA:195,0
DA:196,0
DA:199,0
DA:200,0
DA:201,0
DA:202,0
DA:203,0
DA:204,0
DA:209,0
DA:210,0
DA:212,0
DA:217,0
DA:220,0
DA:222,0
DA:226,0
DA:227,0
DA:228,0
DA:230,0
DA:231,0
DA:232,0
DA:233,0
DA:235,0
DA:236,0
DA:237,0
DA:240,0
DA:241,0
DA:242,0
DA:258,0
DA:259,0
DA:261,0
DA:262,0
DA:263,0
DA:265,0
DA:269,0
DA:270,0
DA:272,0
DA:274,0
DA:276,0
DA:278,0
DA:280,0
DA:284,0
DA:285,0
DA:287,0
DA:289,0
DA:291,0
DA:293,0
DA:295,0
DA:300,0
DA:301,0
DA:302,0
DA:305,0
DA:306,0
DA:307,0
DA:310,0
DA:311,0
DA:312,0
DA:313,0
DA:314,0
DA:316,0
DA:317,0
DA:319,0
DA:320,0
DA:326,0
DA:327,0
DA:330,0
DA:331,0
DA:338,0
DA:339,0
DA:341,0
DA:342,0
DA:343,0
DA:344,0
DA:345,0
DA:346,0
DA:347,0
DA:348,0
DA:351,0
DA:354,0
DA:358,0
DA:424,0
DA:442,0
DA:490,0
DA:540,0
LF:131
LH:0
BRDA:61,0,0,0
BRDA:61,0,1,0
BRDA:66,1,0,0
BRDA:66,1,1,0
BRDA:66,1,2,0
BRDA:66,1,3,0
BRDA:110,2,0,0
BRDA:110,2,1,0
BRDA:152,3,0,0
BRDA:152,3,1,0
BRDA:152,4,0,0
BRDA:152,4,1,0
BRDA:172,5,0,0
BRDA:172,5,1,0
BRDA:178,6,0,0
BRDA:178,6,1,0
BRDA:183,7,0,0
BRDA:183,7,1,0
BRDA:183,8,0,0
BRDA:183,8,1,0
BRDA:183,8,2,0
BRDA:185,9,0,0
BRDA:185,9,1,0
BRDA:191,10,0,0
BRDA:191,10,1,0
BRDA:195,11,0,0
BRDA:195,11,1,0
BRDA:195,12,0,0
BRDA:195,12,1,0
BRDA:199,13,0,0
BRDA:199,13,1,0
BRDA:203,14,0,0
BRDA:203,14,1,0
BRDA:210,15,0,0
BRDA:210,15,1,0
BRDA:233,16,0,0
BRDA:233,16,1,0
BRDA:236,17,0,0
BRDA:236,17,1,0
BRDA:241,18,0,0
BRDA:241,18,1,0
BRDA:247,19,0,0
BRDA:247,19,1,0
BRDA:247,20,0,0
BRDA:247,20,1,0
BRDA:248,21,0,0
BRDA:248,21,1,0
BRDA:248,22,0,0
BRDA:248,22,1,0
BRDA:249,23,0,0
BRDA:249,23,1,0
BRDA:249,24,0,0
BRDA:249,24,1,0
BRDA:250,25,0,0
BRDA:250,25,1,0
BRDA:250,26,0,0
BRDA:250,26,1,0
BRDA:251,27,0,0
BRDA:251,27,1,0
BRDA:251,28,0,0
BRDA:251,28,1,0
BRDA:259,29,0,0
BRDA:259,29,1,0
BRDA:261,30,0,0
BRDA:261,30,1,0
BRDA:270,31,0,0
BRDA:270,31,1,0
BRDA:270,31,2,0
BRDA:270,31,3,0
BRDA:270,31,4,0
BRDA:285,32,0,0
BRDA:285,32,1,0
BRDA:285,32,2,0
BRDA:285,32,3,0
BRDA:285,32,4,0
BRDA:339,33,0,0
BRDA:339,33,1,0
BRDA:339,34,0,0
BRDA:339,34,1,0
BRDA:351,35,0,0
BRDA:351,35,1,0
BRDA:351,35,2,0
BRDA:374,36,0,0
BRDA:374,36,1,0
BRDA:399,37,0,0
BRDA:399,37,1,0
BRDA:399,38,0,0
BRDA:399,38,1,0
BRDA:400,39,0,0
BRDA:400,39,1,0
BRDA:400,40,0,0
BRDA:400,40,1,0
BRDA:411,41,0,0
BRDA:411,41,1,0
BRDA:423,42,0,0
BRDA:423,42,1,0
BRDA:428,43,0,0
BRDA:428,43,1,0
BRDA:453,44,0,0
BRDA:453,44,1,0
BRDA:462,45,0,0
BRDA:462,45,1,0
BRDA:472,46,0,0
BRDA:472,46,1,0
BRDA:487,47,0,0
BRDA:487,47,1,0
BRDA:489,48,0,0
BRDA:489,48,1,0
BRDA:494,49,0,0
BRDA:494,49,1,0
BRDA:501,50,0,0
BRDA:501,50,1,0
BRDA:507,51,0,0
BRDA:507,51,1,0
BRDA:530,52,0,0
BRDA:530,52,1,0
BRDA:531,53,0,0
BRDA:531,53,1,0
BRDA:544,54,0,0
BRDA:544,54,1,0
BRF:120
BRH:0
end_of_record
TN:
SF:src\components\3D\ImageModal.tsx
FN:15,(anonymous_0)
FN:24,(anonymous_1)
FN:65,(anonymous_2)
FN:73,(anonymous_3)
FNF:4
FNH:0
FNDA:0,(anonymous_0)
FNDA:0,(anonymous_1)
FNDA:0,(anonymous_2)
FNDA:0,(anonymous_3)
DA:15,0
DA:22,0
DA:24,0
DA:25,0
DA:27,0
DA:28,0
DA:29,0
DA:30,0
DA:31,0
DA:32,0
DA:35,0
DA:37,0
DA:65,0
DA:73,0
LF:14
LH:0
BRDA:25,0,0,0
BRDA:25,0,1,0
BRDA:35,1,0,0
BRDA:35,1,1,0
BRDA:62,2,0,0
BRDA:62,2,1,0
BRF:6
BRH:0
end_of_record
TN:
SF:src\components\3D\ThreeJsViewer.tsx
FN:17,(anonymous_0)
FN:31,(anonymous_1)
FN:44,(anonymous_2)
FN:79,(anonymous_3)
FNF:4
FNH:0
FNDA:0,(anonymous_0)
FNDA:0,(anonymous_1)
FNDA:0,(anonymous_2)
FNDA:0,(anonymous_3)
DA:17,0
DA:20,0
DA:31,0
DA:32,0
DA:34,0
DA:44,0
DA:45,0
DA:79,0
DA:85,0
LF:9
LH:0
BRDA:56,0,0,0
BRDA:56,0,1,0
BRDA:58,1,0,0
BRDA:58,1,1,0
BRDA:83,2,0,0
BRDA:91,3,0,0
BRDA:91,3,1,0
BRDA:92,4,0,0
BRDA:92,4,1,0
BRDA:93,5,0,0
BRDA:93,5,1,0
BRF:11
BRH:0
end_of_record
TN:
SF:src\components\AI\AIStudioPage.tsx
FN:69,(anonymous_0)
FN:83,(anonymous_1)
FN:84,(anonymous_2)
FN:96,(anonymous_3)
FN:105,(anonymous_4)
FN:121,(anonymous_5)
FN:122,(anonymous_6)
FN:166,(anonymous_7)
FN:167,(anonymous_8)
FN:167,(anonymous_9)
FN:170,(anonymous_10)
FN:188,(anonymous_11)
FN:226,(anonymous_12)
FN:257,(anonymous_13)
FN:283,(anonymous_14)
FN:300,(anonymous_15)
FN:346,(anonymous_16)
FN:418,(anonymous_17)
FN:497,(anonymous_18)
FN:502,(anonymous_19)
FN:530,(anonymous_20)
FN:532,(anonymous_21)
FN:542,(anonymous_22)
FN:546,(anonymous_23)
FN:547,(anonymous_24)
FNF:25
FNH:0
FNDA:0,(anonymous_0)
FNDA:0,(anonymous_1)
FNDA:0,(anonymous_2)
FNDA:0,(anonymous_3)
FNDA:0,(anonymous_4)
FNDA:0,(anonymous_5)
FNDA:0,(anonymous_6)
FNDA:0,(anonymous_7)
FNDA:0,(anonymous_8)
FNDA:0,(anonymous_9)
FNDA:0,(anonymous_10)
FNDA:0,(anonymous_11)
FNDA:0,(anonymous_12)
FNDA:0,(anonymous_13)
FNDA:0,(anonymous_14)
FNDA:0,(anonymous_15)
FNDA:0,(anonymous_16)
FNDA:0,(anonymous_17)
FNDA:0,(anonymous_18)
FNDA:0,(anonymous_19)
FNDA:0,(anonymous_20)
FNDA:0,(anonymous_21)
FNDA:0,(anonymous_22)
FNDA:0,(anonymous_23)
FNDA:0,(anonymous_24)
DA:69,0
DA:70,0
DA:71,0
DA:72,0
DA:73,0
DA:74,0
DA:75,0
DA:76,0
DA:77,0
DA:79,0
DA:83,0
DA:84,0
DA:85,0
DA:88,0
DA:89,0
DA:96,0
DA:99,0
DA:105,0
DA:106,0
DA:107,0
DA:112,0
DA:115,0
DA:116,0
DA:117,0
DA:119,0
DA:121,0
DA:122,0
DA:123,0
DA:124,0
DA:125,0
DA:127,0
DA:131,0
DA:136,0
DA:142,0
DA:143,0
DA:144,0
DA:145,0
DA:147,0
DA:153,0
DA:154,0
DA:159,0
DA:161,0
DA:162,0
DA:166,0
DA:167,0
DA:170,0
DA:171,0
DA:178,0
DA:189,0
DA:226,0
DA:227,0
DA:229,0
DA:231,0
DA:258,0
DA:284,0
DA:301,0
DA:347,0
DA:418,0
DA:432,0
DA:498,0
DA:502,0
DA:531,0
DA:532,0
DA:543,0
DA:547,0
LF:65
LH:0
BRDA:85,0,0,0
BRDA:85,0,1,0
BRDA:88,1,0,0
BRDA:88,1,1,0
BRDA:106,2,0,0
BRDA:106,2,1,0
BRDA:106,3,0,0
BRDA:106,3,1,0
BRDA:123,4,0,0
BRDA:123,4,1,0
BRDA:156,5,0,0
BRDA:156,5,1,0
BRDA:172,6,0,0
BRDA:172,6,1,0
BRDA:172,7,0,0
BRDA:172,7,1,0
BRDA:173,8,0,0
BRDA:173,8,1,0
BRDA:173,9,0,0
BRDA:173,9,1,0
BRDA:174,10,0,0
BRDA:174,10,1,0
BRDA:174,11,0,0
BRDA:174,11,1,0
BRDA:175,12,0,0
BRDA:175,12,1,0
BRDA:175,13,0,0
BRDA:175,13,1,0
BRDA:190,14,0,0
BRDA:190,14,1,0
BRDA:191,15,0,0
BRDA:191,15,1,0
BRDA:197,16,0,0
BRDA:197,16,1,0
BRDA:198,17,0,0
BRDA:198,17,1,0
BRDA:204,18,0,0
BRDA:204,18,1,0
BRDA:205,19,0,0
BRDA:205,19,1,0
BRDA:227,20,0,0
BRDA:227,20,1,0
BRDA:249,21,0,0
BRDA:249,21,1,0
BRDA:253,22,0,0
BRDA:253,22,1,0
BRDA:280,23,0,0
BRDA:280,23,1,0
BRDA:285,24,0,0
BRDA:285,24,1,0
BRDA:296,25,0,0
BRDA:296,25,1,0
BRDA:319,26,0,0
BRDA:319,26,1,0
BRDA:343,27,0,0
BRDA:343,27,1,0
BRDA:367,28,0,0
BRDA:367,28,1,0
BRDA:380,29,0,0
BRDA:380,29,1,0
BRDA:386,30,0,0
BRDA:386,30,1,0
BRDA:392,31,0,0
BRDA:392,31,1,0
BRDA:404,32,0,0
BRDA:404,32,1,0
BRDA:475,33,0,0
BRDA:475,33,1,0
BRDA:480,34,0,0
BRDA:480,34,1,0
BRDA:493,35,0,0
BRDA:493,35,1,0
BRDA:545,36,0,0
BRDA:545,36,1,0
BRDA:562,37,0,0
BRDA:562,37,1,0
BRDA:562,37,2,0
BRDA:574,38,0,0
BRDA:574,38,1,0
BRDA:574,38,2,0
BRF:80
BRH:0
end_of_record
TN:
SF:src\components\AI\MaterialAgentSearchInterface.tsx
FN:213,(anonymous_0)
FN:222,(anonymous_1)
FN:244,(anonymous_2)
FN:260,(anonymous_3)
FN:265,(anonymous_4)
FN:269,(anonymous_5)
FN:303,(anonymous_6)
FN:305,(anonymous_7)
FN:309,(anonymous_8)
FN:319,(anonymous_9)
FN:320,(anonymous_10)
FN:321,(anonymous_11)
FN:325,(anonymous_12)
FN:329,(anonymous_13)
FN:340,(anonymous_14)
FN:373,(anonymous_15)
FN:401,(anonymous_16)
FN:408,(anonymous_17)
FN:429,(anonymous_18)
FN:432,(anonymous_19)
FN:466,(anonymous_20)
FN:514,(anonymous_21)
FN:647,(anonymous_22)
FN:698,(anonymous_23)
FN:720,(anonymous_24)
FN:732,(anonymous_25)
FN:736,(anonymous_26)
FN:742,(anonymous_27)
FN:769,(anonymous_28)
FN:855,(anonymous_29)
FN:858,(anonymous_30)
FN:888,(anonymous_31)
FN:891,(anonymous_32)
FN:939,(anonymous_33)
FN:942,(anonymous_34)
FN:988,(anonymous_35)
FN:993,(anonymous_36)
FN:1037,(anonymous_37)
FN:1046,(anonymous_38)
FN:1065,(anonymous_39)
FN:1077,(anonymous_40)
FN:1077,(anonymous_41)
FN:1090,(anonymous_42)
FN:1090,(anonymous_43)
FN:1109,(anonymous_44)
FN:1109,(anonymous_45)
FN:1119,(anonymous_46)
FN:1119,(anonymous_47)
FN:1132,(anonymous_48)
FN:1132,(anonymous_49)
FN:1150,(anonymous_50)
FN:1157,(anonymous_51)
FN:1164,(anonymous_52)
FN:1171,(anonymous_53)
FN:1187,(anonymous_54)
FN:1201,(anonymous_55)
FN:1213,(anonymous_56)
FN:1225,(anonymous_57)
FN:1284,(anonymous_58)
FNF:59
FNH:0
FNDA:0,(anonymous_0)
FNDA:0,(anonymous_1)
FNDA:0,(anonymous_2)
FNDA:0,(anonymous_3)
FNDA:0,(anonymous_4)
FNDA:0,(anonymous_5)
FNDA:0,(anonymous_6)
FNDA:0,(anonymous_7)
FNDA:0,(anonymous_8)
FNDA:0,(anonymous_9)
FNDA:0,(anonymous_10)
FNDA:0,(anonymous_11)
FNDA:0,(anonymous_12)
FNDA:0,(anonymous_13)
FNDA:0,(anonymous_14)
FNDA:0,(anonymous_15)
FNDA:0,(anonymous_16)
FNDA:0,(anonymous_17)
FNDA:0,(anonymous_18)
FNDA:0,(anonymous_19)
FNDA:0,(anonymous_20)
FNDA:0,(anonymous_21)
FNDA:0,(anonymous_22)
FNDA:0,(anonymous_23)
FNDA:0,(anonymous_24)
FNDA:0,(anonymous_25)
FNDA:0,(anonymous_26)
FNDA:0,(anonymous_27)
FNDA:0,(anonymous_28)
FNDA:0,(anonymous_29)
FNDA:0,(anonymous_30)
FNDA:0,(anonymous_31)
FNDA:0,(anonymous_32)
FNDA:0,(anonymous_33)
FNDA:0,(anonymous_34)
FNDA:0,(anonymous_35)
FNDA:0,(anonymous_36)
FNDA:0,(anonymous_37)
FNDA:0,(anonymous_38)
FNDA:0,(anonymous_39)
FNDA:0,(anonymous_40)
FNDA:0,(anonymous_41)
FNDA:0,(anonymous_42)
FNDA:0,(anonymous_43)
FNDA:0,(anonymous_44)
FNDA:0,(anonymous_45)
FNDA:0,(anonymous_46)
FNDA:0,(anonymous_47)
FNDA:0,(anonymous_48)
FNDA:0,(anonymous_49)
FNDA:0,(anonymous_50)
FNDA:0,(anonymous_51)
FNDA:0,(anonymous_52)
FNDA:0,(anonymous_53)
FNDA:0,(anonymous_54)
FNDA:0,(anonymous_55)
FNDA:0,(anonymous_56)
FNDA:0,(anonymous_57)
FNDA:0,(anonymous_58)
DA:213,0
DA:218,0
DA:219,0
DA:220,0
DA:221,0
DA:222,0
DA:223,0
DA:224,0
DA:225,0
DA:237,0
DA:238,0
DA:239,0
DA:240,0
DA:241,0
DA:242,0
DA:244,0
DA:246,0
DA:260,0
DA:261,0
DA:265,0
DA:266,0
DA:267,0
DA:269,0
DA:271,0
DA:272,0
DA:274,0
DA:275,0
DA:280,0
DA:283,0
DA:284,0
DA:289,0
DA:292,0
DA:301,0
DA:302,0
DA:303,0
DA:304,0
DA:305,0
DA:307,0
DA:309,0
DA:314,0
DA:315,0
DA:319,0
DA:320,0
DA:321,0
DA:322,0
DA:323,0
DA:325,0
DA:329,0
DA:330,0
DA:332,0
DA:340,0
DA:341,0
DA:342,0
DA:344,0
DA:346,0
DA:347,0
DA:348,0
DA:352,0
DA:353,0
DA:354,0
DA:355,0
DA:356,0
DA:357,0
DA:358,0
DA:359,0
DA:362,0
DA:373,0
DA:383,0
DA:384,0
DA:385,0
DA:386,0
DA:387,0
DA:399,0
DA:400,0
DA:401,0
DA:408,0
DA:418,0
DA:419,0
DA:422,0
DA:428,0
DA:429,0
DA:430,0
DA:431,0
DA:432,0
DA:434,0
DA:435,0
DA:437,0
DA:438,0
DA:455,0
DA:456,0
DA:459,0
DA:460,0
DA:461,0
DA:463,0
DA:464,0
DA:466,0
DA:479,0
DA:480,0
DA:481,0
DA:482,0
DA:486,0
DA:490,0
DA:495,0
DA:496,0
DA:497,0
DA:498,0
DA:499,0
DA:500,0
DA:511,0
DA:512,0
DA:514,0
DA:528,0
DA:529,0
DA:530,0
DA:533,0
DA:538,0
DA:539,0
DA:541,0
DA:542,0
DA:543,0
DA:545,0
DA:555,0
DA:557,0
DA:571,0
DA:573,0
DA:576,0
DA:578,0
DA:579,0
DA:590,0
DA:591,0
DA:594,0
DA:596,0
DA:597,0
DA:608,0
DA:609,0
DA:612,0
DA:613,0
DA:614,0
DA:617,0
DA:618,0
DA:622,0
DA:637,0
DA:640,0
DA:641,0
DA:642,0
DA:643,0
DA:645,0
DA:646,0
DA:647,0
DA:648,0
DA:651,0
DA:652,0
DA:659,0
DA:660,0
DA:668,0
DA:672,0
DA:677,0
DA:698,0
DA:701,0
DA:704,0
DA:711,0
DA:713,0
DA:720,0
DA:722,0
DA:728,0
DA:732,0
DA:733,0
DA:736,0
DA:737,0
DA:738,0
DA:742,0
DA:743,0
DA:744,0
DA:745,0
DA:749,0
DA:770,0
DA:856,0
DA:858,0
DA:889,0
DA:891,0
DA:940,0
DA:942,0
DA:989,0
DA:993,0
DA:1038,0
DA:1046,0
DA:1065,0
DA:1077,0
DA:1090,0
DA:1109,0
DA:1119,0
DA:1132,0
DA:1150,0
DA:1157,0
DA:1164,0
DA:1171,0
DA:1187,0
DA:1201,0
DA:1213,0
DA:1225,0
DA:1284,0
LF:201
LH:0
BRDA:267,0,0,0
BRDA:267,0,1,0
BRDA:274,1,0,0
BRDA:274,1,1,0
BRDA:283,2,0,0
BRDA:283,2,1,0
BRDA:301,3,0,0
BRDA:301,3,1,0
BRDA:314,4,0,0
BRDA:314,4,1,0
BRDA:322,5,0,0
BRDA:322,5,1,0
BRDA:330,6,0,0
BRDA:330,6,1,0
BRDA:330,7,0,0
BRDA:330,7,1,0
BRDA:337,8,0,0
BRDA:337,8,1,0
BRDA:347,9,0,0
BRDA:347,9,1,0
BRDA:353,10,0,0
BRDA:353,10,1,0
BRDA:378,11,0,0
BRDA:378,11,1,0
BRDA:384,12,0,0
BRDA:384,12,1,0
BRDA:384,13,0,0
BRDA:384,13,1,0
BRDA:399,14,0,0
BRDA:399,14,1,0
BRDA:399,15,0,0
BRDA:399,15,1,0
BRDA:401,16,0,0
BRDA:401,16,1,0
BRDA:408,17,0,0
BRDA:408,17,1,0
BRDA:415,18,0,0
BRDA:415,18,1,0
BRDA:415,19,0,0
BRDA:415,19,1,0
BRDA:416,20,0,0
BRDA:416,20,1,0
BRDA:429,21,0,0
BRDA:429,21,1,0
BRDA:429,22,0,0
BRDA:429,22,1,0
BRDA:440,23,0,0
BRDA:440,23,1,0
BRDA:441,24,0,0
BRDA:441,24,1,0
BRDA:455,25,0,0
BRDA:455,25,1,0
BRDA:455,26,0,0
BRDA:455,26,1,0
BRDA:459,27,0,0
BRDA:459,27,1,0
BRDA:459,27,2,0
BRDA:460,28,0,0
BRDA:460,28,1,0
BRDA:460,28,2,0
BRDA:461,29,0,0
BRDA:461,29,1,0
BRDA:461,29,2,0
BRDA:463,30,0,0
BRDA:463,30,1,0
BRDA:467,31,0,0
BRDA:467,31,1,0
BRDA:467,31,2,0
BRDA:468,32,0,0
BRDA:468,32,1,0
BRDA:468,32,2,0
BRDA:469,33,0,0
BRDA:469,33,1,0
BRDA:469,33,2,0
BRDA:470,34,0,0
BRDA:470,34,1,0
BRDA:471,35,0,0
BRDA:471,35,1,0
BRDA:472,36,0,0
BRDA:472,36,1,0
BRDA:473,37,0,0
BRDA:473,37,1,0
BRDA:473,37,2,0
BRDA:477,38,0,0
BRDA:477,38,1,0
BRDA:477,38,2,0
BRDA:480,39,0,0
BRDA:480,39,1,0
BRDA:496,40,0,0
BRDA:496,40,1,0
BRDA:496,41,0,0
BRDA:496,41,1,0
BRDA:511,42,0,0
BRDA:511,42,1,0
BRDA:511,43,0,0
BRDA:511,43,1,0
BRDA:515,44,0,0
BRDA:515,44,1,0
BRDA:516,45,0,0
BRDA:516,45,1,0
BRDA:516,45,2,0
BRDA:517,46,0,0
BRDA:517,46,1,0
BRDA:517,46,2,0
BRDA:518,47,0,0
BRDA:518,47,1,0
BRDA:519,48,0,0
BRDA:519,48,1,0
BRDA:520,49,0,0
BRDA:520,49,1,0
BRDA:521,50,0,0
BRDA:521,50,1,0
BRDA:523,51,0,0
BRDA:523,51,1,0
BRDA:541,52,0,0
BRDA:541,52,1,0
BRDA:541,53,0,0
BRDA:541,53,1,0
BRDA:541,53,2,0
BRDA:555,54,0,0
BRDA:555,54,1,0
BRDA:559,55,0,0
BRDA:559,55,1,0
BRDA:562,56,0,0
BRDA:562,56,1,0
BRDA:567,57,0,0
BRDA:567,57,1,0
BRDA:568,58,0,0
BRDA:568,58,1,0
BRDA:569,59,0,0
BRDA:569,59,1,0
BRDA:587,60,0,0
BRDA:587,60,1,0
BRDA:591,61,0,0
BRDA:591,61,1,0
BRDA:605,62,0,0
BRDA:605,62,1,0
BRDA:609,63,0,0
BRDA:609,63,1,0
BRDA:612,64,0,0
BRDA:612,64,1,0
BRDA:614,65,0,0
BRDA:614,65,1,0
BRDA:617,66,0,0
BRDA:617,66,1,0
BRDA:617,67,0,0
BRDA:617,67,1,0
BRDA:618,68,0,0
BRDA:618,68,1,0
BRDA:618,68,2,0
BRDA:624,69,0,0
BRDA:624,69,1,0
BRDA:624,69,2,0
BRDA:624,69,3,0
BRDA:625,70,0,0
BRDA:625,70,1,0
BRDA:626,71,0,0
BRDA:626,71,1,0
BRDA:627,72,0,0
BRDA:627,72,1,0
BRDA:632,73,0,0
BRDA:632,73,1,0
BRDA:641,74,0,0
BRDA:641,74,1,0
BRDA:641,75,0,0
BRDA:641,75,1,0
BRDA:646,76,0,0
BRDA:646,76,1,0
BRDA:651,77,0,0
BRDA:651,77,1,0
BRDA:659,78,0,0
BRDA:659,78,1,0
BRDA:680,79,0,0
BRDA:680,79,1,0
BRDA:682,80,0,0
BRDA:682,80,1,0
BRDA:683,81,0,0
BRDA:683,81,1,0
BRDA:684,82,0,0
BRDA:684,82,1,0
BRDA:686,83,0,0
BRDA:686,83,1,0
BRDA:691,84,0,0
BRDA:691,84,1,0
BRDA:706,85,0,0
BRDA:706,85,1,0
BRDA:716,86,0,0
BRDA:716,86,1,0
BRDA:724,87,0,0
BRDA:724,87,1,0
BRDA:737,88,0,0
BRDA:737,88,1,0
BRDA:737,89,0,0
BRDA:737,89,1,0
BRDA:743,90,0,0
BRDA:743,90,1,0
BRDA:743,91,0,0
BRDA:743,91,1,0
BRDA:773,92,0,0
BRDA:773,92,1,0
BRDA:778,93,0,0
BRDA:778,93,1,0
BRDA:782,94,0,0
BRDA:782,94,1,0
BRDA:786,95,0,0
BRDA:786,95,1,0
BRDA:800,96,0,0
BRDA:800,96,1,0
BRDA:802,97,0,0
BRDA:802,97,1,0
BRDA:809,98,0,0
BRDA:809,98,1,0
BRDA:823,99,0,0
BRDA:823,99,1,0
BRDA:823,99,2,0
BRDA:829,100,0,0
BRDA:829,100,1,0
BRDA:830,101,0,0
BRDA:830,101,1,0
BRDA:839,102,0,0
BRDA:839,102,1,0
BRDA:840,103,0,0
BRDA:840,103,1,0
BRDA:841,104,0,0
BRDA:841,104,1,0
BRDA:842,105,0,0
BRDA:842,105,1,0
BRDA:848,106,0,0
BRDA:848,106,1,0
BRDA:848,106,2,0
BRDA:865,107,0,0
BRDA:865,107,1,0
BRDA:873,108,0,0
BRDA:873,108,1,0
BRDA:881,109,0,0
BRDA:881,109,1,0
BRDA:881,109,2,0
BRDA:894,110,0,0
BRDA:894,110,1,0
BRDA:900,111,0,0
BRDA:900,111,1,0
BRDA:920,112,0,0
BRDA:920,112,1,0
BRDA:932,113,0,0
BRDA:932,113,1,0
BRDA:932,113,2,0
BRDA:960,114,0,0
BRDA:960,114,1,0
BRDA:969,115,0,0
BRDA:969,115,1,0
BRDA:981,116,0,0
BRDA:981,116,1,0
BRDA:981,116,2,0
BRDA:1011,117,0,0
BRDA:1011,117,1,0
BRDA:1035,118,0,0
BRDA:1035,118,1,0
BRDA:1039,119,0,0
BRDA:1039,119,1,0
BRDA:1057,120,0,0
BRDA:1057,120,1,0
BRDA:1148,121,0,0
BRDA:1148,121,1,0
BRDA:1155,122,0,0
BRDA:1155,122,1,0
BRDA:1162,123,0,0
BRDA:1162,123,1,0
BRDA:1169,124,0,0
BRDA:1169,124,1,0
BRDA:1178,125,0,0
BRDA:1178,125,1,0
BRDA:1235,126,0,0
BRDA:1235,126,1,0
BRDA:1238,127,0,0
BRDA:1238,127,1,0
BRF:275
BRH:0
end_of_record
TN:
SF:src\components\Admin\AITestingPanel.tsx
FN:60,(anonymous_0)
FN:194,(anonymous_1)
FN:216,(anonymous_2)
FN:290,(anonymous_3)
FN:303,(anonymous_4)
FN:330,(anonymous_5)
FN:343,(anonymous_6)
FN:379,(anonymous_7)
FN:424,(anonymous_8)
FN:469,(anonymous_9)
FN:504,(anonymous_10)
FN:540,(anonymous_11)
FN:554,(anonymous_12)
FN:561,(anonymous_13)
FN:605,(anonymous_14)
FN:610,(anonymous_15)
FN:614,(anonymous_16)
FN:655,(anonymous_17)
FN:690,(anonymous_18)
FN:754,(anonymous_19)
FN:760,(anonymous_20)
FN:792,(anonymous_21)
FN:797,(anonymous_22)
FN:801,(anonymous_23)
FN:809,(anonymous_24)
FN:841,(anonymous_25)
FN:872,(anonymous_26)
FN:916,(anonymous_27)
FN:934,(anonymous_28)
FN:971,(anonymous_29)
FN:985,(anonymous_30)
FN:1054,(anonymous_31)
FN:1096,(anonymous_32)
FNF:33
FNH:0
FNDA:0,(anonymous_0)
FNDA:0,(anonymous_1)
FNDA:0,(anonymous_2)
FNDA:0,(anonymous_3)
FNDA:0,(anonymous_4)
FNDA:0,(anonymous_5)
FNDA:0,(anonymous_6)
FNDA:0,(anonymous_7)
FNDA:0,(anonymous_8)
FNDA:0,(anonymous_9)
FNDA:0,(anonymous_10)
FNDA:0,(anonymous_11)
FNDA:0,(anonymous_12)
FNDA:0,(anonymous_13)
FNDA:0,(anonymous_14)
FNDA:0,(anonymous_15)
FNDA:0,(anonymous_16)
FNDA:0,(anonymous_17)
FNDA:0,(anonymous_18)
FNDA:0,(anonymous_19)
FNDA:0,(anonymous_20)
FNDA:0,(anonymous_21)
FNDA:0,(anonymous_22)
FNDA:0,(anonymous_23)
FNDA:0,(anonymous_24)
FNDA:0,(anonymous_25)
FNDA:0,(anonymous_26)
FNDA:0,(anonymous_27)
FNDA:0,(anonymous_28)
FNDA:0,(anonymous_29)
FNDA:0,(anonymous_30)
FNDA:0,(anonymous_31)
FNDA:0,(anonymous_32)
DA:60,0
DA:62,0
DA:63,0
DA:82,0
DA:83,0
DA:105,0
DA:106,0
DA:128,0
DA:194,0
DA:195,0
DA:196,0
DA:197,0
DA:198,0
DA:199,0
DA:202,0
DA:203,0
DA:204,0
DA:205,0
DA:208,0
DA:209,0
DA:210,0
DA:211,0
DA:213,0
DA:216,0
DA:217,0
DA:218,0
DA:223,0
DA:226,0
DA:227,0
DA:232,0
DA:235,0
DA:236,0
DA:241,0
DA:244,0
DA:246,0
DA:247,0
DA:250,0
DA:257,0
DA:258,0
DA:261,0
DA:262,0
DA:266,0
DA:272,0
DA:274,0
DA:275,0
DA:278,0
DA:281,0
DA:290,0
DA:303,0
DA:305,0
DA:312,0
DA:314,0
DA:330,0
DA:332,0
DA:338,0
DA:343,0
DA:344,0
DA:345,0
DA:350,0
DA:353,0
DA:355,0
DA:356,0
DA:358,0
DA:369,0
DA:370,0
DA:373,0
DA:375,0
DA:379,0
DA:390,0
DA:392,0
DA:399,0
DA:401,0
DA:412,0
DA:414,0
DA:420,0
DA:424,0
DA:425,0
DA:426,0
DA:431,0
DA:434,0
DA:435,0
DA:437,0
DA:439,0
DA:450,0
DA:451,0
DA:459,0
DA:460,0
DA:463,0
DA:466,0
DA:468,0
DA:469,0
DA:470,0
DA:480,0
DA:484,0
DA:486,0
DA:493,0
DA:494,0
DA:500,0
DA:504,0
DA:505,0
DA:507,0
DA:508,0
DA:509,0
DA:516,0
DA:517,0
DA:520,0
DA:522,0
DA:529,0
DA:530,0
DA:536,0
DA:540,0
DA:546,0
DA:554,0
DA:561,0
DA:605,0
DA:611,0
DA:614,0
DA:655,0
DA:691,0
DA:754,0
DA:760,0
DA:792,0
DA:798,0
DA:801,0
DA:809,0
DA:841,0
DA:873,0
DA:917,0
DA:935,0
DA:971,0
DA:985,0
DA:1055,0
DA:1097,0
LF:133
LH:0
BRDA:62,0,0,0
BRDA:62,0,1,0
BRDA:62,1,0,0
BRDA:62,1,1,0
BRDA:66,2,0,0
BRDA:66,2,1,0
BRDA:66,2,2,0
BRDA:67,3,0,0
BRDA:67,3,1,0
BRDA:68,4,0,0
BRDA:68,4,1,0
BRDA:69,5,0,0
BRDA:69,5,1,0
BRDA:70,6,0,0
BRDA:70,6,1,0
BRDA:71,7,0,0
BRDA:71,7,1,0
BRDA:71,7,2,0
BRDA:72,8,0,0
BRDA:72,8,1,0
BRDA:72,8,2,0
BRDA:73,9,0,0
BRDA:73,9,1,0
BRDA:74,10,0,0
BRDA:74,10,1,0
BRDA:82,11,0,0
BRDA:82,11,1,0
BRDA:86,12,0,0
BRDA:86,12,1,0
BRDA:86,12,2,0
BRDA:88,13,0,0
BRDA:88,13,1,0
BRDA:89,14,0,0
BRDA:89,14,1,0
BRDA:91,15,0,0
BRDA:91,15,1,0
BRDA:92,16,0,0
BRDA:92,16,1,0
BRDA:98,17,0,0
BRDA:98,17,1,0
BRDA:105,18,0,0
BRDA:105,18,1,0
BRDA:105,19,0,0
BRDA:105,19,1,0
BRDA:109,20,0,0
BRDA:109,20,1,0
BRDA:110,21,0,0
BRDA:110,21,1,0
BRDA:112,22,0,0
BRDA:112,22,1,0
BRDA:112,22,2,0
BRDA:115,23,0,0
BRDA:115,23,1,0
BRDA:131,24,0,0
BRDA:131,24,1,0
BRDA:131,24,2,0
BRDA:217,25,0,0
BRDA:217,25,1,0
BRDA:217,26,0,0
BRDA:217,26,1,0
BRDA:226,27,0,0
BRDA:226,27,1,0
BRDA:226,28,0,0
BRDA:226,28,1,0
BRDA:235,29,0,0
BRDA:235,29,1,0
BRDA:235,30,0,0
BRDA:235,30,1,0
BRDA:235,30,2,0
BRDA:257,31,0,0
BRDA:257,31,1,0
BRDA:257,32,0,0
BRDA:257,32,1,0
BRDA:261,33,0,0
BRDA:261,33,1,0
BRDA:261,34,0,0
BRDA:261,34,1,0
BRDA:274,35,0,0
BRDA:274,35,1,0
BRDA:275,36,0,0
BRDA:275,36,1,0
BRDA:285,37,0,0
BRDA:285,37,1,0
BRDA:286,38,0,0
BRDA:286,38,1,0
BRDA:290,39,0,0
BRDA:290,39,1,0
BRDA:291,40,0,0
BRDA:291,40,1,0
BRDA:292,41,0,0
BRDA:292,41,1,0
BRDA:292,41,2,0
BRDA:293,42,0,0
BRDA:293,42,1,0
BRDA:295,43,0,0
BRDA:295,43,1,0
BRDA:296,44,0,0
BRDA:296,44,1,0
BRDA:296,44,2,0
BRDA:297,45,0,0
BRDA:297,45,1,0
BRDA:299,46,0,0
BRDA:299,46,1,0
BRDA:318,47,0,0
BRDA:318,47,1,0
BRDA:319,48,0,0
BRDA:319,48,1,0
BRDA:327,49,0,0
BRDA:327,49,1,0
BRDA:334,50,0,0
BRDA:334,50,1,0
BRDA:344,51,0,0
BRDA:344,51,1,0
BRDA:369,52,0,0
BRDA:369,52,1,0
BRDA:370,53,0,0
BRDA:370,53,1,0
BRDA:379,54,0,0
BRDA:379,54,1,0
BRDA:380,55,0,0
BRDA:380,55,1,0
BRDA:381,56,0,0
BRDA:381,56,1,0
BRDA:381,56,2,0
BRDA:382,57,0,0
BRDA:382,57,1,0
BRDA:383,58,0,0
BRDA:383,58,1,0
BRDA:383,58,2,0
BRDA:385,59,0,0
BRDA:385,59,1,0
BRDA:386,60,0,0
BRDA:386,60,1,0
BRDA:409,61,0,0
BRDA:409,61,1,0
BRDA:416,62,0,0
BRDA:416,62,1,0
BRDA:425,63,0,0
BRDA:425,63,1,0
BRDA:459,64,0,0
BRDA:459,64,1,0
BRDA:460,65,0,0
BRDA:460,65,1,0
BRDA:468,66,0,0
BRDA:468,66,1,0
BRDA:472,67,0,0
BRDA:472,67,1,0
BRDA:474,68,0,0
BRDA:474,68,1,0
BRDA:488,69,0,0
BRDA:488,69,1,0
BRDA:496,70,0,0
BRDA:496,70,1,0
BRDA:516,71,0,0
BRDA:516,71,1,0
BRDA:517,72,0,0
BRDA:517,72,1,0
BRDA:532,73,0,0
BRDA:532,73,1,0
BRDA:624,74,0,0
BRDA:624,74,1,0
BRDA:627,75,0,0
BRDA:627,75,1,0
BRDA:663,76,0,0
BRDA:663,76,1,0
BRDA:666,77,0,0
BRDA:666,77,1,0
BRDA:683,78,0,0
BRDA:683,78,1,0
BRDA:693,79,0,0
BRDA:693,79,1,0
BRDA:700,80,0,0
BRDA:700,80,1,0
BRDA:706,81,0,0
BRDA:706,81,1,0
BRDA:707,82,0,0
BRDA:707,82,1,0
BRDA:761,83,0,0
BRDA:761,83,1,0
BRDA:764,84,0,0
BRDA:764,84,1,0
BRDA:810,85,0,0
BRDA:810,85,1,0
BRDA:813,86,0,0
BRDA:813,86,1,0
BRDA:842,87,0,0
BRDA:842,87,1,0
BRDA:842,87,2,0
BRDA:845,88,0,0
BRDA:845,88,1,0
BRDA:865,89,0,0
BRDA:865,89,1,0
BRDA:876,90,0,0
BRDA:876,90,1,0
BRDA:885,91,0,0
BRDA:885,91,1,0
BRDA:891,92,0,0
BRDA:891,92,1,0
BRDA:892,93,0,0
BRDA:892,93,1,0
BRDA:903,94,0,0
BRDA:903,94,1,0
BRDA:905,95,0,0
BRDA:905,95,1,0
BRDA:912,96,0,0
BRDA:912,96,1,0
BRDA:912,96,2,0
BRDA:921,97,0,0
BRDA:921,97,1,0
BRDA:930,98,0,0
BRDA:930,98,1,0
BRDA:930,98,2,0
BRDA:939,99,0,0
BRDA:939,99,1,0
BRDA:999,100,0,0
BRDA:999,100,1,0
BRDA:1002,101,0,0
BRDA:1002,101,1,0
BRDA:1018,102,0,0
BRDA:1018,102,1,0
BRDA:1027,103,0,0
BRDA:1027,103,1,0
BRDA:1052,104,0,0
BRDA:1052,104,1,0
BRDA:1052,104,2,0
BRDA:1059,105,0,0
BRDA:1059,105,1,0
BRDA:1060,106,0,0
BRDA:1060,106,1,0
BRDA:1074,107,0,0
BRDA:1074,107,1,0
BRDA:1089,108,0,0
BRDA:1089,108,1,0
BRDA:1099,109,0,0
BRDA:1099,109,1,0
BRDA:1106,110,0,0
BRDA:1106,110,1,0
BRDA:1112,111,0,0
BRDA:1112,111,1,0
BRDA:1113,112,0,0
BRDA:1113,112,1,0
BRDA:1145,113,0,0
BRDA:1145,113,1,0
BRF:243
BRH:0
end_of_record
TN:
SF:src\components\Admin\AdminDashboard.tsx
FN:75,(anonymous_0)
FN:99,(anonymous_1)
FN:115,(anonymous_2)
FN:141,(anonymous_3)
FN:145,(anonymous_4)
FN:180,(anonymous_5)
FN:193,(anonymous_6)
FN:204,(anonymous_7)
FN:221,(anonymous_8)
FN:242,(anonymous_9)
FN:266,(anonymous_10)
FN:267,(anonymous_11)
FN:268,(anonymous_12)
FN:276,(anonymous_13)
FN:279,(anonymous_14)
FN:284,(anonymous_15)
FN:289,(anonymous_16)
FN:291,(anonymous_17)
FN:291,(anonymous_18)
FN:296,(anonymous_19)
FN:320,(anonymous_20)
FN:326,(anonymous_21)
FN:474,(anonymous_22)
FN:483,(anonymous_23)
FN:500,(anonymous_24)
FN:538,(anonymous_25)
FN:542,(anonymous_26)
FN:796,(anonymous_27)
FN:806,(anonymous_28)
FN:809,(anonymous_29)
FN:825,(anonymous_30)
FN:827,(anonymous_31)
FN:842,(anonymous_32)
FN:848,(anonymous_33)
FN:852,(anonymous_34)
FN:874,(anonymous_35)
FN:877,(anonymous_36)
FN:880,(anonymous_37)
FN:921,(anonymous_38)
FN:932,(anonymous_39)
FN:951,(anonymous_40)
FNF:41
FNH:0
FNDA:0,(anonymous_0)
FNDA:0,(anonymous_1)
FNDA:0,(anonymous_2)
FNDA:0,(anonymous_3)
FNDA:0,(anonymous_4)
FNDA:0,(anonymous_5)
FNDA:0,(anonymous_6)
FNDA:0,(anonymous_7)
FNDA:0,(anonymous_8)
FNDA:0,(anonymous_9)
FNDA:0,(anonymous_10)
FNDA:0,(anonymous_11)
FNDA:0,(anonymous_12)
FNDA:0,(anonymous_13)
FNDA:0,(anonymous_14)
FNDA:0,(anonymous_15)
FNDA:0,(anonymous_16)
FNDA:0,(anonymous_17)
FNDA:0,(anonymous_18)
FNDA:0,(anonymous_19)
FNDA:0,(anonymous_20)
FNDA:0,(anonymous_21)
FNDA:0,(anonymous_22)
FNDA:0,(anonymous_23)
FNDA:0,(anonymous_24)
FNDA:0,(anonymous_25)
FNDA:0,(anonymous_26)
FNDA:0,(anonymous_27)
FNDA:0,(anonymous_28)
FNDA:0,(anonymous_29)
FNDA:0,(anonymous_30)
FNDA:0,(anonymous_31)
FNDA:0,(anonymous_32)
FNDA:0,(anonymous_33)
FNDA:0,(anonymous_34)
FNDA:0,(anonymous_35)
FNDA:0,(anonymous_36)
FNDA:0,(anonymous_37)
FNDA:0,(anonymous_38)
FNDA:0,(anonymous_39)
FNDA:0,(anonymous_40)
DA:75,0
DA:76,0
DA:77,0
DA:78,0
DA:91,0
DA:92,0
DA:93,0
DA:94,0
DA:95,0
DA:96,0
DA:97,0
DA:99,0
DA:100,0
DA:102,0
DA:103,0
DA:111,0
DA:115,0
DA:116,0
DA:117,0
DA:118,0
DA:121,0
DA:124,0
DA:127,0
DA:130,0
DA:133,0
DA:134,0
DA:136,0
DA:141,0
DA:142,0
DA:145,0
DA:146,0
DA:148,0
DA:153,0
DA:158,0
DA:164,0
DA:170,0
DA:173,0
DA:178,0
DA:180,0
DA:189,0
DA:193,0
DA:194,0
DA:196,0
DA:201,0
DA:204,0
DA:215,0
DA:217,0
DA:221,0
DA:222,0
DA:224,0
DA:229,0
DA:232,0
DA:240,0
DA:241,0
DA:242,0
DA:243,0
DA:252,0
DA:254,0
DA:256,0
DA:266,0
DA:267,0
DA:268,0
DA:276,0
DA:279,0
DA:280,0
DA:284,0
DA:285,0
DA:289,0
DA:290,0
DA:291,0
DA:292,0
DA:296,0
DA:297,0
DA:298,0
DA:303,0
DA:304,0
DA:305,0
DA:307,0
DA:314,0
DA:316,0
DA:320,0
DA:321,0
DA:326,0
DA:327,0
DA:333,0
DA:474,0
DA:475,0
DA:476,0
DA:477,0
DA:478,0
DA:479,0
DA:483,0
DA:484,0
DA:485,0
DA:486,0
DA:487,0
DA:489,0
DA:492,0
DA:500,0
DA:539,0
DA:543,0
DA:544,0
DA:796,0
DA:806,0
DA:809,0
DA:826,0
DA:827,0
DA:829,0
DA:843,0
DA:849,0
DA:850,0
DA:852,0
DA:874,0
DA:877,0
DA:880,0
DA:921,0
DA:933,0
DA:951,0
LF:118
LH:0
BRDA:170,0,0,0
BRDA:170,0,1,0
BRDA:178,1,0,0
BRDA:178,1,1,0
BRDA:178,2,0,0
BRDA:178,2,1,0
BRDA:182,3,0,0
BRDA:182,3,1,0
BRDA:183,4,0,0
BRDA:183,4,1,0
BRDA:184,5,0,0
BRDA:184,5,1,0
BRDA:201,6,0,0
BRDA:201,6,1,0
BRDA:204,7,0,0
BRDA:204,7,1,0
BRDA:208,8,0,0
BRDA:208,8,1,0
BRDA:210,9,0,0
BRDA:210,9,1,0
BRDA:229,10,0,0
BRDA:229,10,1,0
BRDA:240,11,0,0
BRDA:240,11,1,0
BRDA:292,12,0,0
BRDA:292,12,1,0
BRDA:297,13,0,0
BRDA:297,13,1,0
BRDA:303,14,0,0
BRDA:303,14,1,0
BRDA:304,15,0,0
BRDA:304,15,1,0
BRDA:321,16,0,0
BRDA:321,16,1,0
BRDA:321,16,2,0
BRDA:327,17,0,0
BRDA:327,17,1,0
BRDA:327,17,2,0
BRDA:475,18,0,0
BRDA:475,18,1,0
BRDA:475,18,2,0
BRDA:475,18,3,0
BRDA:484,19,0,0
BRDA:484,19,1,0
BRDA:484,20,0,0
BRDA:484,20,1,0
BRDA:485,21,0,0
BRDA:485,21,1,0
BRDA:486,22,0,0
BRDA:486,22,1,0
BRDA:730,23,0,0
BRDA:730,23,1,0
BRDA:731,24,0,0
BRDA:731,24,1,0
BRDA:804,25,0,0
BRDA:804,25,1,0
BRDA:826,26,0,0
BRDA:826,26,1,0
BRDA:849,27,0,0
BRDA:849,27,1,0
BRDA:867,28,0,0
BRDA:867,28,1,0
BRF:62
BRH:0
end_of_record
TN:
SF:src\components\Admin\AdminPanel.tsx
FN:43,(anonymous_0)
FN:56,(anonymous_1)
FN:77,(anonymous_2)
FN:96,(anonymous_3)
FN:100,(anonymous_4)
FN:101,(anonymous_5)
FN:109,(anonymous_6)
FN:134,(anonymous_7)
FN:141,(anonymous_8)
FN:147,(anonymous_9)
FN:151,(anonymous_10)
FN:188,(anonymous_11)
FN:195,(anonymous_12)
FN:283,(anonymous_13)
FN:347,(anonymous_14)
FN:356,(anonymous_15)
FN:365,(anonymous_16)
FN:374,(anonymous_17)
FNF:18
FNH:0
FNDA:0,(anonymous_0)
FNDA:0,(anonymous_1)
FNDA:0,(anonymous_2)
FNDA:0,(anonymous_3)
FNDA:0,(anonymous_4)
FNDA:0,(anonymous_5)
FNDA:0,(anonymous_6)
FNDA:0,(anonymous_7)
FNDA:0,(anonymous_8)
FNDA:0,(anonymous_9)
FNDA:0,(anonymous_10)
FNDA:0,(anonymous_11)
FNDA:0,(anonymous_12)
FNDA:0,(anonymous_13)
FNDA:0,(anonymous_14)
FNDA:0,(anonymous_15)
FNDA:0,(anonymous_16)
FNDA:0,(anonymous_17)
DA:43,0
DA:44,0
DA:45,0
DA:46,0
DA:47,0
DA:54,0
DA:56,0
DA:57,0
DA:58,0
DA:74,0
DA:76,0
DA:78,0
DA:82,0
DA:83,0
DA:85,0
DA:86,0
DA:92,0
DA:96,0
DA:97,0
DA:100,0
DA:101,0
DA:103,0
DA:104,0
DA:105,0
DA:106,0
DA:107,0
DA:109,0
DA:110,0
DA:112,0
DA:113,0
DA:114,0
DA:117,0
DA:118,0
DA:120,0
DA:121,0
DA:125,0
DA:134,0
DA:135,0
DA:136,0
DA:137,0
DA:138,0
DA:141,0
DA:142,0
DA:143,0
DA:144,0
DA:147,0
DA:148,0
DA:151,0
DA:157,0
DA:169,0
DA:170,0
DA:180,0
DA:188,0
DA:195,0
DA:284,0
DA:348,0
DA:349,0
DA:357,0
DA:358,0
DA:366,0
DA:367,0
DA:375,0
DA:376,0
LF:63
LH:0
BRDA:76,0,0,0
BRDA:76,0,1,0
BRDA:78,1,0,0
BRDA:78,1,1,0
BRDA:78,1,2,0
BRDA:78,1,3,0
BRDA:112,2,0,0
BRDA:112,2,1,0
BRDA:117,3,0,0
BRDA:117,3,1,0
BRDA:118,4,0,0
BRDA:118,4,1,0
BRDA:120,5,0,0
BRDA:120,5,1,0
BRDA:127,6,0,0
BRDA:127,6,1,0
BRDA:130,7,0,0
BRDA:130,7,1,0
BRDA:135,8,0,0
BRDA:135,8,1,0
BRDA:136,9,0,0
BRDA:136,9,1,0
BRDA:137,10,0,0
BRDA:137,10,1,0
BRDA:142,11,0,0
BRDA:142,11,1,0
BRDA:143,12,0,0
BRDA:143,12,1,0
BRDA:169,13,0,0
BRDA:169,13,1,0
BRDA:292,14,0,0
BRDA:292,14,1,0
BRDA:298,15,0,0
BRDA:298,15,1,0
BRDA:304,16,0,0
BRDA:304,16,1,0
BRDA:321,17,0,0
BRDA:321,17,1,0
BRDA:349,18,0,0
BRDA:349,18,1,0
BRDA:358,19,0,0
BRDA:358,19,1,0
BRDA:358,19,2,0
BRDA:367,20,0,0
BRDA:367,20,1,0
BRDA:367,20,2,0
BRDA:376,21,0,0
BRDA:376,21,1,0
BRF:48
BRH:0
end_of_record
TN:
SF:src\components\Admin\AgentMLCoordination.tsx
FN:43,(anonymous_0)
FN:56,(anonymous_1)
FN:84,(anonymous_2)
FN:85,(anonymous_3)
FN:92,(anonymous_4)
FN:93,(anonymous_5)
FN:95,(anonymous_6)
FN:96,(anonymous_7)
FN:117,(anonymous_8)
FN:121,(anonymous_9)
FN:131,(anonymous_10)
FN:155,(anonymous_11)
FN:162,(anonymous_12)
FN:262,(anonymous_13)
FN:333,(anonymous_14)
FN:352,(anonymous_15)
FNF:16
FNH:0
FNDA:0,(anonymous_0)
FNDA:0,(anonymous_1)
FNDA:0,(anonymous_2)
FNDA:0,(anonymous_3)
FNDA:0,(anonymous_4)
FNDA:0,(anonymous_5)
FNDA:0,(anonymous_6)
FNDA:0,(anonymous_7)
FNDA:0,(anonymous_8)
FNDA:0,(anonymous_9)
FNDA:0,(anonymous_10)
FNDA:0,(anonymous_11)
FNDA:0,(anonymous_12)
FNDA:0,(anonymous_13)
FNDA:0,(anonymous_14)
FNDA:0,(anonymous_15)
DA:43,0
DA:44,0
DA:45,0
DA:46,0
DA:47,0
DA:48,0
DA:54,0
DA:56,0
DA:57,0
DA:71,0
DA:73,0
DA:81,0
DA:82,0
DA:84,0
DA:85,0
DA:87,0
DA:88,0
DA:91,0
DA:92,0
DA:93,0
DA:94,0
DA:95,0
DA:96,0
DA:98,0
DA:106,0
DA:107,0
DA:113,0
DA:117,0
DA:118,0
DA:121,0
DA:122,0
DA:123,0
DA:124,0
DA:125,0
DA:126,0
DA:127,0
DA:131,0
DA:132,0
DA:133,0
DA:134,0
DA:137,0
DA:138,0
DA:147,0
DA:155,0
DA:162,0
DA:263,0
DA:334,0
DA:353,0
LF:48
LH:0
BRDA:81,0,0,0
BRDA:81,0,1,0
BRDA:82,1,0,0
BRDA:82,1,1,0
BRDA:84,2,0,0
BRDA:84,2,1,0
BRDA:85,3,0,0
BRDA:85,3,1,0
BRDA:85,4,0,0
BRDA:85,4,1,0
BRDA:94,5,0,0
BRDA:94,5,1,0
BRDA:96,6,0,0
BRDA:96,6,1,0
BRDA:122,7,0,0
BRDA:122,7,1,0
BRDA:122,7,2,0
BRDA:122,7,3,0
BRDA:122,7,4,0
BRDA:132,8,0,0
BRDA:132,8,1,0
BRDA:133,9,0,0
BRDA:133,9,1,0
BRDA:137,10,0,0
BRDA:137,10,1,0
BRDA:224,11,0,0
BRDA:224,11,1,0
BRDA:284,12,0,0
BRDA:284,12,1,0
BRDA:291,13,0,0
BRDA:291,13,1,0
BRDA:295,14,0,0
BRDA:295,14,1,0
BRDA:347,15,0,0
BRDA:347,15,1,0
BRDA:350,16,0,0
BRDA:350,16,1,0
BRDA:350,17,0,0
BRDA:350,17,1,0
BRF:39
BRH:0
end_of_record
TN:
SF:src\components\Admin\AnalyticsDashboard.tsx
FN:63,(anonymous_0)
FN:76,(anonymous_1)
FN:99,(anonymous_2)
FN:103,(anonymous_3)
FN:115,(anonymous_4)
FN:119,(anonymous_5)
FN:135,(anonymous_6)
FN:136,(anonymous_7)
FN:138,(anonymous_8)
FN:159,(anonymous_9)
FN:163,(anonymous_10)
FN:170,(anonymous_11)
FN:217,(anonymous_12)
FN:224,(anonymous_13)
FN:306,(anonymous_14)
FN:359,(anonymous_15)
FNF:16
FNH:0
FNDA:0,(anonymous_0)
FNDA:0,(anonymous_1)
FNDA:0,(anonymous_2)
FNDA:0,(anonymous_3)
FNDA:0,(anonymous_4)
FNDA:0,(anonymous_5)
FNDA:0,(anonymous_6)
FNDA:0,(anonymous_7)
FNDA:0,(anonymous_8)
FNDA:0,(anonymous_9)
FNDA:0,(anonymous_10)
FNDA:0,(anonymous_11)
FNDA:0,(anonymous_12)
FNDA:0,(anonymous_13)
FNDA:0,(anonymous_14)
FNDA:0,(anonymous_15)
DA:63,0
DA:64,0
DA:65,0
DA:71,0
DA:72,0
DA:73,0
DA:74,0
DA:76,0
DA:77,0
DA:78,0
DA:81,0
DA:87,0
DA:90,0
DA:96,0
DA:99,0
DA:100,0
DA:103,0
DA:115,0
DA:116,0
DA:119,0
DA:128,0
DA:129,0
DA:132,0
DA:133,0
DA:134,0
DA:135,0
DA:136,0
DA:138,0
DA:140,0
DA:148,0
DA:149,0
DA:155,0
DA:159,0
DA:160,0
DA:163,0
DA:164,0
DA:165,0
DA:166,0
DA:167,0
DA:170,0
DA:177,0
DA:196,0
DA:197,0
DA:209,0
DA:217,0
DA:224,0
DA:307,0
DA:360,0
LF:48
LH:0
BRDA:87,0,0,0
BRDA:87,0,1,0
BRDA:96,1,0,0
BRDA:96,1,1,0
BRDA:99,2,0,0
BRDA:99,2,1,0
BRDA:100,3,0,0
BRDA:100,3,1,0
BRDA:100,3,2,0
BRDA:105,4,0,0
BRDA:105,4,1,0
BRDA:106,5,0,0
BRDA:106,5,1,0
BRDA:107,6,0,0
BRDA:107,6,1,0
BRDA:108,7,0,0
BRDA:108,7,1,0
BRDA:109,8,0,0
BRDA:109,8,1,0
BRDA:110,9,0,0
BRDA:110,9,1,0
BRDA:115,10,0,0
BRDA:115,10,1,0
BRDA:116,11,0,0
BRDA:116,11,1,0
BRDA:116,11,2,0
BRDA:121,12,0,0
BRDA:121,12,1,0
BRDA:122,13,0,0
BRDA:122,13,1,0
BRDA:123,14,0,0
BRDA:123,14,1,0
BRDA:124,15,0,0
BRDA:124,15,1,0
BRDA:125,16,0,0
BRDA:125,16,1,0
BRDA:132,17,0,0
BRDA:132,17,1,0
BRDA:133,18,0,0
BRDA:133,18,1,0
BRDA:135,19,0,0
BRDA:135,19,1,0
BRDA:136,20,0,0
BRDA:136,20,1,0
BRDA:138,21,0,0
BRDA:138,21,1,0
BRDA:138,22,0,0
BRDA:138,22,1,0
BRDA:164,23,0,0
BRDA:164,23,1,0
BRDA:164,24,0,0
BRDA:164,24,1,0
BRDA:165,25,0,0
BRDA:165,25,1,0
BRDA:165,26,0,0
BRDA:165,26,1,0
BRDA:166,27,0,0
BRDA:166,27,1,0
BRDA:186,28,0,0
BRDA:186,28,1,0
BRDA:187,29,0,0
BRDA:187,29,1,0
BRDA:188,30,0,0
BRDA:188,30,1,0
BRDA:196,31,0,0
BRDA:196,31,1,0
BRDA:322,32,0,0
BRDA:322,32,1,0
BRDA:323,33,0,0
BRDA:323,33,1,0
BRDA:372,34,0,0
BRDA:372,34,1,0
BRDA:375,35,0,0
BRDA:375,35,1,0
BRDA:379,36,0,0
BRDA:379,36,1,0
BRF:76
BRH:0
end_of_record
TN:
SF:src\components\Admin\ApiGatewayAdmin.tsx
FN:39,(anonymous_0)
FN:62,(anonymous_1)
FN:66,(anonymous_2)
FN:88,(anonymous_3)
FN:91,(anonymous_4)
FN:92,(anonymous_5)
FN:103,(anonymous_6)
FN:106,(anonymous_7)
FN:107,(anonymous_8)
FN:118,(anonymous_9)
FN:120,(anonymous_10)
FN:121,(anonymous_11)
FN:132,(anonymous_12)
FN:134,(anonymous_13)
FN:145,(anonymous_14)
FN:156,(anonymous_15)
FN:161,(anonymous_16)
FN:168,(anonymous_17)
FN:170,(anonymous_18)
FN:268,(anonymous_19)
FN:294,(anonymous_20)
FN:306,(anonymous_21)
FN:347,(anonymous_22)
FN:357,(anonymous_23)
FN:395,(anonymous_24)
FN:399,(anonymous_25)
FN:420,(anonymous_26)
FN:426,(anonymous_27)
FN:450,(anonymous_28)
FN:465,(anonymous_29)
FN:506,(anonymous_30)
FN:555,(anonymous_31)
FN:584,(anonymous_32)
FN:624,(anonymous_33)
FN:630,(anonymous_34)
FN:664,(anonymous_35)
FNF:36
FNH:0
FNDA:0,(anonymous_0)
FNDA:0,(anonymous_1)
FNDA:0,(anonymous_2)
FNDA:0,(anonymous_3)
FNDA:0,(anonymous_4)
FNDA:0,(anonymous_5)
FNDA:0,(anonymous_6)
FNDA:0,(anonymous_7)
FNDA:0,(anonymous_8)
FNDA:0,(anonymous_9)
FNDA:0,(anonymous_10)
FNDA:0,(anonymous_11)
FNDA:0,(anonymous_12)
FNDA:0,(anonymous_13)
FNDA:0,(anonymous_14)
FNDA:0,(anonymous_15)
FNDA:0,(anonymous_16)
FNDA:0,(anonymous_17)
FNDA:0,(anonymous_18)
FNDA:0,(anonymous_19)
FNDA:0,(anonymous_20)
FNDA:0,(anonymous_21)
FNDA:0,(anonymous_22)
FNDA:0,(anonymous_23)
FNDA:0,(anonymous_24)
FNDA:0,(anonymous_25)
FNDA:0,(anonymous_26)
FNDA:0,(anonymous_27)
FNDA:0,(anonymous_28)
FNDA:0,(anonymous_29)
FNDA:0,(anonymous_30)
FNDA:0,(anonymous_31)
FNDA:0,(anonymous_32)
FNDA:0,(anonymous_33)
FNDA:0,(anonymous_34)
FNDA:0,(anonymous_35)
DA:39,0
DA:40,0
DA:41,0
DA:42,0
DA:43,0
DA:44,0
DA:45,0
DA:46,0
DA:47,0
DA:48,0
DA:49,0
DA:50,0
DA:53,0
DA:62,0
DA:63,0
DA:66,0
DA:67,0
DA:68,0
DA:69,0
DA:76,0
DA:77,0
DA:78,0
DA:79,0
DA:81,0
DA:82,0
DA:84,0
DA:88,0
DA:89,0
DA:90,0
DA:91,0
DA:92,0
DA:93,0
DA:96,0
DA:98,0
DA:99,0
DA:103,0
DA:104,0
DA:105,0
DA:106,0
DA:107,0
DA:108,0
DA:111,0
DA:113,0
DA:114,0
DA:118,0
DA:119,0
DA:120,0
DA:121,0
DA:122,0
DA:125,0
DA:127,0
DA:128,0
DA:132,0
DA:133,0
DA:134,0
DA:138,0
DA:140,0
DA:141,0
DA:145,0
DA:146,0
DA:147,0
DA:148,0
DA:149,0
DA:151,0
DA:152,0
DA:156,0
DA:157,0
DA:158,0
DA:161,0
DA:162,0
DA:164,0
DA:165,0
DA:168,0
DA:170,0
DA:171,0
DA:196,0
DA:203,0
DA:204,0
DA:216,0
DA:269,0
DA:295,0
DA:296,0
DA:297,0
DA:298,0
DA:307,0
DA:308,0
DA:309,0
DA:310,0
DA:311,0
DA:347,0
DA:358,0
DA:396,0
DA:400,0
DA:401,0
DA:421,0
DA:422,0
DA:423,0
DA:427,0
DA:428,0
DA:429,0
DA:451,0
DA:466,0
DA:507,0
DA:555,0
DA:585,0
DA:624,0
DA:632,0
DA:664,0
LF:108
LH:0
BRDA:93,0,0,0
BRDA:93,0,1,0
BRDA:96,1,0,0
BRDA:96,1,1,0
BRDA:108,2,0,0
BRDA:108,2,1,0
BRDA:111,3,0,0
BRDA:111,3,1,0
BRDA:122,4,0,0
BRDA:122,4,1,0
BRDA:162,5,0,0
BRDA:162,5,1,0
BRDA:164,6,0,0
BRDA:164,6,1,0
BRDA:165,7,0,0
BRDA:165,7,1,0
BRDA:196,8,0,0
BRDA:196,8,1,0
BRDA:203,9,0,0
BRDA:203,9,1,0
BRDA:295,10,0,0
BRDA:295,10,1,0
BRDA:297,11,0,0
BRDA:297,11,1,0
BRDA:308,12,0,0
BRDA:308,12,1,0
BRDA:310,13,0,0
BRDA:310,13,1,0
BRDA:367,14,0,0
BRDA:367,14,1,0
BRDA:413,15,0,0
BRDA:413,15,1,0
BRDA:422,16,0,0
BRDA:422,16,1,0
BRDA:428,17,0,0
BRDA:428,17,1,0
BRDA:454,18,0,0
BRDA:454,18,1,0
BRDA:469,19,0,0
BRDA:469,19,1,0
BRDA:496,20,0,0
BRDA:496,20,1,0
BRDA:512,21,0,0
BRDA:512,21,1,0
BRDA:513,22,0,0
BRDA:513,22,1,0
BRDA:515,23,0,0
BRDA:515,23,1,0
BRDA:547,24,0,0
BRDA:547,24,1,0
BRDA:574,25,0,0
BRDA:574,25,1,0
BRDA:607,26,0,0
BRDA:607,26,1,0
BRDA:712,27,0,0
BRDA:712,27,1,0
BRDA:731,28,0,0
BRDA:731,28,1,0
BRDA:741,29,0,0
BRDA:741,29,1,0
BRDA:742,30,0,0
BRDA:742,30,1,0
BRDA:746,31,0,0
BRDA:746,31,1,0
BRDA:752,32,0,0
BRDA:752,32,1,0
BRDA:753,33,0,0
BRDA:753,33,1,0
BRDA:757,34,0,0
BRDA:757,34,1,0
BRF:70
BRH:0
end_of_record
TN:
SF:src\components\Admin\CRMManagement.tsx
FN:43,(anonymous_0)
FN:56,(anonymous_1)
FN:65,(anonymous_2)
FN:66,(anonymous_3)
FN:82,(anonymous_4)
FN:99,(anonymous_5)
FN:104,(anonymous_6)
FN:123,(anonymous_7)
FN:142,(anonymous_8)
FN:146,(anonymous_9)
FN:214,(anonymous_10)
FN:251,(anonymous_11)
FN:277,(anonymous_12)
FN:286,(anonymous_13)
FN:317,(anonymous_14)
FN:354,(anonymous_15)
FN:384,(anonymous_16)
FN:393,(anonymous_17)
FNF:18
FNH:0
FNDA:0,(anonymous_0)
FNDA:0,(anonymous_1)
FNDA:0,(anonymous_2)
FNDA:0,(anonymous_3)
FNDA:0,(anonymous_4)
FNDA:0,(anonymous_5)
FNDA:0,(anonymous_6)
FNDA:0,(anonymous_7)
FNDA:0,(anonymous_8)
FNDA:0,(anonymous_9)
FNDA:0,(anonymous_10)
FNDA:0,(anonymous_11)
FNDA:0,(anonymous_12)
FNDA:0,(anonymous_13)
FNDA:0,(anonymous_14)
FNDA:0,(anonymous_15)
FNDA:0,(anonymous_16)
FNDA:0,(anonymous_17)
DA:43,0
DA:44,0
DA:45,0
DA:46,0
DA:47,0
DA:48,0
DA:49,0
DA:56,0
DA:57,0
DA:58,0
DA:59,0
DA:60,0
DA:63,0
DA:65,0
DA:66,0
DA:68,0
DA:70,0
DA:71,0
DA:77,0
DA:82,0
DA:83,0
DA:84,0
DA:85,0
DA:86,0
DA:88,0
DA:89,0
DA:95,0
DA:99,0
DA:100,0
DA:101,0
DA:104,0
DA:105,0
DA:107,0
DA:108,0
DA:109,0
DA:113,0
DA:115,0
DA:123,0
DA:124,0
DA:126,0
DA:127,0
DA:128,0
DA:132,0
DA:134,0
DA:142,0
DA:143,0
DA:146,0
DA:147,0
DA:151,0
DA:214,0
DA:252,0
DA:286,0
DA:317,0
DA:355,0
DA:393,0
LF:55
LH:0
BRDA:60,0,0,0
BRDA:60,0,1,0
BRDA:64,1,0,0
BRDA:64,1,1,0
BRDA:65,2,0,0
BRDA:65,2,1,0
BRDA:66,3,0,0
BRDA:66,3,1,0
BRDA:86,4,0,0
BRDA:86,4,1,0
BRDA:105,5,0,0
BRDA:105,5,1,0
BRDA:117,6,0,0
BRDA:117,6,1,0
BRDA:124,7,0,0
BRDA:124,7,1,0
BRDA:136,8,0,0
BRDA:136,8,1,0
BRDA:147,9,0,0
BRDA:147,9,1,0
BRDA:238,10,0,0
BRDA:238,10,1,0
BRDA:244,11,0,0
BRDA:244,11,1,0
BRDA:257,12,0,0
BRDA:257,12,1,0
BRDA:264,13,0,0
BRDA:264,13,1,0
BRDA:341,14,0,0
BRDA:341,14,1,0
BRDA:347,15,0,0
BRDA:347,15,1,0
BRDA:358,16,0,0
BRDA:358,16,1,0
BRDA:367,17,0,0
BRDA:367,17,1,0
BRDA:375,18,0,0
BRDA:375,18,1,0
BRF:38
BRH:0
end_of_record
TN:
SF:src\components\Admin\EmbeddingGenerationPanel.tsx
FN:32,(anonymous_0)
FN:38,(anonymous_1)
FN:62,(anonymous_2)
FN:73,(anonymous_3)
FN:80,(anonymous_4)
FN:104,(anonymous_5)
FN:114,(anonymous_6)
FN:236,(anonymous_7)
FNF:8
FNH:0
FNDA:0,(anonymous_0)
FNDA:0,(anonymous_1)
FNDA:0,(anonymous_2)
FNDA:0,(anonymous_3)
FNDA:0,(anonymous_4)
FNDA:0,(anonymous_5)
FNDA:0,(anonymous_6)
FNDA:0,(anonymous_7)
DA:32,0
DA:33,0
DA:34,0
DA:35,0
DA:36,0
DA:38,0
DA:39,0
DA:40,0
DA:43,0
DA:49,0
DA:53,0
DA:57,0
DA:58,0
DA:61,0
DA:62,0
DA:63,0
DA:64,0
DA:65,0
DA:70,0
DA:73,0
DA:80,0
DA:81,0
DA:84,0
DA:93,0
DA:94,0
DA:100,0
DA:104,0
DA:105,0
DA:106,0
DA:108,0
DA:114,0
DA:115,0
DA:116,0
DA:120,0
DA:121,0
DA:126,0
DA:130,0
DA:131,0
DA:143,0
DA:144,0
DA:146,0
DA:237,0
LF:42
LH:0
BRDA:57,0,0,0
BRDA:57,0,1,0
BRDA:58,1,0,0
BRDA:58,1,1,0
BRDA:64,2,0,0
BRDA:64,2,1,0
BRDA:80,3,0,0
BRDA:80,3,1,0
BRDA:85,4,0,0
BRDA:85,4,1,0
BRDA:86,5,0,0
BRDA:86,5,1,0
BRDA:87,6,0,0
BRDA:87,6,1,0
BRDA:130,7,0,0
BRDA:130,7,1,0
BRDA:143,8,0,0
BRDA:143,8,1,0
BRDA:144,9,0,0
BRDA:144,9,1,0
BRDA:163,10,0,0
BRDA:163,10,1,0
BRDA:181,11,0,0
BRDA:181,11,1,0
BRDA:182,12,0,0
BRDA:182,12,1,0
BRDA:194,13,0,0
BRDA:194,13,1,0
BRDA:195,14,0,0
BRDA:195,14,1,0
BRF:30
BRH:0
end_of_record
TN:
SF:src\components\Admin\GlobalAdminHeader.tsx
FN:13,(anonymous_0)
FN:27,(anonymous_1)
FN:34,(anonymous_2)
FN:47,(anonymous_3)
FN:51,(anonymous_4)
FNF:5
FNH:0
FNDA:0,(anonymous_0)
FNDA:0,(anonymous_1)
FNDA:0,(anonymous_2)
FNDA:0,(anonymous_3)
FNDA:0,(anonymous_4)
DA:13,0
DA:18,0
DA:20,0
DA:27,0
DA:34,0
DA:48,0
DA:51,0
LF:7
LH:0
BRDA:16,0,0,0
BRDA:43,1,0,0
BRDA:43,1,1,0
BRDA:49,2,0,0
BRDA:49,2,1,0
BRDA:59,3,0,0
BRDA:59,3,1,0
BRDA:71,4,0,0
BRDA:71,4,1,0
BRF:9
BRH:0
end_of_record
TN:
SF:src\components\Admin\IntegratedRAGManagement.tsx
FN:44,(anonymous_0)
FN:78,(anonymous_1)
FN:85,(anonymous_2)
FN:94,(anonymous_3)
FN:121,(anonymous_4)
FN:148,(anonymous_5)
FN:163,(anonymous_6)
FN:190,(anonymous_7)
FN:199,(anonymous_8)
FN:213,(anonymous_9)
FN:265,(anonymous_10)
FN:284,(anonymous_11)
FN:294,(anonymous_12)
FN:300,(anonymous_13)
FN:347,(anonymous_14)
FN:348,(anonymous_15)
FN:365,(anonymous_16)
FN:380,(anonymous_17)
FN:416,(anonymous_18)
FN:416,(anonymous_19)
FN:424,(anonymous_20)
FN:428,(anonymous_21)
FN:438,(anonymous_22)
FN:442,(anonymous_23)
FN:442,(anonymous_24)
FN:444,(anonymous_25)
FN:457,(anonymous_26)
FN:461,(anonymous_27)
FN:471,(anonymous_28)
FN:475,(anonymous_29)
FN:475,(anonymous_30)
FN:477,(anonymous_31)
FN:520,(anonymous_32)
FN:522,(anonymous_33)
FN:536,(anonymous_34)
FN:540,(anonymous_35)
FN:580,(anonymous_36)
FN:606,(anonymous_37)
FN:624,(anonymous_38)
FN:663,(anonymous_39)
FN:703,(anonymous_40)
FN:709,(anonymous_41)
FN:738,(anonymous_42)
FN:738,(anonymous_43)
FN:745,(anonymous_44)
FN:745,(anonymous_45)
FN:764,(anonymous_46)
FN:764,(anonymous_47)
FN:775,(anonymous_48)
FN:775,(anonymous_49)
FN:783,(anonymous_50)
FN:783,(anonymous_51)
FN:872,(anonymous_52)
FN:949,(anonymous_53)
FNF:54
FNH:0
FNDA:0,(anonymous_0)
FNDA:0,(anonymous_1)
FNDA:0,(anonymous_2)
FNDA:0,(anonymous_3)
FNDA:0,(anonymous_4)
FNDA:0,(anonymous_5)
FNDA:0,(anonymous_6)
FNDA:0,(anonymous_7)
FNDA:0,(anonymous_8)
FNDA:0,(anonymous_9)
FNDA:0,(anonymous_10)
FNDA:0,(anonymous_11)
FNDA:0,(anonymous_12)
FNDA:0,(anonymous_13)
FNDA:0,(anonymous_14)
FNDA:0,(anonymous_15)
FNDA:0,(anonymous_16)
FNDA:0,(anonymous_17)
FNDA:0,(anonymous_18)
FNDA:0,(anonymous_19)
FNDA:0,(anonymous_20)
FNDA:0,(anonymous_21)
FNDA:0,(anonymous_22)
FNDA:0,(anonymous_23)
FNDA:0,(anonymous_24)
FNDA:0,(anonymous_25)
FNDA:0,(anonymous_26)
FNDA:0,(anonymous_27)
FNDA:0,(anonymous_28)
FNDA:0,(anonymous_29)
FNDA:0,(anonymous_30)
FNDA:0,(anonymous_31)
FNDA:0,(anonymous_32)
FNDA:0,(anonymous_33)
FNDA:0,(anonymous_34)
FNDA:0,(anonymous_35)
FNDA:0,(anonymous_36)
FNDA:0,(anonymous_37)
FNDA:0,(anonymous_38)
FNDA:0,(anonymous_39)
FNDA:0,(anonymous_40)
FNDA:0,(anonymous_41)
FNDA:0,(anonymous_42)
FNDA:0,(anonymous_43)
FNDA:0,(anonymous_44)
FNDA:0,(anonymous_45)
FNDA:0,(anonymous_46)
FNDA:0,(anonymous_47)
FNDA:0,(anonymous_48)
FNDA:0,(anonymous_49)
FNDA:0,(anonymous_50)
FNDA:0,(anonymous_51)
FNDA:0,(anonymous_52)
FNDA:0,(anonymous_53)
DA:44,0
DA:46,0
DA:47,0
DA:48,0
DA:57,0
DA:58,0
DA:59,0
DA:60,0
DA:61,0
DA:62,0
DA:63,0
DA:68,0
DA:69,0
DA:76,0
DA:78,0
DA:79,0
DA:80,0
DA:81,0
DA:85,0
DA:86,0
DA:87,0
DA:88,0
DA:90,0
DA:94,0
DA:95,0
DA:96,0
DA:97,0
DA:103,0
DA:108,0
DA:110,0
DA:111,0
DA:117,0
DA:121,0
DA:122,0
DA:123,0
DA:124,0
DA:130,0
DA:135,0
DA:137,0
DA:138,0
DA:144,0
DA:148,0
DA:149,0
DA:150,0
DA:155,0
DA:158,0
DA:159,0
DA:163,0
DA:167,0
DA:172,0
DA:180,0
DA:181,0
DA:190,0
DA:191,0
DA:192,0
DA:193,0
DA:195,0
DA:199,0
DA:200,0
DA:201,0
DA:202,0
DA:209,0
DA:213,0
DA:214,0
DA:215,0
DA:220,0
DA:223,0
DA:224,0
DA:225,0
DA:237,0
DA:238,0
DA:240,0
DA:246,0
DA:251,0
DA:252,0
DA:254,0
DA:255,0
DA:261,0
DA:265,0
DA:266,0
DA:268,0
DA:269,0
DA:274,0
DA:279,0
DA:284,0
DA:285,0
DA:286,0
DA:287,0
DA:288,0
DA:289,0
DA:290,0
DA:294,0
DA:295,0
DA:296,0
DA:297,0
DA:300,0
DA:301,0
DA:302,0
DA:303,0
DA:304,0
DA:305,0
DA:306,0
DA:310,0
DA:347,0
DA:348,0
DA:365,0
DA:380,0
DA:416,0
DA:425,0
DA:426,0
DA:427,0
DA:428,0
DA:432,0
DA:439,0
DA:442,0
DA:444,0
DA:458,0
DA:459,0
DA:460,0
DA:461,0
DA:465,0
DA:472,0
DA:475,0
DA:477,0
DA:521,0
DA:522,0
DA:523,0
DA:528,0
DA:537,0
DA:540,0
DA:581,0
DA:607,0
DA:625,0
DA:664,0
DA:703,0
DA:709,0
DA:738,0
DA:745,0
DA:764,0
DA:775,0
DA:783,0
DA:873,0
DA:950,0
LF:143
LH:0
BRDA:113,0,0,0
BRDA:113,0,1,0
BRDA:140,1,0,0
BRDA:140,1,1,0
BRDA:149,2,0,0
BRDA:149,2,1,0
BRDA:149,3,0,0
BRDA:149,3,1,0
BRDA:164,4,0,0
BRDA:164,4,1,0
BRDA:183,5,0,0
BRDA:183,5,1,0
BRDA:214,6,0,0
BRDA:214,6,1,0
BRDA:228,7,0,0
BRDA:228,7,1,0
BRDA:229,8,0,0
BRDA:229,8,1,0
BRDA:230,9,0,0
BRDA:230,9,1,0
BRDA:257,10,0,0
BRDA:257,10,1,0
BRDA:265,11,0,0
BRDA:266,12,0,0
BRDA:266,12,1,0
BRDA:285,13,0,0
BRDA:285,13,1,0
BRDA:285,13,2,0
BRDA:285,13,3,0
BRDA:285,13,4,0
BRDA:295,14,0,0
BRDA:295,14,1,0
BRDA:296,15,0,0
BRDA:296,15,1,0
BRDA:301,16,0,0
BRDA:301,16,1,0
BRDA:301,16,2,0
BRDA:301,16,3,0
BRDA:301,16,4,0
BRDA:348,17,0,0
BRDA:348,17,1,0
BRDA:352,18,0,0
BRDA:352,18,1,0
BRDA:425,19,0,0
BRDA:425,19,1,0
BRDA:427,20,0,0
BRDA:427,20,1,0
BRDA:427,21,0,0
BRDA:427,21,1,0
BRDA:458,22,0,0
BRDA:458,22,1,0
BRDA:460,23,0,0
BRDA:460,23,1,0
BRDA:460,24,0,0
BRDA:460,24,1,0
BRDA:488,25,0,0
BRDA:488,25,1,0
BRDA:506,26,0,0
BRDA:506,26,1,0
BRDA:521,27,0,0
BRDA:521,27,1,0
BRDA:521,28,0,0
BRDA:521,28,1,0
BRDA:533,29,0,0
BRDA:533,29,1,0
BRDA:565,30,0,0
BRDA:565,30,1,0
BRDA:575,31,0,0
BRDA:575,31,1,0
BRDA:597,32,0,0
BRDA:597,32,1,0
BRDA:605,33,0,0
BRDA:605,33,1,0
BRDA:605,34,0,0
BRDA:605,34,1,0
BRDA:619,35,0,0
BRDA:619,35,1,0
BRDA:630,36,0,0
BRDA:630,36,1,0
BRDA:641,37,0,0
BRDA:641,37,1,0
BRDA:642,38,0,0
BRDA:642,38,1,0
BRDA:658,39,0,0
BRDA:658,39,1,0
BRDA:672,40,0,0
BRDA:672,40,1,0
BRDA:674,41,0,0
BRDA:674,41,1,0
BRDA:680,42,0,0
BRDA:680,42,1,0
BRDA:824,43,0,0
BRDA:824,43,1,0
BRDA:850,44,0,0
BRDA:850,44,1,0
BRDA:866,45,0,0
BRDA:866,45,1,0
BRDA:904,46,0,0
BRDA:904,46,1,0
BRDA:909,47,0,0
BRDA:909,47,1,0
BRDA:909,48,0,0
BRDA:909,48,1,0
BRDA:909,48,2,0
BRDA:909,49,0,0
BRDA:909,49,1,0
BRDA:916,50,0,0
BRDA:916,50,1,0
BRDA:916,51,0,0
BRDA:916,51,1,0
BRDA:916,51,2,0
BRDA:916,52,0,0
BRDA:916,52,1,0
BRDA:923,53,0,0
BRDA:923,53,1,0
BRDA:923,54,0,0
BRDA:923,54,1,0
BRDA:923,54,2,0
BRDA:923,55,0,0
BRDA:923,55,1,0
BRDA:943,56,0,0
BRDA:943,56,1,0
BRF:122
BRH:0
end_of_record
TN:
SF:src\components\Admin\KnowledgeBaseManagement.tsx
FN:57,(anonymous_0)
FN:90,(anonymous_1)
FN:119,(anonymous_2)
FN:163,(anonymous_3)
FN:181,(anonymous_4)
FN:182,(anonymous_5)
FN:210,(anonymous_6)
FN:246,(anonymous_7)
FN:255,(anonymous_8)
FN:283,(anonymous_9)
FN:288,(anonymous_10)
FN:291,(anonymous_11)
FN:297,(anonymous_12)
FN:302,(anonymous_13)
FN:308,(anonymous_14)
FN:320,(anonymous_15)
FN:325,(anonymous_16)
FN:335,(anonymous_17)
FN:339,(anonymous_18)
FN:343,(anonymous_19)
FN:352,(anonymous_20)
FN:367,(anonymous_21)
FN:400,(anonymous_22)
FN:428,(anonymous_23)
FN:435,(anonymous_24)
FN:487,(anonymous_25)
FN:512,(anonymous_26)
FN:567,(anonymous_27)
FN:585,(anonymous_28)
FN:615,(anonymous_29)
FN:621,(anonymous_30)
FN:654,(anonymous_31)
FN:664,(anonymous_32)
FN:673,(anonymous_33)
FN:685,(anonymous_34)
FN:721,(anonymous_35)
FN:732,(anonymous_36)
FN:733,(anonymous_37)
FN:765,(anonymous_38)
FN:796,(anonymous_39)
FN:827,(anonymous_40)
FN:833,(anonymous_41)
FN:837,(anonymous_42)
FN:879,(anonymous_43)
FN:893,(anonymous_44)
FN:924,(anonymous_45)
FN:940,(anonymous_46)
FN:941,(anonymous_47)
FN:951,(anonymous_48)
FN:989,(anonymous_49)
FN:1020,(anonymous_50)
FN:1026,(anonymous_51)
FN:1041,(anonymous_52)
FN:1090,(anonymous_53)
FN:1099,(anonymous_54)
FN:1103,(anonymous_55)
FN:1106,(anonymous_56)
FN:1128,(anonymous_57)
FN:1134,(anonymous_58)
FNF:59
FNH:0
FNDA:0,(anonymous_0)
FNDA:0,(anonymous_1)
FNDA:0,(anonymous_2)
FNDA:0,(anonymous_3)
FNDA:0,(anonymous_4)
FNDA:0,(anonymous_5)
FNDA:0,(anonymous_6)
FNDA:0,(anonymous_7)
FNDA:0,(anonymous_8)
FNDA:0,(anonymous_9)
FNDA:0,(anonymous_10)
FNDA:0,(anonymous_11)
FNDA:0,(anonymous_12)
FNDA:0,(anonymous_13)
FNDA:0,(anonymous_14)
FNDA:0,(anonymous_15)
FNDA:0,(anonymous_16)
FNDA:0,(anonymous_17)
FNDA:0,(anonymous_18)
FNDA:0,(anonymous_19)
FNDA:0,(anonymous_20)
FNDA:0,(anonymous_21)
FNDA:0,(anonymous_22)
FNDA:0,(anonymous_23)
FNDA:0,(anonymous_24)
FNDA:0,(anonymous_25)
FNDA:0,(anonymous_26)
FNDA:0,(anonymous_27)
FNDA:0,(anonymous_28)
FNDA:0,(anonymous_29)
FNDA:0,(anonymous_30)
FNDA:0,(anonymous_31)
FNDA:0,(anonymous_32)
FNDA:0,(anonymous_33)
FNDA:0,(anonymous_34)
FNDA:0,(anonymous_35)
FNDA:0,(anonymous_36)
FNDA:0,(anonymous_37)
FNDA:0,(anonymous_38)
FNDA:0,(anonymous_39)
FNDA:0,(anonymous_40)
FNDA:0,(anonymous_41)
FNDA:0,(anonymous_42)
FNDA:0,(anonymous_43)
FNDA:0,(anonymous_44)
FNDA:0,(anonymous_45)
FNDA:0,(anonymous_46)
FNDA:0,(anonymous_47)
FNDA:0,(anonymous_48)
FNDA:0,(anonymous_49)
FNDA:0,(anonymous_50)
FNDA:0,(anonymous_51)
FNDA:0,(anonymous_52)
FNDA:0,(anonymous_53)
FNDA:0,(anonymous_54)
FNDA:0,(anonymous_55)
FNDA:0,(anonymous_56)
FNDA:0,(anonymous_57)
FNDA:0,(anonymous_58)
DA:57,0
DA:58,0
DA:59,0
DA:60,0
DA:61,0
DA:62,0
DA:63,0
DA:64,0
DA:65,0
DA:66,0
DA:67,0
DA:68,0
DA:69,0
DA:74,0
DA:77,0
DA:78,0
DA:79,0
DA:80,0
DA:81,0
DA:82,0
DA:83,0
DA:84,0
DA:85,0
DA:87,0
DA:90,0
DA:91,0
DA:92,0
DA:93,0
DA:104,0
DA:105,0
DA:108,0
DA:109,0
DA:115,0
DA:119,0
DA:120,0
DA:121,0
DA:122,0
DA:134,0
DA:135,0
DA:138,0
DA:146,0
DA:152,0
DA:153,0
DA:159,0
DA:163,0
DA:164,0
DA:165,0
DA:166,0
DA:177,0
DA:178,0
DA:181,0
DA:182,0
DA:184,0
DA:193,0
DA:199,0
DA:200,0
DA:206,0
DA:210,0
DA:211,0
DA:213,0
DA:214,0
DA:215,0
DA:227,0
DA:228,0
DA:229,0
DA:235,0
DA:236,0
DA:242,0
DA:246,0
DA:247,0
DA:248,0
DA:253,0
DA:255,0
DA:270,0
DA:272,0
DA:273,0
DA:279,0
DA:283,0
DA:284,0
DA:287,0
DA:288,0
DA:289,0
DA:291,0
DA:296,0
DA:297,0
DA:301,0
DA:302,0
DA:306,0
DA:307,0
DA:308,0
DA:309,0
DA:310,0
DA:313,0
DA:314,0
DA:319,0
DA:320,0
DA:321,0
DA:322,0
DA:325,0
DA:326,0
DA:327,0
DA:332,0
DA:335,0
DA:336,0
DA:339,0
DA:340,0
DA:343,0
DA:344,0
DA:345,0
DA:350,0
DA:352,0
DA:353,0
DA:358,0
DA:359,0
DA:367,0
DA:368,0
DA:370,0
DA:371,0
DA:380,0
DA:382,0
DA:383,0
DA:384,0
DA:386,0
DA:391,0
DA:392,0
DA:400,0
DA:401,0
DA:402,0
DA:403,0
DA:404,0
DA:405,0
DA:409,0
DA:410,0
DA:419,0
DA:428,0
DA:435,0
DA:487,0
DA:512,0
DA:567,0
DA:585,0
DA:616,0
DA:622,0
DA:655,0
DA:656,0
DA:665,0
DA:666,0
DA:674,0
DA:676,0
DA:677,0
DA:685,0
DA:722,0
DA:733,0
DA:734,0
DA:735,0
DA:736,0
DA:765,0
DA:797,0
DA:798,0
DA:799,0
DA:800,0
DA:828,0
DA:834,0
DA:835,0
DA:837,0
DA:880,0
DA:894,0
DA:924,0
DA:941,0
DA:942,0
DA:944,0
DA:952,0
DA:990,0
DA:991,0
DA:992,0
DA:993,0
DA:1021,0
DA:1027,0
DA:1042,0
DA:1043,0
DA:1044,0
DA:1090,0
DA:1099,0
DA:1103,0
DA:1106,0
DA:1129,0
DA:1135,0
LF:186
LH:0
BRDA:104,0,0,0
BRDA:104,0,1,0
BRDA:134,1,0,0
BRDA:134,1,1,0
BRDA:177,2,0,0
BRDA:177,2,1,0
BRDA:211,3,0,0
BRDA:211,3,1,0
BRDA:227,4,0,0
BRDA:227,4,1,0
BRDA:253,5,0,0
BRDA:253,5,1,0
BRDA:255,6,0,0
BRDA:255,6,1,0
BRDA:257,7,0,0
BRDA:257,7,1,0
BRDA:258,8,0,0
BRDA:258,8,1,0
BRDA:259,9,0,0
BRDA:259,9,1,0
BRDA:261,10,0,0
BRDA:261,10,1,0
BRDA:262,11,0,0
BRDA:262,11,1,0
BRDA:268,12,0,0
BRDA:268,12,1,0
BRDA:287,13,0,0
BRDA:287,13,1,0
BRDA:289,14,0,0
BRDA:289,14,1,0
BRDA:289,14,2,0
BRDA:296,15,0,0
BRDA:296,15,1,0
BRDA:301,16,0,0
BRDA:301,16,1,0
BRDA:306,17,0,0
BRDA:306,17,1,0
BRDA:310,18,0,0
BRDA:310,18,1,0
BRDA:319,19,0,0
BRDA:319,19,1,0
BRDA:322,20,0,0
BRDA:322,20,1,0
BRDA:327,21,0,0
BRDA:327,21,1,0
BRDA:327,21,2,0
BRDA:327,21,3,0
BRDA:350,22,0,0
BRDA:350,22,1,0
BRDA:368,23,0,0
BRDA:368,23,1,0
BRDA:374,24,0,0
BRDA:374,24,1,0
BRDA:375,25,0,0
BRDA:375,25,1,0
BRDA:380,26,0,0
BRDA:380,26,1,0
BRDA:401,27,0,0
BRDA:401,27,1,0
BRDA:401,27,2,0
BRDA:401,27,3,0
BRDA:409,28,0,0
BRDA:409,28,1,0
BRDA:490,29,0,0
BRDA:490,29,1,0
BRDA:491,30,0,0
BRDA:491,30,1,0
BRDA:570,31,0,0
BRDA:570,31,1,0
BRDA:571,32,0,0
BRDA:571,32,1,0
BRDA:581,33,0,0
BRDA:581,33,1,0
BRDA:638,34,0,0
BRDA:638,34,1,0
BRDA:700,35,0,0
BRDA:700,35,1,0
BRDA:714,36,0,0
BRDA:714,36,1,0
BRDA:719,37,0,0
BRDA:719,37,1,0
BRDA:724,38,0,0
BRDA:724,38,1,0
BRDA:734,39,0,0
BRDA:734,39,1,0
BRDA:769,40,0,0
BRDA:769,40,1,0
BRDA:778,41,0,0
BRDA:778,41,1,0
BRDA:798,42,0,0
BRDA:798,42,1,0
BRDA:834,43,0,0
BRDA:834,43,1,0
BRDA:852,44,0,0
BRDA:852,44,1,0
BRDA:855,45,0,0
BRDA:855,45,1,0
BRDA:865,46,0,0
BRDA:865,46,1,0
BRDA:869,47,0,0
BRDA:869,47,1,0
BRDA:871,48,0,0
BRDA:871,48,1,0
BRDA:875,49,0,0
BRDA:875,49,1,0
BRDA:889,50,0,0
BRDA:889,50,1,0
BRDA:910,51,0,0
BRDA:910,51,1,0
BRDA:928,52,0,0
BRDA:928,52,1,0
BRDA:938,53,0,0
BRDA:938,53,1,0
BRDA:942,54,0,0
BRDA:942,54,1,0
BRDA:953,55,0,0
BRDA:953,55,1,0
BRDA:991,56,0,0
BRDA:991,56,1,0
BRDA:1016,57,0,0
BRDA:1016,57,1,0
BRDA:1043,58,0,0
BRDA:1043,58,1,0
BRDA:1083,59,0,0
BRDA:1083,59,1,0
BRDA:1124,60,0,0
BRDA:1124,60,1,0
BRF:127
BRH:0
end_of_record
TN:
SF:src\components\Admin\MaterialKnowledgeBase.tsx
FN:89,(anonymous_0)
FN:101,(anonymous_1)
FN:105,(anonymous_2)
FN:167,(anonymous_3)
FN:169,(anonymous_4)
FN:171,(anonymous_5)
FN:198,(anonymous_6)
FN:204,(anonymous_7)
FN:211,(anonymous_8)
FN:212,(anonymous_9)
FN:215,(anonymous_10)
FN:216,(anonymous_11)
FN:219,(anonymous_12)
FN:220,(anonymous_13)
FN:223,(anonymous_14)
FN:224,(anonymous_15)
FN:228,(anonymous_16)
FN:230,(anonymous_17)
FN:238,(anonymous_18)
FN:396,(anonymous_19)
FN:436,(anonymous_20)
FN:436,(anonymous_21)
FN:532,(anonymous_22)
FN:601,(anonymous_23)
FN:625,(anonymous_24)
FN:730,(anonymous_25)
FN:829,(anonymous_26)
FN:898,(anonymous_27)
FN:899,(anonymous_28)
FN:1000,(anonymous_29)
FNF:30
FNH:0
FNDA:0,(anonymous_0)
FNDA:0,(anonymous_1)
FNDA:0,(anonymous_2)
FNDA:0,(anonymous_3)
FNDA:0,(anonymous_4)
FNDA:0,(anonymous_5)
FNDA:0,(anonymous_6)
FNDA:0,(anonymous_7)
FNDA:0,(anonymous_8)
FNDA:0,(anonymous_9)
FNDA:0,(anonymous_10)
FNDA:0,(anonymous_11)
FNDA:0,(anonymous_12)
FNDA:0,(anonymous_13)
FNDA:0,(anonymous_14)
FNDA:0,(anonymous_15)
FNDA:0,(anonymous_16)
FNDA:0,(anonymous_17)
FNDA:0,(anonymous_18)
FNDA:0,(anonymous_19)
FNDA:0,(anonymous_20)
FNDA:0,(anonymous_21)
FNDA:0,(anonymous_22)
FNDA:0,(anonymous_23)
FNDA:0,(anonymous_24)
FNDA:0,(anonymous_25)
FNDA:0,(anonymous_26)
FNDA:0,(anonymous_27)
FNDA:0,(anonymous_28)
FNDA:0,(anonymous_29)
DA:89,0
DA:90,0
DA:91,0
DA:92,0
DA:93,0
DA:94,0
DA:95,0
DA:96,0
DA:98,0
DA:99,0
DA:101,0
DA:102,0
DA:105,0
DA:106,0
DA:107,0
DA:109,0
DA:123,0
DA:124,0
DA:127,0
DA:132,0
DA:133,0
DA:136,0
DA:149,0
DA:150,0
DA:153,0
DA:159,0
DA:160,0
DA:161,0
DA:163,0
DA:164,0
DA:167,0
DA:168,0
DA:169,0
DA:170,0
DA:171,0
DA:173,0
DA:183,0
DA:184,0
DA:188,0
DA:194,0
DA:198,0
DA:199,0
DA:204,0
DA:205,0
DA:211,0
DA:212,0
DA:215,0
DA:216,0
DA:219,0
DA:220,0
DA:223,0
DA:224,0
DA:228,0
DA:229,0
DA:231,0
DA:238,0
DA:239,0
DA:242,0
DA:243,0
DA:247,0
DA:248,0
DA:250,0
DA:253,0
DA:254,0
DA:255,0
DA:258,0
DA:259,0
DA:263,0
DA:264,0
DA:269,0
DA:271,0
DA:273,0
DA:274,0
DA:276,0
DA:279,0
DA:280,0
DA:288,0
DA:396,0
DA:436,0
DA:437,0
DA:438,0
DA:439,0
DA:440,0
DA:442,0
DA:533,0
DA:534,0
DA:536,0
DA:602,0
DA:626,0
DA:731,0
DA:829,0
DA:899,0
DA:901,0
DA:1001,0
LF:94
LH:0
BRDA:123,0,0,0
BRDA:123,0,1,0
BRDA:124,1,0,0
BRDA:124,1,1,0
BRDA:132,2,0,0
BRDA:132,2,1,0
BRDA:133,3,0,0
BRDA:133,3,1,0
BRDA:149,4,0,0
BRDA:149,4,1,0
BRDA:150,5,0,0
BRDA:150,5,1,0
BRDA:159,6,0,0
BRDA:159,6,1,0
BRDA:163,7,0,0
BRDA:163,7,1,0
BRDA:164,8,0,0
BRDA:164,8,1,0
BRDA:167,9,0,0
BRDA:167,9,1,0
BRDA:168,10,0,0
BRDA:168,10,1,0
BRDA:170,11,0,0
BRDA:170,11,1,0
BRDA:171,12,0,0
BRDA:171,12,1,0
BRDA:174,13,0,0
BRDA:174,13,1,0
BRDA:175,14,0,0
BRDA:175,14,1,0
BRDA:176,15,0,0
BRDA:176,15,1,0
BRDA:185,16,0,0
BRDA:185,16,1,0
BRDA:186,17,0,0
BRDA:186,17,1,0
BRDA:199,18,0,0
BRDA:199,18,1,0
BRDA:199,18,2,0
BRDA:205,19,0,0
BRDA:205,19,1,0
BRDA:205,19,2,0
BRDA:205,19,3,0
BRDA:228,20,0,0
BRDA:231,21,0,0
BRDA:231,21,1,0
BRDA:231,21,2,0
BRDA:239,22,0,0
BRDA:239,22,1,0
BRDA:242,23,0,0
BRDA:242,23,1,0
BRDA:248,24,0,0
BRDA:248,24,1,0
BRDA:250,25,0,0
BRDA:250,25,1,0
BRDA:253,26,0,0
BRDA:253,26,1,0
BRDA:254,27,0,0
BRDA:254,27,1,0
BRDA:255,28,0,0
BRDA:255,28,1,0
BRDA:258,29,0,0
BRDA:258,29,1,0
BRDA:258,30,0,0
BRDA:258,30,1,0
BRDA:263,31,0,0
BRDA:263,31,1,0
BRDA:269,32,0,0
BRDA:269,32,1,0
BRDA:273,33,0,0
BRDA:273,33,1,0
BRDA:274,34,0,0
BRDA:274,34,1,0
BRDA:279,35,0,0
BRDA:279,35,1,0
BRDA:313,36,0,0
BRDA:313,36,1,0
BRDA:410,37,0,0
BRDA:410,37,1,0
BRDA:411,38,0,0
BRDA:411,38,1,0
BRDA:412,39,0,0
BRDA:412,39,1,0
BRDA:430,40,0,0
BRDA:430,40,1,0
BRDA:450,41,0,0
BRDA:450,41,1,0
BRDA:453,42,0,0
BRDA:453,42,1,0
BRDA:454,43,0,0
BRDA:454,43,1,0
BRDA:498,44,0,0
BRDA:498,44,1,0
BRDA:502,45,0,0
BRDA:502,45,1,0
BRDA:506,46,0,0
BRDA:506,46,1,0
BRDA:523,47,0,0
BRDA:523,47,1,0
BRDA:527,48,0,0
BRDA:527,48,1,0
BRDA:547,49,0,0
BRDA:547,49,1,0
BRDA:553,50,0,0
BRDA:553,50,1,0
BRDA:572,51,0,0
BRDA:572,51,1,0
BRDA:594,52,0,0
BRDA:594,52,1,0
BRDA:621,53,0,0
BRDA:621,53,1,0
BRDA:631,54,0,0
BRDA:631,54,1,0
BRDA:631,54,2,0
BRDA:634,55,0,0
BRDA:634,55,1,0
BRDA:643,56,0,0
BRDA:643,56,1,0
BRDA:653,57,0,0
BRDA:653,57,1,0
BRDA:657,58,0,0
BRDA:657,58,1,0
BRDA:661,59,0,0
BRDA:661,59,1,0
BRDA:721,60,0,0
BRDA:721,60,1,0
BRDA:725,61,0,0
BRDA:725,61,1,0
BRDA:738,62,0,0
BRDA:738,62,1,0
BRDA:740,63,0,0
BRDA:740,63,1,0
BRDA:745,64,0,0
BRDA:745,64,1,0
BRDA:745,64,2,0
BRDA:748,65,0,0
BRDA:748,65,1,0
BRDA:754,66,0,0
BRDA:754,66,1,0
BRDA:757,67,0,0
BRDA:757,67,1,0
BRDA:761,68,0,0
BRDA:761,68,1,0
BRDA:767,69,0,0
BRDA:767,69,1,0
BRDA:797,70,0,0
BRDA:797,70,1,0
[...]
BRDA:26,0,1,0
BRDA:131,1,0,0
BRDA:131,1,1,0
BRF:4
BRH:0
end_of_record
TN:
SF:src\utils\errorHandler.ts
FN:22,(anonymous_0)
FN:40,(anonymous_1)
FN:46,(anonymous_2)
FN:52,(anonymous_3)
FN:58,(anonymous_4)
FN:67,(anonymous_5)
FN:126,(anonymous_6)
FN:147,(anonymous_7)
FN:157,(anonymous_8)
FN:178,(anonymous_9)
FN:181,(anonymous_10)
FNF:11
FNH:0
FNDA:0,(anonymous_0)
FNDA:0,(anonymous_1)
FNDA:0,(anonymous_2)
FNDA:0,(anonymous_3)
FNDA:0,(anonymous_4)
FNDA:0,(anonymous_5)
FNDA:0,(anonymous_6)
FNDA:0,(anonymous_7)
FNDA:0,(anonymous_8)
FNDA:0,(anonymous_9)
FNDA:0,(anonymous_10)
DA:18,0
DA:19,0
DA:20,0
DA:28,0
DA:30,0
DA:31,0
DA:32,0
DA:33,0
DA:35,0
DA:41,0
DA:47,0
DA:53,0
DA:59,0
DA:69,0
DA:70,0
DA:71,0
DA:78,0
DA:82,0
DA:83,0
DA:84,0
DA:85,0
DA:87,0
DA:95,0
DA:96,0
DA:97,0
DA:105,0
DA:106,0
DA:107,0
DA:114,0
DA:115,0
DA:116,0
DA:127,0
DA:135,0
DA:136,0
DA:137,0
DA:138,0
DA:140,0
DA:148,0
DA:149,0
DA:151,0
DA:165,0
DA:181,0
DA:182,0
DA:183,0
DA:185,0
DA:186,0
DA:187,0
LF:47
LH:0
BRDA:24,0,0,0
BRDA:25,1,0,0
BRDA:46,2,0,0
BRDA:52,3,0,0
BRDA:58,4,0,0
BRDA:69,5,0,0
BRDA:69,5,1,0
BRDA:70,6,0,0
BRDA:70,6,1,0
BRDA:82,7,0,0
BRDA:82,7,1,0
BRDA:82,8,0,0
BRDA:82,8,1,0
BRDA:82,8,2,0
BRDA:85,9,0,0
BRDA:85,9,1,0
BRDA:85,9,2,0
BRDA:95,10,0,0
BRDA:95,10,1,0
BRDA:95,11,0,0
BRDA:95,11,1,0
BRDA:95,11,2,0
BRDA:105,12,0,0
BRDA:105,12,1,0
BRDA:105,13,0,0
BRDA:105,13,1,0
BRDA:105,13,2,0
BRDA:105,13,3,0
BRDA:105,13,4,0
BRDA:115,14,0,0
BRDA:115,14,1,0
BRDA:135,15,0,0
BRDA:135,15,1,0
BRDA:137,16,0,0
BRDA:137,16,1,0
BRDA:148,17,0,0
BRDA:148,17,1,0
BRDA:170,18,0,0
BRDA:170,18,1,0
BRDA:170,18,2,0
BRF:40
BRH:0
end_of_record
TN:
SF:src\utils\errorMessages.ts
FN:8,(anonymous_0)
FN:32,getErrorFeedback
FN:156,getSuccessFeedback
FN:194,categorizeError
FNF:4
FNH:0
FNDA:0,(anonymous_0)
FNDA:0,getErrorFeedback
FNDA:0,getSuccessFeedback
FNDA:0,categorizeError
DA:8,0
DA:9,0
DA:10,0
DA:11,0
DA:12,0
DA:13,0
DA:14,0
DA:15,0
DA:16,0
DA:17,0
DA:33,0
DA:36,0
DA:37,0
DA:47,0
DA:48,0
DA:59,0
DA:60,0
DA:71,0
DA:72,0
DA:83,0
DA:84,0
DA:85,0
DA:95,0
DA:96,0
DA:106,0
DA:107,0
DA:119,0
DA:120,0
DA:131,0
DA:132,0
DA:143,0
DA:157,0
DA:184,0
DA:195,0
DA:197,0
DA:198,0
DA:199,0
DA:200,0
DA:201,0
DA:202,0
DA:203,0
DA:205,0
LF:42
LH:0
BRDA:8,0,0,0
BRDA:8,0,1,0
BRDA:33,1,0,0
BRDA:33,1,1,0
BRDA:36,2,0,0
BRDA:36,2,1,0
BRDA:36,3,0,0
BRDA:36,3,1,0
BRDA:47,4,0,0
BRDA:47,4,1,0
BRDA:47,5,0,0
BRDA:47,5,1,0
BRDA:59,6,0,0
BRDA:59,6,1,0
BRDA:59,7,0,0
BRDA:59,7,1,0
BRDA:59,7,2,0
BRDA:71,8,0,0
BRDA:71,8,1,0
BRDA:71,9,0,0
BRDA:71,9,1,0
BRDA:83,10,0,0
BRDA:83,10,1,0
BRDA:83,11,0,0
BRDA:83,11,1,0
BRDA:84,12,0,0
BRDA:84,12,1,0
BRDA:84,13,0,0
BRDA:84,13,1,0
BRDA:95,14,0,0
BRDA:95,14,1,0
BRDA:95,15,0,0
BRDA:95,15,1,0
BRDA:106,16,0,0
BRDA:106,16,1,0
BRDA:106,17,0,0
BRDA:106,17,1,0
BRDA:119,18,0,0
BRDA:119,18,1,0
BRDA:119,19,0,0
BRDA:119,19,1,0
BRDA:131,20,0,0
BRDA:131,20,1,0
BRDA:131,21,0,0
BRDA:131,21,1,0
BRDA:184,22,0,0
BRDA:184,22,1,0
BRDA:195,23,0,0
BRDA:195,23,1,0
BRDA:197,24,0,0
BRDA:197,24,1,0
BRDA:197,25,0,0
BRDA:197,25,1,0
BRDA:198,26,0,0
BRDA:198,26,1,0
BRDA:198,27,0,0
BRDA:198,27,1,0
BRDA:199,28,0,0
BRDA:199,28,1,0
BRDA:199,29,0,0
BRDA:199,29,1,0
BRDA:200,30,0,0
BRDA:200,30,1,0
BRDA:200,31,0,0
BRDA:200,31,1,0
BRDA:201,32,0,0
BRDA:201,32,1,0
BRDA:201,33,0,0
BRDA:201,33,1,0
BRDA:202,34,0,0
BRDA:202,34,1,0
BRDA:202,35,0,0
BRDA:202,35,1,0
BRDA:203,36,0,0
BRDA:203,36,1,0
BRDA:203,37,0,0
BRDA:203,37,1,0
BRF:77
BRH:0
end_of_record
TN:
SF:src\utils\errorReporting.ts
FN:11,(anonymous_0)
FN:19,(anonymous_1)
FN:180,(anonymous_2)
FN:189,(anonymous_3)
FN:203,(anonymous_4)
FN:204,(anonymous_5)
FN:213,(anonymous_6)
FN:330,(anonymous_7)
FN:331,(anonymous_8)
FN:339,(anonymous_9)
FN:346,(anonymous_10)
FN:347,(anonymous_11)
FN:367,(anonymous_12)
FN:368,(anonymous_13)
FN:373,(anonymous_14)
FN:383,(anonymous_15)
FN:384,(anonymous_16)
FN:393,(anonymous_17)
FN:394,(anonymous_18)
FN:400,(anonymous_19)
FN:401,(anonymous_20)
FN:407,(anonymous_21)
FN:414,(anonymous_22)
FN:435,createErrorResponse
FN:465,logErrorReport
FN:478,(anonymous_25)
FNF:26
FNH:0
FNDA:0,(anonymous_0)
FNDA:0,(anonymous_1)
FNDA:0,(anonymous_2)
FNDA:0,(anonymous_3)
FNDA:0,(anonymous_4)
FNDA:0,(anonymous_5)
FNDA:0,(anonymous_6)
FNDA:0,(anonymous_7)
FNDA:0,(anonymous_8)
FNDA:0,(anonymous_9)
FNDA:0,(anonymous_10)
FNDA:0,(anonymous_11)
FNDA:0,(anonymous_12)
FNDA:0,(anonymous_13)
FNDA:0,(anonymous_14)
FNDA:0,(anonymous_15)
FNDA:0,(anonymous_16)
FNDA:0,(anonymous_17)
FNDA:0,(anonymous_18)
FNDA:0,(anonymous_19)
FNDA:0,(anonymous_20)
FNDA:0,(anonymous_21)
FNDA:0,(anonymous_22)
FNDA:0,createErrorResponse
FNDA:0,logErrorReport
FNDA:0,(anonymous_25)
DA:11,0
DA:12,0
DA:13,0
DA:14,0
DA:15,0
DA:19,0
DA:20,0
DA:21,0
DA:22,0
DA:23,0
DA:24,0
DA:25,0
DA:64,0
DA:105,0
DA:141,0
DA:175,0
DA:176,0
DA:177,0
DA:178,0
DA:181,0
DA:182,0
DA:183,0
DA:190,0
DA:197,0
DA:204,0
DA:205,0
DA:206,0
DA:214,0
DA:218,0
DA:221,0
DA:223,0
DA:225,0
DA:226,0
DA:227,0
DA:228,0
DA:233,0
DA:236,0
DA:237,0
DA:238,0
DA:239,0
DA:243,0
DA:244,0
DA:245,0
DA:250,0
DA:251,0
DA:256,0
DA:258,0
DA:261,0
DA:262,0
DA:263,0
DA:264,0
DA:268,0
DA:269,0
DA:270,0
DA:275,0
DA:276,0
DA:281,0
DA:283,0
DA:286,0
DA:287,0
DA:288,0
DA:292,0
DA:296,0
DA:297,0
DA:298,0
DA:299,0
DA:302,0
DA:303,0
DA:304,0
DA:305,0
DA:306,0
DA:307,0
DA:308,0
DA:309,0
DA:313,0
DA:331,0
DA:332,0
DA:340,0
DA:341,0
DA:344,0
DA:346,0
DA:347,0
DA:351,0
DA:368,0
DA:369,0
DA:370,0
DA:373,0
DA:374,0
DA:377,0
DA:384,0
DA:385,0
DA:394,0
DA:401,0
DA:408,0
DA:415,0
DA:439,0
DA:440,0
DA:444,0
DA:454,0
DA:455,0
DA:456,0
DA:459,0
DA:466,0
DA:467,0
DA:468,0
DA:469,0
DA:470,0
DA:471,0
DA:473,0
DA:474,0
DA:477,0
DA:478,0
DA:479,0
DA:480,0
DA:481,0
DA:483,0
DA:484,0
DA:487,0
LF:118
LH:0
BRDA:11,0,0,0
BRDA:11,0,1,0
BRDA:19,1,0,0
BRDA:19,1,1,0
BRDA:183,2,0,0
BRDA:183,2,1,0
BRDA:193,3,0,0
BRDA:193,3,1,0
BRDA:203,4,0,0
BRDA:223,5,0,0
BRDA:223,5,1,0
BRDA:223,5,2,0
BRDA:223,5,3,0
BRDA:223,5,4,0
BRDA:228,6,0,0
BRDA:228,6,1,0
BRDA:230,7,0,0
BRDA:230,7,1,0
BRDA:231,8,0,0
BRDA:231,8,1,0
BRDA:237,9,0,0
BRDA:237,9,1,0
BRDA:239,10,0,0
BRDA:239,10,1,0
BRDA:241,11,0,0
BRDA:241,11,1,0
BRDA:243,12,0,0
BRDA:243,12,1,0
BRDA:245,13,0,0
BRDA:245,13,1,0
BRDA:247,14,0,0
BRDA:247,14,1,0
BRDA:251,15,0,0
BRDA:251,15,1,0
BRDA:253,16,0,0
BRDA:253,16,1,0
BRDA:254,17,0,0
BRDA:254,17,1,0
BRDA:262,18,0,0
BRDA:262,18,1,0
BRDA:264,19,0,0
BRDA:264,19,1,0
BRDA:266,20,0,0
BRDA:266,20,1,0
BRDA:268,21,0,0
BRDA:268,21,1,0
BRDA:270,22,0,0
BRDA:270,22,1,0
BRDA:272,23,0,0
BRDA:272,23,1,0
BRDA:276,24,0,0
BRDA:276,24,1,0
BRDA:278,25,0,0
BRDA:278,25,1,0
BRDA:279,26,0,0
BRDA:279,26,1,0
BRDA:288,27,0,0
BRDA:288,27,1,0
BRDA:302,28,0,0
BRDA:302,28,1,0
BRDA:304,29,0,0
BRDA:304,29,1,0
BRDA:306,30,0,0
BRDA:306,30,1,0
BRDA:308,31,0,0
BRDA:308,31,1,0
BRDA:320,32,0,0
BRDA:320,32,1,0
BRDA:332,33,0,0
BRDA:332,33,1,0
BRDA:385,34,0,0
BRDA:385,34,1,0
BRDA:437,35,0,0
BRDA:440,36,0,0
BRDA:440,36,1,0
BRDA:441,37,0,0
BRDA:441,37,1,0
BRDA:448,38,0,0
BRDA:448,38,1,0
BRDA:454,39,0,0
BRDA:454,39,1,0
BRDA:473,40,0,0
BRDA:473,40,1,0
BRDA:480,41,0,0
BRDA:480,41,1,0
BRDA:483,42,0,0
BRDA:483,42,1,0
BRDA:483,43,0,0
BRDA:483,43,1,0
BRF:89
BRH:0
end_of_record
TN:
SF:src\utils\materialValidation.ts
FN:8,isMaterialCategory
FN:12,isValidFinish
FN:17,isValidSize
FN:22,isValidInstallationMethod
FN:27,isValidApplication
FN:65,validateMaterial
FN:201,validateMaterialMetadata
FN:288,validateMaterialProperties
FN:416,validateExtractedAIData
FN:510,validateExtractedMetaFields
FN:598,(anonymous_10)
FN:620,validateAndSuggestCorrections
FN:627,(anonymous_12)
FN:669,validateMaterialBatch
FN:679,(anonymous_14)
FN:681,(anonymous_15)
FN:682,(anonymous_16)
FN:686,(anonymous_17)
FN:687,(anonymous_18)
FN:688,(anonymous_19)
FN:705,isValidISODate
FN:713,validateR11Format
FN:721,(anonymous_22)
FN:727,checkExtractionCompleteness
FN:736,(anonymous_24)
FN:743,(anonymous_25)
FN:756,sanitizeExtractedData
FN:815,(anonymous_27)
FN:816,(anonymous_28)
FN:817,(anonymous_29)
FN:835,normalizeR11Rating
FN:851,createMaterialFromExtractedData
FNF:32
FNH:0
FNDA:0,isMaterialCategory
FNDA:0,isValidFinish
FNDA:0,isValidSize
FNDA:0,isValidInstallationMethod
FNDA:0,isValidApplication
FNDA:0,validateMaterial
FNDA:0,validateMaterialMetadata
FNDA:0,validateMaterialProperties
FNDA:0,validateExtractedAIData
FNDA:0,validateExtractedMetaFields
FNDA:0,(anonymous_10)
FNDA:0,validateAndSuggestCorrections
FNDA:0,(anonymous_12)
FNDA:0,validateMaterialBatch
FNDA:0,(anonymous_14)
FNDA:0,(anonymous_15)
FNDA:0,(anonymous_16)
FNDA:0,(anonymous_17)
FNDA:0,(anonymous_18)
FNDA:0,(anonymous_19)
FNDA:0,isValidISODate
FNDA:0,validateR11Format
FNDA:0,(anonymous_22)
FNDA:0,checkExtractionCompleteness
FNDA:0,(anonymous_24)
FNDA:0,(anonymous_25)
FNDA:0,sanitizeExtractedData
FNDA:0,(anonymous_27)
FNDA:0,(anonymous_28)
FNDA:0,(anonymous_29)
FNDA:0,normalizeR11Rating
FNDA:0,createMaterialFromExtractedData
DA:9,0
DA:13,0
DA:14,0
DA:18,0
DA:19,0
DA:23,0
DA:24,0
DA:28,0
DA:29,0
DA:66,0
DA:67,0
DA:70,0
DA:71,0
DA:78,0
DA:79,0
DA:86,0
DA:87,0
DA:92,0
DA:93,0
DA:100,0
DA:101,0
DA:106,0
DA:107,0
DA:114,0
DA:115,0
DA:120,0
DA:121,0
DA:128,0
DA:129,0
DA:136,0
DA:137,0
DA:144,0
DA:145,0
DA:153,0
DA:154,0
DA:155,0
DA:156,0
DA:160,0
DA:161,0
DA:162,0
DA:163,0
DA:167,0
DA:168,0
DA:175,0
DA:176,0
DA:183,0
DA:184,0
DA:191,0
DA:205,0
DA:206,0
DA:208,0
DA:211,0
DA:212,0
DA:213,0
DA:220,0
DA:228,0
DA:229,0
DA:230,0
DA:237,0
DA:245,0
DA:246,0
DA:247,0
DA:254,0
DA:262,0
DA:263,0
DA:264,0
DA:271,0
DA:278,0
DA:289,0
DA:290,0
DA:293,0
DA:294,0
DA:295,0
DA:300,0
DA:301,0
DA:309,0
DA:310,0
DA:311,0
DA:316,0
DA:317,0
DA:325,0
DA:326,0
DA:327,0
DA:332,0
DA:333,0
DA:341,0
DA:342,0
DA:343,0
DA:348,0
DA:349,0
DA:357,0
DA:358,0
DA:359,0
DA:364,0
DA:365,0
DA:370,0
DA:371,0
DA:379,0
DA:380,0
DA:381,0
DA:386,0
DA:387,0
DA:396,0
DA:397,0
DA:398,0
DA:406,0
DA:420,0
DA:421,0
DA:424,0
DA:425,0
DA:431,0
DA:434,0
DA:435,0
DA:436,0
DA:441,0
DA:442,0
DA:451,0
DA:452,0
DA:453,0
DA:454,0
DA:456,0
DA:465,0
DA:466,0
DA:468,0
DA:469,0
DA:476,0
DA:477,0
DA:482,0
DA:483,0
DA:491,0
DA:492,0
DA:500,0
DA:514,0
DA:515,0
DA:517,0
DA:518,0
DA:523,0
DA:526,0
DA:529,0
DA:530,0
DA:531,0
DA:540,0
DA:541,0
DA:542,0
DA:551,0
DA:552,0
DA:553,0
DA:562,0
DA:563,0
DA:564,0
DA:573,0
DA:574,0
DA:575,0
DA:580,0
DA:581,0
DA:590,0
DA:591,0
DA:592,0
DA:598,0
DA:599,0
DA:600,0
DA:610,0
DA:623,0
DA:624,0
DA:627,0
DA:628,0
DA:630,0
DA:631,0
DA:633,0
DA:634,0
DA:635,0
DA:637,0
DA:639,0
DA:640,0
DA:641,0
DA:643,0
DA:648,0
DA:649,0
DA:652,0
DA:653,0
DA:656,0
DA:657,0
DA:660,0
DA:679,0
DA:681,0
DA:682,0
DA:684,0
DA:686,0
DA:687,0
DA:688,0
DA:691,0
DA:706,0
DA:707,0
DA:715,0
DA:721,0
DA:735,0
DA:736,0
DA:737,0
DA:743,0
DA:744,0
DA:746,0
DA:760,0
DA:761,0
DA:764,0
DA:765,0
DA:768,0
DA:769,0
DA:770,0
DA:771,0
DA:772,0
DA:777,0
DA:778,0
DA:779,0
DA:780,0
DA:781,0
DA:786,0
DA:787,0
DA:788,0
DA:789,0
DA:790,0
DA:795,0
DA:796,0
DA:797,0
DA:798,0
DA:799,0
DA:804,0
DA:805,0
DA:806,0
DA:807,0
DA:808,0
DA:813,0
DA:814,0
DA:815,0
DA:816,0
DA:817,0
DA:819,0
DA:820,0
DA:821,0
DA:826,0
DA:836,0
DA:839,0
DA:840,0
DA:841,0
DA:842,0
DA:845,0
DA:860,0
DA:861,0
DA:863,0
DA:884,0
DA:885,0
DA:886,0
DA:889,0
DA:890,0
DA:894,0
DA:895,0
DA:900,0
DA:906,0
LF:257
LH:0
BRDA:14,0,0,0
BRDA:14,0,1,0
BRDA:19,1,0,0
BRDA:19,1,1,0
BRDA:24,2,0,0
BRDA:24,2,1,0
BRDA:29,3,0,0
BRDA:29,3,1,0
BRDA:70,4,0,0
BRDA:70,4,1,0
BRDA:78,5,0,0
BRDA:78,5,1,0
BRDA:78,6,0,0
BRDA:78,6,1,0
BRDA:86,7,0,0
BRDA:86,7,1,0
BRDA:92,8,0,0
BRDA:92,8,1,0
BRDA:100,9,0,0
BRDA:100,9,1,0
BRDA:106,10,0,0
BRDA:106,10,1,0
BRDA:114,11,0,0
BRDA:114,11,1,0
BRDA:120,12,0,0
BRDA:120,12,1,0
BRDA:128,13,0,0
BRDA:128,13,1,0
BRDA:136,14,0,0
BRDA:136,14,1,0
BRDA:144,15,0,0
BRDA:144,15,1,0
BRDA:153,16,0,0
BRDA:153,16,1,0
BRDA:153,17,0,0
BRDA:153,17,1,0
BRDA:153,17,2,0
BRDA:160,18,0,0
BRDA:160,18,1,0
BRDA:167,19,0,0
BRDA:167,19,1,0
BRDA:167,20,0,0
BRDA:167,20,1,0
BRDA:175,21,0,0
BRDA:175,21,1,0
BRDA:175,22,0,0
BRDA:175,22,1,0
BRDA:183,23,0,0
BRDA:183,23,1,0
BRDA:183,24,0,0
BRDA:183,24,1,0
BRDA:211,25,0,0
BRDA:211,25,1,0
BRDA:212,26,0,0
BRDA:212,26,1,0
BRDA:228,27,0,0
BRDA:228,27,1,0
BRDA:229,28,0,0
BRDA:229,28,1,0
BRDA:245,29,0,0
BRDA:245,29,1,0
BRDA:246,30,0,0
BRDA:246,30,1,0
BRDA:262,31,0,0
BRDA:262,31,1,0
BRDA:263,32,0,0
BRDA:263,32,1,0
BRDA:293,33,0,0
BRDA:293,33,1,0
BRDA:294,34,0,0
BRDA:294,34,1,0
BRDA:294,35,0,0
BRDA:294,35,1,0
BRDA:300,36,0,0
BRDA:300,36,1,0
BRDA:309,37,0,0
BRDA:309,37,1,0
BRDA:310,38,0,0
BRDA:310,38,1,0
BRDA:310,39,0,0
BRDA:310,39,1,0
BRDA:316,40,0,0
BRDA:316,40,1,0
BRDA:325,41,0,0
BRDA:325,41,1,0
BRDA:326,42,0,0
BRDA:326,42,1,0
BRDA:326,43,0,0
BRDA:326,43,1,0
BRDA:332,44,0,0
BRDA:332,44,1,0
BRDA:341,45,0,0
BRDA:341,45,1,0
BRDA:342,46,0,0
BRDA:342,46,1,0
BRDA:342,47,0,0
BRDA:342,47,1,0
BRDA:348,48,0,0
BRDA:348,48,1,0
BRDA:357,49,0,0
BRDA:357,49,1,0
BRDA:358,50,0,0
BRDA:358,50,1,0
BRDA:364,51,0,0
BRDA:364,51,1,0
BRDA:370,52,0,0
BRDA:370,52,1,0
BRDA:379,53,0,0
BRDA:379,53,1,0
BRDA:380,54,0,0
BRDA:380,54,1,0
BRDA:386,55,0,0
BRDA:386,55,1,0
BRDA:396,56,0,0
BRDA:396,56,1,0
BRDA:396,57,0,0
BRDA:396,57,1,0
BRDA:397,58,0,0
BRDA:397,58,1,0
BRDA:424,59,0,0
BRDA:424,59,1,0
BRDA:434,60,0,0
BRDA:434,60,1,0
BRDA:435,61,0,0
BRDA:435,61,1,0
BRDA:435,62,0,0
BRDA:435,62,1,0
BRDA:435,62,2,0
BRDA:441,63,0,0
BRDA:441,63,1,0
BRDA:451,64,0,0
BRDA:451,64,1,0
BRDA:465,65,0,0
BRDA:465,65,1,0
BRDA:468,66,0,0
BRDA:468,66,1,0
BRDA:476,67,0,0
BRDA:476,67,1,0
BRDA:482,68,0,0
BRDA:482,68,1,0
BRDA:491,69,0,0
BRDA:491,69,1,0
BRDA:491,70,0,0
BRDA:491,70,1,0
BRDA:517,71,0,0
BRDA:517,71,1,0
BRDA:529,72,0,0
BRDA:529,72,1,0
BRDA:530,73,0,0
BRDA:530,73,1,0
BRDA:540,74,0,0
BRDA:540,74,1,0
BRDA:541,75,0,0
BRDA:541,75,1,0
BRDA:551,76,0,0
BRDA:551,76,1,0
BRDA:552,77,0,0
BRDA:552,77,1,0
BRDA:562,78,0,0
BRDA:562,78,1,0
BRDA:563,79,0,0
BRDA:563,79,1,0
BRDA:573,80,0,0
BRDA:573,80,1,0
BRDA:574,81,0,0
BRDA:574,81,1,0
BRDA:580,82,0,0
BRDA:580,82,1,0
BRDA:590,83,0,0
BRDA:590,83,1,0
BRDA:591,84,0,0
BRDA:591,84,1,0
BRDA:599,85,0,0
BRDA:599,85,1,0
BRDA:628,86,0,0
BRDA:628,86,1,0
BRDA:628,86,2,0
BRDA:633,87,0,0
BRDA:633,87,1,0
BRDA:633,88,0,0
BRDA:633,88,1,0
BRDA:639,89,0,0
BRDA:639,89,1,0
BRDA:639,90,0,0
BRDA:639,90,1,0
BRDA:648,91,0,0
BRDA:648,91,1,0
BRDA:652,92,0,0
BRDA:652,92,1,0
BRDA:652,93,0,0
BRDA:652,93,1,0
BRDA:656,94,0,0
BRDA:656,94,1,0
BRDA:656,95,0,0
BRDA:656,95,1,0
BRDA:707,96,0,0
BRDA:707,96,1,0
BRDA:707,96,2,0
BRDA:729,97,0,0
BRDA:735,98,0,0
BRDA:735,98,1,0
BRDA:737,99,0,0
BRDA:737,99,1,0
BRDA:737,99,2,0
BRDA:737,99,3,0
BRDA:764,100,0,0
BRDA:764,100,1,0
BRDA:768,101,0,0
BRDA:768,101,1,0
BRDA:768,102,0,0
BRDA:768,102,1,0
BRDA:770,103,0,0
BRDA:770,103,1,0
BRDA:777,104,0,0
BRDA:777,104,1,0
BRDA:777,105,0,0
BRDA:777,105,1,0
BRDA:779,106,0,0
BRDA:779,106,1,0
BRDA:786,107,0,0
BRDA:786,107,1,0
BRDA:786,108,0,0
BRDA:786,108,1,0
BRDA:788,109,0,0
BRDA:788,109,1,0
BRDA:795,110,0,0
BRDA:795,110,1,0
BRDA:795,111,0,0
BRDA:795,111,1,0
BRDA:797,112,0,0
BRDA:797,112,1,0
BRDA:804,113,0,0
BRDA:804,113,1,0
BRDA:804,114,0,0
BRDA:804,114,1,0
BRDA:806,115,0,0
BRDA:806,115,1,0
BRDA:813,116,0,0
BRDA:813,116,1,0
BRDA:813,117,0,0
BRDA:813,117,1,0
BRDA:819,118,0,0
BRDA:819,118,1,0
BRDA:840,119,0,0
BRDA:840,119,1,0
BRDA:868,120,0,0
BRDA:868,120,1,0
BRDA:884,121,0,0
BRDA:884,121,1,0
BRDA:889,122,0,0
BRDA:889,122,1,0
BRDA:894,123,0,0
BRDA:894,123,1,0
BRF:253
BRH:0
end_of_record
TN:
SF:src\utils\retryHelper.ts
FN:28,(anonymous_0)
FN:73,(anonymous_1)
FN:101,(anonymous_2)
FN:102,(anonymous_3)
FNF:4
FNH:0
FNDA:0,(anonymous_0)
FNDA:0,(anonymous_1)
FNDA:0,(anonymous_2)
FNDA:0,(anonymous_3)
DA:38,0
DA:41,0
DA:43,0
DA:44,0
DA:45,0
DA:47,0
DA:50,0
DA:51,0
DA:55,0
DA:56,0
DA:60,0
DA:63,0
DA:67,0
DA:75,0
DA:78,0
DA:82,0
DA:86,0
DA:87,0
DA:91,0
DA:92,0
DA:95,0
DA:102,0
LF:22
LH:0
BRDA:35,0,0,0
BRDA:36,1,0,0
BRDA:37,2,0,0
BRDA:50,3,0,0
BRDA:50,3,1,0
BRDA:55,4,0,0
BRDA:55,4,1,0
BRDA:78,5,0,0
BRDA:78,5,1,0
BRDA:78,6,0,0
BRDA:78,6,1,0
BRDA:78,6,2,0
BRDA:78,6,3,0
BRDA:86,7,0,0
BRDA:86,7,1,0
BRDA:86,8,0,0
BRDA:86,8,1,0
BRDA:91,9,0,0
BRDA:91,9,1,0
BRDA:91,10,0,0
BRDA:91,10,1,0
BRF:21
BRH:0
end_of_record
TN:
SF:src\utils\typeGuards.ts
FN:11,isString
FN:15,isNumber
FN:19,isBoolean
FN:23,isNull
FN:27,isUndefined
FN:31,isNullish
FN:35,isObject
FN:39,isArray
FN:43,isFunction
FN:47,isDate
FN:51,isError
FN:58,isStringArray
FN:62,isNumberArray
FN:66,isRecord
FN:70,isStringRecord
FN:74,isNumberRecord
FN:88,isApiResponse
FN:98,isSuccessfulApiResponse
FN:102,isFailedApiResponse
FN:115,isDatabaseRecord
FN:133,isValidationResult
FN:142,isValidValidationResult
FN:146,isInvalidValidationResult
FN:159,isBaseEvent
FN:176,isBaseConfig
FN:183,safeParseJSON
FN:191,safeStringify
FN:199,safeParseNumber
FN:204,safeParseBoolean
FN:217,ensureArray
FN:223,filterValidItems
FN:233,hasProperty
FN:240,hasStringProperty
FN:247,hasNumberProperty
FN:254,hasBooleanProperty
FN:264,getStringProperty
FN:268,getNumberProperty
FN:272,getBooleanProperty
FN:276,getArrayProperty
FN:296,assertIsString
FN:302,assertIsNumber
FN:308,assertIsObject
FN:314,assertIsArray
FNF:43
FNH:0
FNDA:0,isString
FNDA:0,isNumber
FNDA:0,isBoolean
FNDA:0,isNull
FNDA:0,isUndefined
FNDA:0,isNullish
FNDA:0,isObject
FNDA:0,isArray
FNDA:0,isFunction
FNDA:0,isDate
FNDA:0,isError
FNDA:0,isStringArray
FNDA:0,isNumberArray
FNDA:0,isRecord
FNDA:0,isStringRecord
FNDA:0,isNumberRecord
FNDA:0,isApiResponse
FNDA:0,isSuccessfulApiResponse
FNDA:0,isFailedApiResponse
FNDA:0,isDatabaseRecord
FNDA:0,isValidationResult
FNDA:0,isValidValidationResult
FNDA:0,isInvalidValidationResult
FNDA:0,isBaseEvent
FNDA:0,isBaseConfig
FNDA:0,safeParseJSON
FNDA:0,safeStringify
FNDA:0,safeParseNumber
FNDA:0,safeParseBoolean
FNDA:0,ensureArray
FNDA:0,filterValidItems
FNDA:0,hasProperty
FNDA:0,hasStringProperty
FNDA:0,hasNumberProperty
FNDA:0,hasBooleanProperty
FNDA:0,getStringProperty
FNDA:0,getNumberProperty
FNDA:0,getBooleanProperty
FNDA:0,getArrayProperty
FNDA:0,assertIsString
FNDA:0,assertIsNumber
FNDA:0,assertIsObject
FNDA:0,assertIsArray
DA:12,0
DA:16,0
DA:20,0
DA:24,0
DA:28,0
DA:32,0
DA:36,0
DA:40,0
DA:44,0
DA:48,0
DA:52,0
DA:59,0
DA:63,0
DA:67,0
DA:71,0
DA:75,0
DA:89,0
DA:99,0
DA:103,0
DA:116,0
DA:134,0
DA:143,0
DA:147,0
DA:160,0
DA:177,0
DA:184,0
DA:185,0
DA:187,0
DA:192,0
DA:193,0
DA:195,0
DA:200,0
DA:201,0
DA:205,0
DA:206,0
DA:207,0
DA:208,0
DA:210,0
DA:211,0
DA:218,0
DA:219,0
DA:220,0
DA:227,0
DA:237,0
DA:244,0
DA:251,0
DA:258,0
DA:265,0
DA:269,0
DA:273,0
DA:282,0
DA:283,0
DA:286,0
DA:287,0
DA:290,0
DA:297,0
DA:298,0
DA:303,0
DA:304,0
DA:309,0
DA:310,0
DA:315,0
DA:316,0
LF:63
LH:0
BRDA:16,0,0,0
BRDA:16,0,1,0
BRDA:32,1,0,0
BRDA:32,1,1,0
BRDA:36,2,0,0
BRDA:36,2,1,0
BRDA:36,2,2,0
BRDA:48,3,0,0
BRDA:48,3,1,0
BRDA:59,4,0,0
BRDA:59,4,1,0
BRDA:63,5,0,0
BRDA:63,5,1,0
BRDA:71,6,0,0
BRDA:71,6,1,0
BRDA:75,7,0,0
BRDA:75,7,1,0
BRDA:90,8,0,0
BRDA:90,8,1,0
BRDA:90,8,2,0
BRDA:90,8,3,0
BRDA:90,8,4,0
BRDA:90,8,5,0
BRDA:90,8,6,0
BRDA:90,8,7,0
BRDA:99,9,0,0
BRDA:99,9,1,0
BRDA:99,9,2,0
BRDA:103,10,0,0
BRDA:103,10,1,0
BRDA:103,10,2,0
BRDA:117,11,0,0
BRDA:117,11,1,0
BRDA:117,11,2,0
BRDA:117,11,3,0
BRDA:117,11,4,0
BRDA:135,12,0,0
BRDA:135,12,1,0
BRDA:135,12,2,0
BRDA:135,12,3,0
BRDA:135,12,4,0
BRDA:135,12,5,0
BRDA:143,13,0,0
BRDA:143,13,1,0
BRDA:143,13,2,0
BRDA:147,14,0,0
BRDA:147,14,1,0
BRDA:147,14,2,0
BRDA:161,15,0,0
BRDA:161,15,1,0
BRDA:161,15,2,0
BRDA:161,15,3,0
BRDA:161,15,4,0
BRDA:177,16,0,0
BRDA:177,16,1,0
BRDA:201,17,0,0
BRDA:201,17,1,0
BRDA:205,18,0,0
BRDA:205,18,1,0
BRDA:206,19,0,0
BRDA:206,19,1,0
BRDA:208,20,0,0
BRDA:208,20,1,0
BRDA:208,20,2,0
BRDA:210,21,0,0
BRDA:210,21,1,0
BRDA:218,22,0,0
BRDA:218,22,1,0
BRDA:219,23,0,0
BRDA:219,23,1,0
BRDA:237,24,0,0
BRDA:237,24,1,0
BRDA:244,25,0,0
BRDA:244,25,1,0
BRDA:251,26,0,0
BRDA:251,26,1,0
BRDA:258,27,0,0
BRDA:258,27,1,0
BRDA:264,28,0,0
BRDA:265,29,0,0
BRDA:265,29,1,0
BRDA:268,30,0,0
BRDA:269,31,0,0
BRDA:269,31,1,0
BRDA:272,32,0,0
BRDA:273,33,0,0
BRDA:273,33,1,0
BRDA:280,34,0,0
BRDA:282,35,0,0
BRDA:282,35,1,0
BRDA:282,36,0,0
BRDA:282,36,1,0
BRDA:286,37,0,0
BRDA:286,37,1,0
BRDA:296,38,0,0
BRDA:297,39,0,0
BRDA:297,39,1,0
BRDA:302,40,0,0
BRDA:303,41,0,0
BRDA:303,41,1,0
BRDA:308,42,0,0
BRDA:309,43,0,0
BRDA:309,43,1,0
BRDA:314,44,0,0
BRDA:315,45,0,0
BRDA:315,45,1,0
BRF:106
BRH:0
end_of_record
