TN:
SF:src\api\document-integration.ts
FN:28,(anonymous_0)
FN:48,(anonymous_1)
FN:243,(anonymous_2)
FN:386,(anonymous_3)
FN:389,(anonymous_4)
FN:392,(anonymous_5)
FN:395,(anonymous_6)
FN:406,(anonymous_7)
FN:431,(anonymous_8)
FN:444,(anonymous_9)
FN:508,(anonymous_10)
FN:548,(anonymous_11)
FN:551,(anonymous_12)
FN:554,(anonymous_13)
FN:678,(anonymous_14)
FN:681,(anonymous_15)
FN:684,(anonymous_16)
FN:743,(anonymous_17)
FN:251,(anonymous_18)
FN:314,(anonymous_19)
FN:352,(anonymous_20)
FN:809,(anonymous_21)
FN:815,(anonymous_22)
FN:817,(anonymous_23)
FN:818,(anonymous_24)
FN:819,(anonymous_25)
FN:832,(anonymous_26)
FN:839,(anonymous_27)
FN:845,(anonymous_28)
FN:852,(anonymous_29)
FN:864,createDocumentIntegrationController
FNF:31
FNH:0
FNDA:0,(anonymous_0)
FNDA:0,(anonymous_1)
FNDA:0,(anonymous_2)
FNDA:0,(anonymous_3)
FNDA:0,(anonymous_4)
FNDA:0,(anonymous_5)
FNDA:0,(anonymous_6)
FNDA:0,(anonymous_7)
FNDA:0,(anonymous_8)
FNDA:0,(anonymous_9)
FNDA:0,(anonymous_10)
FNDA:0,(anonymous_11)
FNDA:0,(anonymous_12)
FNDA:0,(anonymous_13)
FNDA:0,(anonymous_14)
FNDA:0,(anonymous_15)
FNDA:0,(anonymous_16)
FNDA:0,(anonymous_17)
FNDA:0,(anonymous_18)
FNDA:0,(anonymous_19)
FNDA:0,(anonymous_20)
FNDA:0,(anonymous_21)
FNDA:0,(anonymous_22)
FNDA:0,(anonymous_23)
FNDA:0,(anonymous_24)
FNDA:0,(anonymous_25)
FNDA:0,(anonymous_26)
FNDA:0,(anonymous_27)
FNDA:0,(anonymous_28)
FNDA:0,(anonymous_29)
FNDA:0,createDocumentIntegrationController
DA:26,0
DA:29,0
DA:30,0
DA:32,0
DA:34,0
DA:36,0
DA:37,0
DA:40,0
DA:41,0
DA:44,0
DA:45,0
DA:50,0
DA:55,0
DA:154,0
DA:241,0
DA:244,0
DA:252,0
DA:254,0
DA:260,0
DA:261,0
DA:262,0
DA:266,0
DA:272,0
DA:273,0
DA:285,0
DA:286,0
DA:290,0
DA:291,0
DA:293,0
DA:306,0
DA:315,0
DA:316,0
DA:317,0
DA:318,0
DA:319,0
DA:322,0
DA:323,0
DA:325,0
DA:326,0
DA:338,0
DA:339,0
DA:342,0
DA:344,0
DA:353,0
DA:354,0
DA:355,0
DA:359,0
DA:360,0
DA:372,0
DA:373,0
DA:376,0
DA:378,0
DA:386,0
DA:387,0
DA:389,0
DA:390,0
DA:392,0
DA:393,0
DA:395,0
DA:396,0
DA:399,0
DA:400,0
DA:401,0
DA:406,0
DA:417,0
DA:418,0
DA:421,0
DA:422,0
DA:425,0
DA:431,0
DA:445,0
DA:461,0
DA:462,0
DA:464,0
DA:465,0
DA:466,0
DA:469,0
DA:488,0
DA:489,0
DA:493,0
DA:496,0
DA:504,0
DA:508,0
DA:514,0
DA:524,0
DA:527,0
DA:540,0
DA:548,0
DA:549,0
DA:551,0
DA:552,0
DA:554,0
DA:555,0
DA:558,0
DA:559,0
DA:560,0
DA:573,0
DA:574,0
DA:577,0
DA:578,0
DA:581,0
DA:584,0
DA:587,0
DA:588,0
DA:600,0
DA:601,0
DA:605,0
DA:608,0
DA:616,0
DA:628,0
DA:637,0
DA:640,0
DA:641,0
DA:653,0
DA:654,0
DA:657,0
DA:670,0
DA:678,0
DA:679,0
DA:681,0
DA:682,0
DA:684,0
DA:685,0
DA:688,0
DA:689,0
DA:690,0
DA:703,0
DA:704,0
DA:707,0
DA:708,0
DA:711,0
DA:714,0
DA:715,0
DA:727,0
DA:728,0
DA:732,0
DA:740,0
DA:743,0
DA:761,0
DA:770,0
DA:773,0
DA:774,0
DA:786,0
DA:787,0
DA:790,0
DA:803,0
DA:812,0
DA:816,0
DA:817,0
DA:818,0
DA:819,0
DA:822,0
DA:824,0
DA:834,0
DA:835,0
DA:836,0
DA:840,0
DA:841,0
DA:845,0
DA:846,0
DA:849,0
DA:853,0
DA:854,0
DA:858,0
DA:859,0
DA:865,0
LF:166
LH:0
BRDA:28,0,0,0
BRDA:28,1,0,0
BRDA:34,2,0,0
BRDA:34,2,1,0
BRDA:34,3,0,0
BRDA:34,3,1,0
BRDA:40,4,0,0
BRDA:40,4,1,0
BRDA:390,5,0,0
BRDA:390,5,1,0
BRDA:393,6,0,0
BRDA:393,6,1,0
BRDA:396,7,0,0
BRDA:396,7,1,0
BRDA:400,8,0,0
BRDA:400,8,1,0
BRDA:431,9,0,0
BRDA:431,9,1,0
BRDA:444,10,0,0
BRDA:444,10,1,0
BRDA:447,11,0,0
BRDA:447,11,1,0
BRDA:461,12,0,0
BRDA:461,12,1,0
BRDA:464,13,0,0
BRDA:464,13,1,0
BRDA:473,14,0,0
BRDA:473,14,1,0
BRDA:476,15,0,0
BRDA:476,15,1,0
BRDA:479,16,0,0
BRDA:479,16,1,0
BRDA:488,17,0,0
BRDA:488,17,1,0
BRDA:532,18,0,0
BRDA:532,18,1,0
BRDA:552,19,0,0
BRDA:552,19,1,0
BRDA:555,20,0,0
BRDA:555,20,1,0
BRDA:559,21,0,0
BRDA:559,21,1,0
BRDA:587,22,0,0
BRDA:587,22,1,0
BRDA:640,23,0,0
BRDA:640,23,1,0
BRDA:640,24,0,0
BRDA:640,24,1,0
BRDA:662,25,0,0
BRDA:662,25,1,0
BRDA:682,26,0,0
BRDA:682,26,1,0
BRDA:685,27,0,0
BRDA:685,27,1,0
BRDA:689,28,0,0
BRDA:689,28,1,0
BRDA:714,29,0,0
BRDA:714,29,1,0
BRDA:748,30,0,0
BRDA:748,30,1,0
BRDA:748,31,0,0
BRDA:748,31,1,0
BRDA:773,32,0,0
BRDA:773,32,1,0
BRDA:773,33,0,0
BRDA:773,33,1,0
BRDA:795,34,0,0
BRDA:795,34,1,0
BRDA:261,35,0,0
BRDA:261,35,1,0
BRDA:272,36,0,0
BRDA:272,36,1,0
BRDA:276,37,0,0
BRDA:276,37,1,0
BRDA:277,38,0,0
BRDA:277,38,1,0
BRDA:285,39,0,0
BRDA:285,39,1,0
BRDA:298,40,0,0
BRDA:298,40,1,0
BRDA:317,41,0,0
BRDA:317,41,1,0
BRDA:325,42,0,0
BRDA:325,42,1,0
BRDA:355,43,0,0
BRDA:355,43,1,0
BRDA:355,43,2,0
BRDA:359,44,0,0
BRDA:359,44,1,0
BRDA:359,45,0,0
BRDA:359,45,1,0
BRDA:359,45,2,0
BRDA:818,46,0,0
BRDA:818,46,1,0
BRDA:818,46,2,0
BRDA:822,47,0,0
BRDA:822,47,1,0
BRDA:840,48,0,0
BRDA:840,48,1,0
BRDA:840,49,0,0
BRDA:840,49,1,0
BRDA:840,49,2,0
BRDA:846,50,0,0
BRDA:846,50,1,0
BRDA:853,51,0,0
BRDA:853,51,1,0
BRDA:853,52,0,0
BRDA:853,52,1,0
BRDA:853,52,2,0
BRF:109
BRH:0
end_of_record
TN:
SF:src\api\mivaa-gateway.ts
FN:80,(anonymous_0)
FN:99,(anonymous_1)
FN:116,(anonymous_2)
FN:430,(anonymous_3)
FN:433,(anonymous_4)
FN:436,(anonymous_5)
FN:439,(anonymous_6)
FN:487,(anonymous_7)
FN:539,(anonymous_8)
FN:542,(anonymous_9)
FN:545,(anonymous_10)
FN:602,(anonymous_11)
FN:605,(anonymous_12)
FN:608,(anonymous_13)
FN:669,(anonymous_14)
FN:672,(anonymous_15)
FN:675,(anonymous_16)
FN:736,(anonymous_17)
FN:739,(anonymous_18)
FN:742,(anonymous_19)
FN:804,(anonymous_20)
FN:129,(anonymous_21)
FN:227,(anonymous_22)
FN:266,(anonymous_23)
FN:276,(anonymous_24)
FN:317,(anonymous_25)
FN:354,(anonymous_26)
FNF:27
FNH:0
FNDA:0,(anonymous_0)
FNDA:0,(anonymous_1)
FNDA:0,(anonymous_2)
FNDA:0,(anonymous_3)
FNDA:0,(anonymous_4)
FNDA:0,(anonymous_5)
FNDA:0,(anonymous_6)
FNDA:0,(anonymous_7)
FNDA:0,(anonymous_8)
FNDA:0,(anonymous_9)
FNDA:0,(anonymous_10)
FNDA:0,(anonymous_11)
FNDA:0,(anonymous_12)
FNDA:0,(anonymous_13)
FNDA:0,(anonymous_14)
FNDA:0,(anonymous_15)
FNDA:0,(anonymous_16)
FNDA:0,(anonymous_17)
FNDA:0,(anonymous_18)
FNDA:0,(anonymous_19)
FNDA:0,(anonymous_20)
FNDA:0,(anonymous_21)
FNDA:0,(anonymous_22)
FNDA:0,(anonymous_23)
FNDA:0,(anonymous_24)
FNDA:0,(anonymous_25)
FNDA:0,(anonymous_26)
DA:8,0
DA:9,0
DA:10,0
DA:66,0
DA:78,0
DA:81,0
DA:82,0
DA:84,0
DA:86,0
DA:87,0
DA:88,0
DA:91,0
DA:92,0
DA:95,0
DA:96,0
DA:100,0
DA:113,0
DA:114,0
DA:117,0
DA:120,0
DA:121,0
DA:130,0
DA:133,0
DA:136,0
DA:139,0
DA:144,0
DA:146,0
DA:153,0
DA:154,0
DA:158,0
DA:164,0
DA:165,0
DA:166,0
DA:170,0
DA:176,0
DA:178,0
DA:195,0
DA:196,0
DA:200,0
DA:204,0
DA:206,0
DA:220,0
DA:228,0
DA:229,0
DA:230,0
DA:231,0
DA:232,0
DA:235,0
DA:236,0
DA:238,0
DA:239,0
DA:252,0
DA:253,0
DA:256,0
DA:258,0
DA:259,0
DA:267,0
DA:269,0
DA:270,0
DA:271,0
DA:276,0
DA:288,0
DA:289,0
DA:293,0
DA:294,0
DA:296,0
DA:310,0
DA:318,0
DA:320,0
DA:322,0
DA:325,0
DA:334,0
DA:335,0
DA:336,0
DA:340,0
DA:347,0
DA:348,0
DA:352,0
DA:353,0
DA:354,0
DA:355,0
DA:360,0
DA:361,0
DA:363,0
DA:365,0
DA:366,0
DA:381,0
DA:392,0
DA:394,0
DA:395,0
DA:410,0
DA:430,0
DA:431,0
DA:433,0
DA:434,0
DA:436,0
DA:437,0
DA:439,0
DA:440,0
DA:442,0
DA:443,0
DA:446,0
DA:449,0
DA:457,0
DA:462,0
DA:465,0
DA:479,0
DA:487,0
DA:488,0
DA:490,0
DA:497,0
DA:498,0
DA:500,0
DA:515,0
DA:517,0
DA:531,0
DA:539,0
DA:540,0
DA:542,0
DA:543,0
DA:545,0
DA:546,0
DA:548,0
DA:549,0
DA:552,0
DA:561,0
DA:564,0
DA:572,0
DA:577,0
DA:580,0
DA:594,0
DA:602,0
DA:603,0
DA:605,0
DA:606,0
DA:608,0
DA:609,0
DA:611,0
DA:612,0
DA:615,0
DA:624,0
DA:627,0
DA:639,0
DA:644,0
DA:647,0
DA:661,0
DA:669,0
DA:670,0
DA:672,0
DA:673,0
DA:675,0
DA:676,0
DA:678,0
DA:679,0
DA:682,0
DA:691,0
DA:694,0
DA:706,0
DA:711,0
DA:714,0
DA:728,0
DA:736,0
DA:737,0
DA:739,0
DA:740,0
DA:742,0
DA:743,0
DA:745,0
DA:746,0
DA:747,0
DA:750,0
DA:759,0
DA:762,0
DA:774,0
DA:779,0
DA:782,0
DA:796,0
DA:804,0
DA:805,0
DA:807,0
DA:814,0
DA:815,0
DA:817,0
DA:835,0
DA:837,0
DA:851,0
DA:857,0
LF:187
LH:0
BRDA:80,0,0,0
BRDA:80,1,0,0
BRDA:86,2,0,0
BRDA:86,2,1,0
BRDA:86,3,0,0
BRDA:86,3,1,0
BRDA:91,4,0,0
BRDA:91,4,1,0
BRDA:434,5,0,0
BRDA:434,5,1,0
BRDA:437,6,0,0
BRDA:437,6,1,0
BRDA:440,7,0,0
BRDA:440,7,1,0
BRDA:457,8,0,0
BRDA:457,8,1,0
BRDA:458,9,0,0
BRDA:458,9,1,0
BRDA:459,10,0,0
BRDA:459,10,1,0
BRDA:460,11,0,0
BRDA:460,11,1,0
BRDA:470,12,0,0
BRDA:470,12,1,0
BRDA:504,13,0,0
BRDA:504,13,1,0
BRDA:510,14,0,0
BRDA:510,14,1,0
BRDA:522,15,0,0
BRDA:522,15,1,0
BRDA:543,16,0,0
BRDA:543,16,1,0
BRDA:546,17,0,0
BRDA:546,17,1,0
BRDA:572,18,0,0
BRDA:572,18,1,0
BRDA:573,19,0,0
BRDA:573,19,1,0
BRDA:574,20,0,0
BRDA:574,20,1,0
BRDA:575,21,0,0
BRDA:575,21,1,0
BRDA:585,22,0,0
BRDA:585,22,1,0
BRDA:606,23,0,0
BRDA:606,23,1,0
BRDA:609,24,0,0
BRDA:609,24,1,0
BRDA:639,25,0,0
BRDA:639,25,1,0
BRDA:640,26,0,0
BRDA:640,26,1,0
BRDA:641,27,0,0
BRDA:641,27,1,0
BRDA:642,28,0,0
BRDA:642,28,1,0
BRDA:652,29,0,0
BRDA:652,29,1,0
BRDA:673,30,0,0
BRDA:673,30,1,0
BRDA:676,31,0,0
BRDA:676,31,1,0
BRDA:706,32,0,0
BRDA:706,32,1,0
BRDA:707,33,0,0
BRDA:707,33,1,0
BRDA:708,34,0,0
BRDA:708,34,1,0
BRDA:709,35,0,0
BRDA:709,35,1,0
BRDA:719,36,0,0
BRDA:719,36,1,0
BRDA:740,37,0,0
BRDA:740,37,1,0
BRDA:743,38,0,0
BRDA:743,38,1,0
BRDA:774,39,0,0
BRDA:774,39,1,0
BRDA:775,40,0,0
BRDA:775,40,1,0
BRDA:776,41,0,0
BRDA:776,41,1,0
BRDA:777,42,0,0
BRDA:777,42,1,0
BRDA:787,43,0,0
BRDA:787,43,1,0
BRDA:820,44,0,0
BRDA:820,44,1,0
BRDA:830,45,0,0
BRDA:830,45,1,0
BRDA:842,46,0,0
BRDA:842,46,1,0
BRDA:117,47,0,0
BRDA:117,47,1,0
BRDA:120,48,0,0
BRDA:120,48,1,0
BRDA:136,49,0,0
BRDA:136,49,1,0
BRDA:136,49,2,0
BRDA:141,50,0,0
BRDA:141,50,1,0
BRDA:144,51,0,0
BRDA:144,51,1,0
BRDA:144,52,0,0
BRDA:144,52,1,0
BRDA:165,53,0,0
BRDA:165,53,1,0
BRDA:176,54,0,0
BRDA:176,54,1,0
BRDA:211,55,0,0
BRDA:211,55,1,0
BRDA:230,56,0,0
BRDA:230,56,1,0
BRDA:238,57,0,0
BRDA:238,57,1,0
BRDA:270,58,0,0
BRDA:270,58,1,0
BRDA:301,59,0,0
BRDA:301,59,1,0
BRDA:335,60,0,0
BRDA:335,60,1,0
BRDA:343,61,0,0
BRDA:343,61,1,0
BRDA:347,62,0,0
BRDA:347,62,1,0
BRDA:347,63,0,0
BRDA:347,63,1,0
BRDA:353,64,0,0
BRDA:353,64,1,0
BRDA:365,65,0,0
BRDA:365,65,1,0
BRDA:370,66,0,0
BRDA:370,66,1,0
BRDA:394,67,0,0
BRDA:394,67,1,0
BRDA:394,68,0,0
BRDA:394,68,1,0
BRDA:400,69,0,0
BRDA:400,69,1,0
BRDA:415,70,0,0
BRDA:415,70,1,0
BRF:141
BRH:0
end_of_record
TN:
SF:src\api\routes.ts
FN:48,(anonymous_0)
FN:175,(anonymous_1)
FN:61,(anonymous_2)
FN:81,(anonymous_3)
FN:92,(anonymous_4)
FN:103,(anonymous_5)
FN:215,(anonymous_6)
FN:216,(anonymous_7)
FN:225,(anonymous_8)
FN:233,(anonymous_9)
FN:244,(anonymous_10)
FN:249,(anonymous_11)
FNF:12
FNH:0
FNDA:0,(anonymous_0)
FNDA:0,(anonymous_1)
FNDA:0,(anonymous_2)
FNDA:0,(anonymous_3)
FNDA:0,(anonymous_4)
FNDA:0,(anonymous_5)
FNDA:0,(anonymous_6)
FNDA:0,(anonymous_7)
FNDA:0,(anonymous_8)
FNDA:0,(anonymous_9)
FNDA:0,(anonymous_10)
FNDA:0,(anonymous_11)
DA:49,0
DA:50,0
DA:55,0
DA:62,0
DA:82,0
DA:83,0
DA:85,0
DA:93,0
DA:94,0
DA:96,0
DA:104,0
DA:105,0
DA:107,0
DA:175,0
DA:176,0
DA:178,0
DA:181,0
DA:191,0
DA:194,0
DA:196,0
DA:216,0
DA:217,0
DA:226,0
DA:227,0
DA:229,0
DA:230,0
DA:233,0
DA:234,0
DA:235,0
DA:237,0
DA:245,0
DA:246,0
DA:247,0
DA:249,0
DA:250,0
DA:251,0
DA:252,0
DA:253,0
DA:254,0
DA:259,0
DA:264,0
LF:41
LH:0
BRDA:201,0,0,0
BRDA:201,0,1,0
BRDA:82,1,0,0
BRDA:82,1,1,0
BRDA:93,2,0,0
BRDA:93,2,1,0
BRDA:104,3,0,0
BRDA:104,3,1,0
BRDA:217,4,0,0
BRDA:217,4,1,0
BRDA:229,5,0,0
BRDA:229,5,1,0
BRDA:234,6,0,0
BRDA:234,6,1,0
BRDA:250,7,0,0
BRDA:250,7,1,0
BRDA:253,8,0,0
BRDA:253,8,1,0
BRF:18
BRH:0
end_of_record
TN:
SF:src\api\controllers\consolidatedPDFController.ts
FN:214,(anonymous_0)
FN:236,(anonymous_1)
FN:260,(anonymous_2)
FN:321,(anonymous_3)
FN:382,(anonymous_4)
FN:389,(anonymous_5)
FN:397,(anonymous_6)
FN:441,(anonymous_7)
FN:606,(anonymous_8)
FN:733,(anonymous_9)
FN:832,(anonymous_10)
FN:856,(anonymous_11)
FN:874,(anonymous_12)
FN:923,(anonymous_13)
FN:937,(anonymous_14)
FN:938,(anonymous_15)
FN:961,(anonymous_16)
FN:972,(anonymous_17)
FN:976,(anonymous_18)
FN:985,createConsolidatedPDFController
FNF:20
FNH:0
FNDA:0,(anonymous_0)
FNDA:0,(anonymous_1)
FNDA:0,(anonymous_2)
FNDA:0,(anonymous_3)
FNDA:0,(anonymous_4)
FNDA:0,(anonymous_5)
FNDA:0,(anonymous_6)
FNDA:0,(anonymous_7)
FNDA:0,(anonymous_8)
FNDA:0,(anonymous_9)
FNDA:0,(anonymous_10)
FNDA:0,(anonymous_11)
FNDA:0,(anonymous_12)
FNDA:0,(anonymous_13)
FNDA:0,(anonymous_14)
FNDA:0,(anonymous_15)
FNDA:0,(anonymous_16)
FNDA:0,(anonymous_17)
FNDA:0,(anonymous_18)
FNDA:0,createConsolidatedPDFController
DA:160,0
DA:194,0
DA:215,0
DA:216,0
DA:221,0
DA:222,0
DA:225,0
DA:227,0
DA:228,0
DA:237,0
DA:239,0
DA:240,0
DA:241,0
DA:245,0
DA:247,0
DA:248,0
DA:266,0
DA:268,0
DA:271,0
DA:274,0
DA:275,0
DA:286,0
DA:287,0
DA:289,0
DA:297,0
DA:298,0
DA:300,0
DA:307,0
DA:309,0
DA:337,0
DA:339,0
DA:342,0
DA:361,0
DA:380,0
DA:383,0
DA:390,0
DA:391,0
DA:398,0
DA:399,0
DA:401,0
DA:422,0
DA:446,0
DA:448,0
DA:450,0
DA:451,0
DA:460,0
DA:461,0
DA:462,0
DA:472,0
DA:473,0
DA:474,0
DA:475,0
DA:485,0
DA:522,0
DA:523,0
DA:534,0
DA:536,0
DA:539,0
DA:540,0
DA:541,0
DA:557,0
DA:558,0
DA:562,0
DA:566,0
DA:575,0
DA:581,0
DA:584,0
DA:593,0
DA:610,0
DA:612,0
DA:614,0
DA:615,0
DA:624,0
DA:625,0
DA:626,0
DA:635,0
DA:636,0
DA:637,0
DA:638,0
DA:648,0
DA:649,0
DA:650,0
DA:651,0
DA:655,0
DA:674,0
DA:675,0
DA:685,0
DA:686,0
DA:694,0
DA:703,0
DA:709,0
DA:712,0
DA:721,0
DA:737,0
DA:739,0
DA:741,0
DA:742,0
DA:751,0
DA:752,0
DA:753,0
DA:762,0
DA:763,0
DA:764,0
DA:773,0
DA:793,0
DA:802,0
DA:808,0
DA:811,0
DA:820,0
DA:837,0
DA:839,0
DA:841,0
DA:842,0
DA:851,0
DA:852,0
DA:854,0
DA:855,0
DA:856,0
DA:870,0
DA:871,0
DA:874,0
DA:875,0
DA:880,0
DA:889,0
DA:899,0
DA:902,0
DA:911,0
DA:924,0
DA:926,0
DA:927,0
DA:935,0
DA:937,0
DA:938,0
DA:943,0
DA:949,0
DA:962,0
DA:965,0
DA:967,0
DA:968,0
DA:973,0
DA:977,0
DA:978,0
DA:986,0
LF:143
LH:0
BRDA:221,0,0,0
BRDA:221,0,1,0
BRDA:239,1,0,0
BRDA:239,1,1,0
BRDA:240,2,0,0
BRDA:240,2,1,0
BRDA:286,3,0,0
BRDA:286,3,1,0
BRDA:297,4,0,0
BRDA:297,4,1,0
BRDA:430,5,0,0
BRDA:430,5,1,0
BRDA:450,6,0,0
BRDA:450,6,1,0
BRDA:450,7,0,0
BRDA:450,7,1,0
BRDA:461,8,0,0
BRDA:461,8,1,0
BRDA:472,9,0,0
BRDA:472,9,1,0
BRDA:474,10,0,0
BRDA:474,10,1,0
BRDA:488,11,0,0
BRDA:488,11,1,0
BRDA:489,12,0,0
BRDA:489,12,1,0
BRDA:491,13,0,0
BRDA:491,13,1,0
BRDA:492,14,0,0
BRDA:492,14,1,0
BRDA:495,15,0,0
BRDA:495,15,1,0
BRDA:496,16,0,0
BRDA:496,16,1,0
BRDA:505,17,0,0
BRDA:505,17,1,0
BRDA:507,18,0,0
BRDA:507,18,1,0
BRDA:508,19,0,0
BRDA:508,19,1,0
BRDA:509,20,0,0
BRDA:509,20,1,0
BRDA:512,21,0,0
BRDA:512,21,1,0
BRDA:515,22,0,0
BRDA:515,22,1,0
BRDA:522,23,0,0
BRDA:522,23,1,0
BRDA:522,24,0,0
BRDA:522,24,1,0
BRDA:534,25,0,0
BRDA:534,25,1,0
BRDA:539,26,0,0
BRDA:539,26,1,0
BRDA:597,27,0,0
BRDA:597,27,1,0
BRDA:614,28,0,0
BRDA:614,28,1,0
BRDA:614,29,0,0
BRDA:614,29,1,0
BRDA:625,30,0,0
BRDA:625,30,1,0
BRDA:635,31,0,0
BRDA:635,31,1,0
BRDA:637,32,0,0
BRDA:637,32,1,0
BRDA:651,33,0,0
BRDA:651,33,1,0
BRDA:652,34,0,0
BRDA:652,34,1,0
BRDA:657,35,0,0
BRDA:657,35,1,0
BRDA:657,36,0,0
BRDA:657,36,1,0
BRDA:657,36,2,0
BRDA:668,37,0,0
BRDA:668,37,1,0
BRDA:669,38,0,0
BRDA:669,38,1,0
BRDA:674,39,0,0
BRDA:674,39,1,0
BRDA:685,40,0,0
BRDA:685,40,1,0
BRDA:741,41,0,0
BRDA:741,41,1,0
BRDA:741,42,0,0
BRDA:741,42,1,0
BRDA:752,43,0,0
BRDA:752,43,1,0
BRDA:763,44,0,0
BRDA:763,44,1,0
BRDA:841,45,0,0
BRDA:841,45,1,0
BRDA:841,46,0,0
BRDA:841,46,1,0
BRDA:851,47,0,0
BRDA:851,47,1,0
BRDA:863,48,0,0
BRDA:863,48,1,0
BRDA:874,49,0,0
BRDA:874,49,1,0
BRDA:874,50,0,0
BRDA:874,50,1,0
BRDA:926,51,0,0
BRDA:926,51,1,0
BRDA:926,52,0,0
BRDA:926,52,1,0
BRF:107
BRH:0
end_of_record
TN:
SF:src\api\controllers\documentWorkflowController.ts
FN:175,(anonymous_0)
FN:182,(anonymous_1)
FN:189,(anonymous_2)
FN:224,(anonymous_3)
FN:287,(anonymous_4)
FN:334,(anonymous_5)
FN:442,(anonymous_6)
FN:544,(anonymous_7)
FN:641,(anonymous_8)
FN:700,(anonymous_9)
FN:707,(anonymous_10)
FN:714,(anonymous_11)
FNF:12
FNH:0
FNDA:0,(anonymous_0)
FNDA:0,(anonymous_1)
FNDA:0,(anonymous_2)
FNDA:0,(anonymous_3)
FNDA:0,(anonymous_4)
FNDA:0,(anonymous_5)
FNDA:0,(anonymous_6)
FNDA:0,(anonymous_7)
FNDA:0,(anonymous_8)
FNDA:0,(anonymous_9)
FNDA:0,(anonymous_10)
FNDA:0,(anonymous_11)
DA:120,0
DA:147,0
DA:173,0
DA:176,0
DA:183,0
DA:190,0
DA:191,0
DA:206,0
DA:229,0
DA:231,0
DA:233,0
DA:234,0
DA:243,0
DA:244,0
DA:245,0
DA:254,0
DA:258,0
DA:259,0
DA:268,0
DA:269,0
DA:284,0
DA:287,0
DA:288,0
DA:292,0
DA:301,0
DA:310,0
DA:313,0
DA:322,0
DA:338,0
DA:340,0
DA:342,0
DA:343,0
DA:352,0
DA:353,0
DA:354,0
DA:363,0
DA:367,0
DA:368,0
DA:377,0
DA:378,0
DA:379,0
DA:380,0
DA:384,0
DA:403,0
DA:412,0
DA:418,0
DA:421,0
DA:430,0
DA:446,0
DA:448,0
DA:450,0
DA:451,0
DA:460,0
DA:461,0
DA:462,0
DA:471,0
DA:475,0
DA:476,0
DA:485,0
DA:505,0
DA:514,0
DA:520,0
DA:523,0
DA:532,0
DA:553,0
DA:555,0
DA:557,0
DA:558,0
DA:567,0
DA:571,0
DA:572,0
DA:581,0
DA:601,0
DA:610,0
DA:616,0
DA:619,0
DA:628,0
DA:642,0
DA:644,0
DA:645,0
DA:649,0
DA:650,0
DA:651,0
DA:656,0
DA:662,0
DA:663,0
DA:664,0
DA:668,0
DA:669,0
DA:670,0
DA:675,0
DA:685,0
DA:687,0
DA:688,0
DA:692,0
DA:693,0
DA:701,0
DA:708,0
DA:709,0
DA:711,0
DA:712,0
DA:714,0
DA:715,0
DA:716,0
DA:717,0
DA:718,0
DA:720,0
DA:722,0
DA:723,0
DA:726,0
DA:727,0
DA:728,0
DA:736,0
DA:739,0
LF:114
LH:0
BRDA:214,0,0,0
BRDA:214,0,1,0
BRDA:233,1,0,0
BRDA:233,1,1,0
BRDA:233,2,0,0
BRDA:233,2,1,0
BRDA:244,3,0,0
BRDA:244,3,1,0
BRDA:258,4,0,0
BRDA:258,4,1,0
BRDA:274,5,0,0
BRDA:274,5,1,0
BRDA:342,6,0,0
BRDA:342,6,1,0
BRDA:342,7,0,0
BRDA:342,7,1,0
BRDA:353,8,0,0
BRDA:353,8,1,0
BRDA:367,9,0,0
BRDA:367,9,1,0
BRDA:380,10,0,0
BRDA:380,10,1,0
BRDA:381,11,0,0
BRDA:381,11,1,0
BRDA:393,12,0,0
BRDA:393,12,1,0
BRDA:394,13,0,0
BRDA:394,13,1,0
BRDA:397,14,0,0
BRDA:397,14,1,0
BRDA:398,15,0,0
BRDA:398,15,1,0
BRDA:450,16,0,0
BRDA:450,16,1,0
BRDA:450,17,0,0
BRDA:450,17,1,0
BRDA:461,18,0,0
BRDA:461,18,1,0
BRDA:475,19,0,0
BRDA:475,19,1,0
BRDA:557,20,0,0
BRDA:557,20,1,0
BRDA:557,21,0,0
BRDA:557,21,1,0
BRDA:571,22,0,0
BRDA:571,22,1,0
BRDA:596,23,0,0
BRDA:596,23,1,0
BRDA:597,24,0,0
BRDA:597,24,1,0
BRDA:644,25,0,0
BRDA:644,25,1,0
BRDA:644,26,0,0
BRDA:644,26,1,0
BRDA:650,27,0,0
BRDA:650,27,1,0
BRDA:650,28,0,0
BRDA:650,28,1,0
BRDA:662,29,0,0
BRDA:662,29,1,0
BRDA:668,30,0,0
BRDA:668,30,1,0
BRDA:668,31,0,0
BRDA:668,31,1,0
BRDA:709,32,0,0
BRDA:709,32,1,0
BRDA:715,33,0,0
BRDA:715,33,1,0
BRDA:717,34,0,0
BRDA:717,34,1,0
BRDA:722,35,0,0
BRDA:722,35,1,0
BRDA:726,36,0,0
BRDA:726,36,1,0
BRF:74
BRH:0
end_of_record
TN:
SF:src\api\controllers\visualSearchController.ts
FN:114,(anonymous_0)
FN:129,(anonymous_1)
FN:209,(anonymous_2)
FN:288,(anonymous_3)
FN:369,(anonymous_4)
FN:443,(anonymous_5)
FN:507,(anonymous_6)
FN:121,(anonymous_7)
FN:531,(anonymous_8)
FNF:9
FNH:0
FNDA:0,(anonymous_0)
FNDA:0,(anonymous_1)
FNDA:0,(anonymous_2)
FNDA:0,(anonymous_3)
FNDA:0,(anonymous_4)
FNDA:0,(anonymous_5)
FNDA:0,(anonymous_6)
FNDA:0,(anonymous_7)
FNDA:0,(anonymous_8)
DA:112,0
DA:115,0
DA:122,0
DA:129,0
DA:130,0
DA:131,0
DA:134,0
DA:135,0
DA:139,0
DA:143,0
DA:144,0
DA:148,0
DA:152,0
DA:166,0
DA:177,0
DA:178,0
DA:179,0
DA:184,0
DA:188,0
DA:196,0
DA:197,0
DA:209,0
DA:210,0
DA:211,0
DA:214,0
DA:215,0
DA:219,0
DA:223,0
DA:224,0
DA:228,0
DA:232,0
DA:245,0
DA:256,0
DA:257,0
DA:258,0
DA:263,0
DA:267,0
DA:275,0
DA:276,0
DA:288,0
DA:289,0
DA:290,0
DA:293,0
DA:294,0
DA:298,0
DA:302,0
DA:303,0
DA:307,0
DA:311,0
DA:326,0
DA:337,0
DA:338,0
DA:339,0
DA:344,0
DA:348,0
DA:356,0
DA:357,0
DA:369,0
DA:370,0
DA:371,0
DA:374,0
DA:375,0
DA:379,0
DA:383,0
DA:384,0
DA:388,0
DA:392,0
DA:400,0
DA:411,0
DA:412,0
DA:413,0
DA:418,0
DA:422,0
DA:430,0
DA:431,0
DA:443,0
DA:444,0
DA:445,0
DA:448,0
DA:449,0
DA:453,0
DA:457,0
DA:465,0
DA:476,0
DA:477,0
DA:478,0
DA:483,0
DA:487,0
DA:494,0
DA:495,0
DA:507,0
DA:508,0
DA:510,0
DA:517,0
DA:519,0
DA:532,0
DA:535,0
DA:536,0
DA:539,0
DA:540,0
DA:545,0
DA:546,0
DA:549,0
DA:550,0
DA:554,0
LF:105
LH:0
BRDA:134,0,0,0
BRDA:134,0,1,0
BRDA:143,1,0,0
BRDA:143,1,1,0
BRDA:153,2,0,0
BRDA:153,2,1,0
BRDA:155,3,0,0
BRDA:155,3,1,0
BRDA:156,4,0,0
BRDA:156,4,1,0
BRDA:157,5,0,0
BRDA:157,5,1,0
BRDA:177,6,0,0
BRDA:177,6,1,0
BRDA:214,7,0,0
BRDA:214,7,1,0
BRDA:223,8,0,0
BRDA:223,8,1,0
BRDA:233,9,0,0
BRDA:233,9,1,0
BRDA:235,10,0,0
BRDA:235,10,1,0
BRDA:236,11,0,0
BRDA:236,11,1,0
BRDA:237,12,0,0
BRDA:237,12,1,0
BRDA:256,13,0,0
BRDA:256,13,1,0
BRDA:293,14,0,0
BRDA:293,14,1,0
BRDA:293,15,0,0
BRDA:293,15,1,0
BRDA:302,16,0,0
BRDA:302,16,1,0
BRDA:313,17,0,0
BRDA:313,17,1,0
BRDA:314,18,0,0
BRDA:314,18,1,0
BRDA:315,19,0,0
BRDA:315,19,1,0
BRDA:316,20,0,0
BRDA:316,20,1,0
BRDA:317,21,0,0
BRDA:317,21,1,0
BRDA:337,22,0,0
BRDA:337,22,1,0
BRDA:374,23,0,0
BRDA:374,23,1,0
BRDA:374,24,0,0
BRDA:374,24,1,0
BRDA:383,25,0,0
BRDA:383,25,1,0
BRDA:395,26,0,0
BRDA:395,26,1,0
BRDA:396,27,0,0
BRDA:396,27,1,0
BRDA:411,28,0,0
BRDA:411,28,1,0
BRDA:448,29,0,0
BRDA:448,29,1,0
BRDA:461,30,0,0
BRDA:461,30,1,0
BRDA:476,31,0,0
BRDA:476,31,1,0
BRDA:514,32,0,0
BRDA:514,32,1,0
BRDA:115,33,0,0
BRDA:115,33,1,0
BRDA:535,34,0,0
BRDA:535,34,1,0
BRDA:536,35,0,0
BRDA:536,35,1,0
BRDA:539,36,0,0
BRDA:539,36,1,0
BRDA:545,37,0,0
BRDA:545,37,1,0
BRDA:546,38,0,0
BRDA:546,38,1,0
BRDA:549,39,0,0
BRDA:549,39,1,0
BRF:80
BRH:0
end_of_record
TN:
SF:src\components\Dashboard\dashboardData.ts
FN:140,(anonymous_0)
FNF:1
FNH:0
FNDA:0,(anonymous_0)
DA:16,0
DA:41,0
DA:93,0
DA:139,0
DA:141,0
LF:5
LH:0
BRF:0
BRH:0
end_of_record
TN:
SF:src\components\ui\aspect-ratio.tsx
FNF:0
FNH:0
DA:3,0
LF:1
LH:0
BRF:0
BRH:0
end_of_record
TN:
SF:src\components\ui\collapsible.tsx
FNF:0
FNH:0
DA:3,0
DA:4,0
DA:5,0
LF:3
LH:0
BRF:0
BRH:0
end_of_record
TN:
SF:src\config\apiConfig.ts
FN:99,(anonymous_0)
FN:105,(anonymous_1)
FN:114,(anonymous_2)
FN:120,(anonymous_3)
FN:130,(anonymous_4)
FN:134,(anonymous_5)
FN:141,(anonymous_6)
FN:155,(anonymous_7)
FN:158,(anonymous_8)
FN:160,(anonymous_9)
FN:169,(anonymous_10)
FN:173,(anonymous_11)
FN:175,(anonymous_12)
FN:178,(anonymous_13)
FN:197,(anonymous_14)
FN:204,(anonymous_15)
FN:207,(anonymous_16)
FN:211,(anonymous_17)
FN:218,(anonymous_18)
FN:222,(anonymous_19)
FNF:20
FNH:0
FNDA:0,(anonymous_0)
FNDA:0,(anonymous_1)
FNDA:0,(anonymous_2)
FNDA:0,(anonymous_3)
FNDA:0,(anonymous_4)
FNDA:0,(anonymous_5)
FNDA:0,(anonymous_6)
FNDA:0,(anonymous_7)
FNDA:0,(anonymous_8)
FNDA:0,(anonymous_9)
FNDA:0,(anonymous_10)
FNDA:0,(anonymous_11)
FNDA:0,(anonymous_12)
FNDA:0,(anonymous_13)
FNDA:0,(anonymous_14)
FNDA:0,(anonymous_15)
FNDA:0,(anonymous_16)
FNDA:0,(anonymous_17)
FNDA:0,(anonymous_18)
FNDA:0,(anonymous_19)
DA:96,0
DA:100,0
DA:101,0
DA:102,0
DA:107,0
DA:108,0
DA:109,0
DA:110,0
DA:116,0
DA:117,0
DA:121,0
DA:123,0
DA:126,0
DA:131,0
DA:135,0
DA:144,0
DA:146,0
DA:147,0
DA:149,0
DA:150,0
DA:154,0
DA:155,0
DA:158,0
DA:159,0
DA:160,0
DA:162,0
DA:163,0
DA:166,0
DA:170,0
DA:174,0
DA:175,0
DA:179,0
DA:181,0
DA:182,0
DA:186,0
DA:187,0
DA:190,0
DA:192,0
DA:193,0
DA:198,0
DA:205,0
DA:207,0
DA:208,0
DA:211,0
DA:212,0
DA:215,0
DA:219,0
DA:223,0
DA:235,0
LF:49
LH:0
BRDA:121,0,0,0
BRDA:121,0,1,0
BRDA:123,1,0,0
BRDA:123,1,1,0
BRDA:126,2,0,0
BRDA:126,2,1,0
BRDA:135,3,0,0
BRDA:135,3,1,0
BRDA:149,4,0,0
BRDA:149,4,1,0
BRDA:160,5,0,0
BRDA:160,5,1,0
BRDA:162,6,0,0
BRDA:162,6,1,0
BRDA:181,7,0,0
BRDA:181,7,1,0
BRDA:181,8,0,0
BRDA:181,8,1,0
BRDA:186,9,0,0
BRDA:186,9,1,0
BRDA:204,10,0,0
BRF:21
BRH:0
end_of_record
TN:
SF:src\config\configFactory.ts
FN:21,(anonymous_0)
FN:23,(anonymous_1)
FN:33,(anonymous_2)
FN:50,(anonymous_3)
FN:58,(anonymous_4)
FN:82,(anonymous_5)
FN:135,(anonymous_6)
FN:163,(anonymous_7)
FN:173,(anonymous_8)
FN:194,(anonymous_9)
FN:239,(anonymous_10)
FN:241,(anonymous_11)
FN:250,(anonymous_12)
FN:255,(anonymous_13)
FN:267,(anonymous_14)
FN:271,(anonymous_15)
FN:290,(anonymous_16)
FN:302,(anonymous_17)
FN:309,(anonymous_18)
FN:330,(anonymous_19)
FN:331,(anonymous_20)
FNF:21
FNH:0
FNDA:0,(anonymous_0)
FNDA:0,(anonymous_1)
FNDA:0,(anonymous_2)
FNDA:0,(anonymous_3)
FNDA:0,(anonymous_4)
FNDA:0,(anonymous_5)
FNDA:0,(anonymous_6)
FNDA:0,(anonymous_7)
FNDA:0,(anonymous_8)
FNDA:0,(anonymous_9)
FNDA:0,(anonymous_10)
FNDA:0,(anonymous_11)
FNDA:0,(anonymous_12)
FNDA:0,(anonymous_13)
FNDA:0,(anonymous_14)
FNDA:0,(anonymous_15)
FNDA:0,(anonymous_16)
FNDA:0,(anonymous_17)
FNDA:0,(anonymous_18)
FNDA:0,(anonymous_19)
FNDA:0,(anonymous_20)
DA:18,0
DA:19,0
DA:24,0
DA:25,0
DA:27,0
DA:34,0
DA:36,0
DA:38,0
DA:40,0
DA:43,0
DA:51,0
DA:53,0
DA:54,0
DA:55,0
DA:56,0
DA:58,0
DA:59,0
DA:60,0
DA:61,0
DA:62,0
DA:63,0
DA:64,0
DA:71,0
DA:72,0
DA:74,0
DA:75,0
DA:83,0
DA:86,0
DA:87,0
DA:90,0
DA:91,0
DA:95,0
DA:96,0
DA:99,0
DA:100,0
DA:103,0
DA:104,0
DA:108,0
DA:109,0
DA:112,0
DA:113,0
DA:117,0
DA:118,0
DA:121,0
DA:122,0
DA:125,0
DA:126,0
DA:129,0
DA:136,0
DA:138,0
DA:141,0
DA:156,0
DA:164,0
DA:165,0
DA:166,0
DA:172,0
DA:173,0
DA:174,0
DA:176,0
DA:183,0
DA:195,0
DA:197,0
DA:200,0
DA:203,0
DA:206,0
DA:209,0
DA:210,0
DA:211,0
DA:215,0
DA:216,0
DA:220,0
DA:223,0
DA:224,0
DA:227,0
DA:228,0
DA:231,0
DA:232,0
DA:241,0
DA:242,0
DA:244,0
DA:245,0
DA:248,0
DA:250,0
DA:251,0
DA:252,0
DA:255,0
DA:256,0
DA:257,0
DA:258,0
DA:259,0
DA:261,0
DA:267,0
DA:268,0
DA:269,0
DA:270,0
DA:271,0
DA:272,0
DA:273,0
DA:274,0
DA:278,0
DA:279,0
DA:282,0
DA:291,0
DA:292,0
DA:295,0
DA:296,0
DA:303,0
DA:310,0
DA:311,0
DA:314,0
DA:331,0
DA:332,0
DA:337,0
LF:113
LH:0
BRDA:24,0,0,0
BRDA:24,0,1,0
BRDA:36,1,0,0
BRDA:36,1,1,0
BRDA:36,1,2,0
BRDA:36,1,3,0
BRDA:54,2,0,0
BRDA:54,2,1,0
BRDA:60,3,0,0
BRDA:60,3,1,0
BRDA:60,4,0,0
BRDA:60,4,1,0
BRDA:62,5,0,0
BRDA:62,5,1,0
BRDA:62,6,0,0
BRDA:62,6,1,0
BRDA:86,7,0,0
BRDA:86,7,1,0
BRDA:90,8,0,0
BRDA:90,8,1,0
BRDA:95,9,0,0
BRDA:95,9,1,0
BRDA:99,10,0,0
BRDA:99,10,1,0
BRDA:103,11,0,0
BRDA:103,11,1,0
BRDA:108,12,0,0
BRDA:108,12,1,0
BRDA:112,13,0,0
BRDA:112,13,1,0
BRDA:117,14,0,0
BRDA:117,14,1,0
BRDA:121,15,0,0
BRDA:121,15,1,0
BRDA:125,16,0,0
BRDA:125,16,1,0
BRDA:136,17,0,0
BRDA:136,17,1,0
BRDA:136,17,2,0
BRDA:136,17,3,0
BRDA:172,18,0,0
BRDA:172,18,1,0
BRDA:185,19,0,0
BRDA:185,19,1,0
BRDA:197,20,0,0
BRDA:197,20,1,0
BRDA:210,21,0,0
BRDA:210,21,1,0
BRDA:215,22,0,0
BRDA:215,22,1,0
BRDA:223,23,0,0
BRDA:223,23,1,0
BRDA:244,24,0,0
BRDA:244,24,1,0
BRDA:244,25,0,0
BRDA:244,25,1,0
BRDA:251,26,0,0
BRDA:251,26,1,0
BRDA:270,27,0,0
BRDA:270,27,1,0
BRDA:272,28,0,0
BRDA:272,28,1,0
BRDA:272,29,0,0
BRDA:272,29,1,0
BRDA:272,29,2,0
BRDA:272,29,3,0
BRDA:291,30,0,0
BRDA:291,30,1,0
BRDA:310,31,0,0
BRDA:310,31,1,0
BRF:70
BRH:0
end_of_record
TN:
SF:src\config\embedding.config.ts
FN:64,(anonymous_0)
FN:69,(anonymous_1)
FN:113,getCurrentModelConfig
FN:127,validateEmbeddingConfig
FN:164,getEmbeddingHeaders
FN:180,createEmbeddingPayload
FN:192,isMivaaCompatible
FN:199,getMigrationRecommendations
FNF:8
FNH:0
FNDA:0,(anonymous_0)
FNDA:0,(anonymous_1)
FNDA:0,getCurrentModelConfig
FNDA:0,validateEmbeddingConfig
FNDA:0,getEmbeddingHeaders
FNDA:0,createEmbeddingPayload
FNDA:0,isMivaaCompatible
FNDA:0,getMigrationRecommendations
DA:50,0
DA:65,0
DA:66,0
DA:70,0
DA:114,0
DA:115,0
DA:117,0
DA:118,0
DA:121,0
DA:128,0
DA:129,0
DA:132,0
DA:133,0
DA:137,0
DA:138,0
DA:141,0
DA:142,0
DA:146,0
DA:147,0
DA:150,0
DA:151,0
DA:154,0
DA:155,0
DA:158,0
DA:165,0
DA:166,0
DA:167,0
DA:170,0
DA:181,0
DA:193,0
DA:200,0
DA:202,0
DA:203,0
DA:206,0
DA:207,0
DA:210,0
DA:211,0
DA:214,0
DA:218,0
DA:219,0
DA:221,0
DA:223,0
DA:224,0
LF:43
LH:0
BRDA:52,0,0,0
BRDA:52,0,1,0
BRDA:53,1,0,0
BRDA:53,1,1,0
BRDA:55,2,0,0
BRDA:55,2,1,0
BRDA:56,3,0,0
BRDA:56,3,1,0
BRDA:65,4,0,0
BRDA:65,4,1,0
BRDA:117,5,0,0
BRDA:117,5,1,0
BRDA:132,6,0,0
BRDA:132,6,1,0
BRDA:137,7,0,0
BRDA:137,7,1,0
BRDA:137,8,0,0
BRDA:137,8,1,0
BRDA:141,9,0,0
BRDA:141,9,1,0
BRDA:141,10,0,0
BRDA:141,10,1,0
BRDA:146,11,0,0
BRDA:146,11,1,0
BRDA:146,12,0,0
BRDA:146,12,1,0
BRDA:150,13,0,0
BRDA:150,13,1,0
BRDA:150,14,0,0
BRDA:150,14,1,0
BRDA:154,15,0,0
BRDA:154,15,1,0
BRDA:154,16,0,0
BRDA:154,16,1,0
BRDA:154,16,2,0
BRDA:166,17,0,0
BRDA:166,17,1,0
BRDA:193,18,0,0
BRDA:193,18,1,0
BRDA:202,19,0,0
BRDA:202,19,1,0
BRDA:206,20,0,0
BRDA:206,20,1,0
BRDA:206,21,0,0
BRDA:206,21,1,0
BRDA:210,22,0,0
BRDA:210,22,1,0
BRDA:210,23,0,0
BRDA:210,23,1,0
BRDA:223,24,0,0
BRDA:223,24,1,0
BRF:51
BRH:0
end_of_record
TN:
SF:src\config\index.ts
FN:29,(anonymous_0)
FN:51,(anonymous_1)
FN:61,(anonymous_2)
FN:71,(anonymous_3)
FN:93,(anonymous_4)
FN:106,initializeApiConfigurations
FN:155,(anonymous_6)
FN:168,(anonymous_7)
FN:175,(anonymous_8)
FN:195,(anonymous_9)
FN:202,(anonymous_10)
FN:207,(anonymous_11)
FN:239,(anonymous_12)
FN:248,(anonymous_13)
FN:263,(anonymous_14)
FN:322,(anonymous_15)
FN:333,(anonymous_16)
FN:343,(anonymous_17)
FN:365,(anonymous_18)
FN:377,(anonymous_19)
FNF:20
FNH:0
FNDA:0,(anonymous_0)
FNDA:0,(anonymous_1)
FNDA:0,(anonymous_2)
FNDA:0,(anonymous_3)
FNDA:0,(anonymous_4)
FNDA:0,initializeApiConfigurations
FNDA:0,(anonymous_6)
FNDA:0,(anonymous_7)
FNDA:0,(anonymous_8)
FNDA:0,(anonymous_9)
FNDA:0,(anonymous_10)
FNDA:0,(anonymous_11)
FNDA:0,(anonymous_12)
FNDA:0,(anonymous_13)
FNDA:0,(anonymous_14)
FNDA:0,(anonymous_15)
FNDA:0,(anonymous_16)
FNDA:0,(anonymous_17)
FNDA:0,(anonymous_18)
FNDA:0,(anonymous_19)
DA:23,0
DA:29,0
DA:30,0
DA:32,0
DA:35,0
DA:37,0
DA:38,0
DA:39,0
DA:41,0
DA:43,0
DA:44,0
DA:51,0
DA:52,0
DA:53,0
DA:55,0
DA:61,0
DA:64,0
DA:65,0
DA:71,0
DA:72,0
DA:74,0
DA:76,0
DA:78,0
DA:80,0
DA:82,0
DA:84,0
DA:86,0
DA:93,0
DA:94,0
DA:95,0
DA:97,0
DA:98,0
DA:101,0
DA:102,0
DA:108,0
DA:111,0
DA:114,0
DA:156,0
DA:157,0
DA:158,0
DA:159,0
DA:169,0
DA:176,0
DA:178,0
DA:179,0
DA:183,0
DA:184,0
DA:185,0
DA:189,0
DA:196,0
DA:203,0
DA:204,0
DA:205,0
DA:207,0
DA:209,0
DA:210,0
DA:213,0
DA:214,0
DA:216,0
DA:217,0
DA:219,0
DA:220,0
DA:225,0
DA:226,0
DA:230,0
DA:245,0
DA:246,0
DA:248,0
DA:249,0
DA:252,0
DA:268,0
DA:269,0
DA:272,0
DA:273,0
DA:274,0
DA:276,0
DA:277,0
DA:278,0
DA:282,0
DA:285,0
DA:286,0
DA:287,0
DA:289,0
DA:292,0
DA:293,0
DA:294,0
DA:295,0
DA:297,0
DA:298,0
DA:299,0
DA:301,0
DA:305,0
DA:306,0
DA:307,0
DA:309,0
DA:312,0
DA:323,0
DA:324,0
DA:326,0
DA:334,0
DA:336,0
DA:343,0
DA:344,0
DA:349,0
DA:350,0
DA:357,0
DA:365,0
DA:366,0
DA:367,0
DA:372,0
DA:374,0
DA:377,0
DA:378,0
DA:379,0
LF:114
LH:0
BRDA:52,0,0,0
BRDA:52,0,1,0
BRDA:74,1,0,0
BRDA:74,1,1,0
BRDA:74,1,2,0
BRDA:74,1,3,0
BRDA:74,1,4,0
BRDA:74,1,5,0
BRDA:97,2,0,0
BRDA:97,2,1,0
BRDA:156,3,0,0
BRDA:156,3,1,0
BRDA:178,4,0,0
BRDA:178,4,1,0
BRDA:184,5,0,0
BRDA:184,5,1,0
BRDA:209,6,0,0
BRDA:209,6,1,0
BRDA:209,7,0,0
BRDA:209,7,1,0
BRDA:209,7,2,0
BRDA:213,8,0,0
BRDA:213,8,1,0
BRDA:216,9,0,0
BRDA:216,9,1,0
BRDA:219,10,0,0
BRDA:219,10,1,0
BRDA:225,11,0,0
BRDA:225,11,1,0
BRDA:225,12,0,0
BRDA:225,12,1,0
BRDA:225,12,2,0
BRDA:249,13,0,0
BRDA:249,13,1,0
BRDA:272,14,0,0
BRDA:272,14,1,0
BRDA:276,15,0,0
BRDA:276,15,1,0
BRDA:282,16,0,0
BRDA:282,16,1,0
BRDA:282,16,2,0
BRDA:285,17,0,0
BRDA:285,17,1,0
BRDA:285,18,0,0
BRDA:285,18,1,0
BRDA:293,19,0,0
BRDA:293,19,1,0
BRDA:297,20,0,0
BRDA:297,20,1,0
BRDA:305,21,0,0
BRDA:305,21,1,0
BRDA:305,22,0,0
BRDA:305,22,1,0
BRDA:345,23,0,0
BRDA:345,23,1,0
BRDA:349,24,0,0
BRDA:349,24,1,0
BRDA:372,25,0,0
BRDA:372,25,1,0
BRDA:372,26,0,0
BRDA:372,26,1,0
BRF:61
BRH:0
end_of_record
TN:
SF:src\config\together-ai.config.ts
FN:89,(anonymous_0)
FN:93,(anonymous_1)
FN:152,getCurrentModelConfig
FN:166,validateTogetherAIConfig
FN:203,getTogetherAIHeaders
FN:219,createVisionAnalysisPayload
FN:280,estimateAnalysisCost
FN:302,getRateLimitRecommendation
FN:322,isOptimalForBudget
FN:340,(anonymous_9)
FN:341,(anonymous_10)
FNF:11
FNH:0
FNDA:0,(anonymous_0)
FNDA:0,(anonymous_1)
FNDA:0,getCurrentModelConfig
FNDA:0,validateTogetherAIConfig
FNDA:0,getTogetherAIHeaders
FNDA:0,createVisionAnalysisPayload
FNDA:0,estimateAnalysisCost
FNDA:0,getRateLimitRecommendation
FNDA:0,isOptimalForBudget
FNDA:0,(anonymous_9)
FNDA:0,(anonymous_10)
DA:70,0
DA:90,0
DA:94,0
DA:95,0
DA:97,0
DA:98,0
DA:100,0
DA:141,0
DA:153,0
DA:154,0
DA:156,0
DA:157,0
DA:160,0
DA:167,0
DA:168,0
DA:171,0
DA:172,0
DA:176,0
DA:177,0
DA:181,0
DA:182,0
DA:183,0
DA:187,0
DA:188,0
DA:192,0
DA:193,0
DA:194,0
DA:197,0
DA:204,0
DA:205,0
DA:206,0
DA:209,0
DA:228,0
DA:230,0
DA:262,0
DA:286,0
DA:287,0
DA:288,0
DA:289,0
DA:291,0
DA:307,0
DA:308,0
DA:309,0
DA:310,0
DA:312,0
DA:327,0
DA:328,0
DA:329,0
DA:331,0
DA:332,0
DA:339,0
DA:340,0
DA:341,0
DA:343,0
DA:344,0
DA:345,0
DA:346,0
DA:347,0
DA:355,0
DA:363,0
DA:364,0
DA:366,0
DA:368,0
DA:369,0
LF:64
LH:0
BRDA:72,0,0,0
BRDA:72,0,1,0
BRDA:73,1,0,0
BRDA:73,1,1,0
BRDA:74,2,0,0
BRDA:74,2,1,0
BRDA:75,3,0,0
BRDA:75,3,1,0
BRDA:78,4,0,0
BRDA:78,4,1,0
BRDA:80,5,0,0
BRDA:80,5,1,0
BRDA:94,6,0,0
BRDA:94,6,1,0
BRDA:94,7,0,0
BRDA:94,7,1,0
BRDA:97,8,0,0
BRDA:97,8,1,0
BRDA:97,9,0,0
BRDA:97,9,1,0
BRDA:142,10,0,0
BRDA:142,10,1,0
BRDA:143,11,0,0
BRDA:143,11,1,0
BRDA:144,12,0,0
BRDA:144,12,1,0
BRDA:145,13,0,0
BRDA:145,13,1,0
BRDA:146,14,0,0
BRDA:146,14,1,0
BRDA:156,15,0,0
BRDA:156,15,1,0
BRDA:171,16,0,0
BRDA:171,16,1,0
BRDA:176,17,0,0
BRDA:176,17,1,0
BRDA:182,18,0,0
BRDA:182,18,1,0
BRDA:187,19,0,0
BRDA:187,19,1,0
BRDA:193,20,0,0
BRDA:193,20,1,0
BRDA:205,21,0,0
BRDA:205,21,1,0
BRDA:222,22,0,0
BRDA:233,23,0,0
BRDA:233,23,1,0
BRDA:253,24,0,0
BRDA:253,24,1,0
BRDA:254,25,0,0
BRDA:254,25,1,0
BRDA:331,26,0,0
BRDA:331,26,1,0
BRDA:340,27,0,0
BRDA:340,27,1,0
BRDA:343,28,0,0
BRDA:343,28,1,0
BRDA:345,29,0,0
BRDA:345,29,1,0
BRDA:368,30,0,0
BRDA:368,30,1,0
BRF:61
BRH:0
end_of_record
TN:
SF:src\config\apis\huggingfaceConfig.ts
FNF:0
FNH:0
DA:12,0
DA:32,0
LF:2
LH:0
BRDA:36,0,0,0
BRDA:36,0,1,0
BRF:2
BRH:0
end_of_record
TN:
SF:src\config\apis\openaiConfig.ts
FNF:0
FNH:0
DA:12,0
DA:24,0
DA:56,0
LF:3
LH:0
BRDA:60,0,0,0
BRDA:60,0,1,0
BRF:2
BRH:0
end_of_record
TN:
SF:src\config\apis\replicateConfig.ts
FN:286,(anonymous_0)
FN:293,(anonymous_1)
FN:306,(anonymous_2)
FN:316,(anonymous_3)
FN:324,(anonymous_4)
FN:335,(anonymous_5)
FN:337,(anonymous_6)
FN:338,(anonymous_7)
FN:344,(anonymous_8)
FN:346,(anonymous_9)
FN:348,(anonymous_10)
FNF:11
FNH:0
FNDA:0,(anonymous_0)
FNDA:0,(anonymous_1)
FNDA:0,(anonymous_2)
FNDA:0,(anonymous_3)
FNDA:0,(anonymous_4)
FNDA:0,(anonymous_5)
FNDA:0,(anonymous_6)
FNDA:0,(anonymous_7)
FNDA:0,(anonymous_8)
FNDA:0,(anonymous_9)
FNDA:0,(anonymous_10)
DA:13,0
DA:24,0
DA:41,0
DA:52,0
DA:66,0
DA:85,0
DA:91,0
DA:287,0
DA:294,0
DA:295,0
DA:296,0
DA:299,0
DA:300,0
DA:301,0
DA:303,0
DA:304,0
DA:306,0
DA:309,0
DA:317,0
DA:318,0
DA:325,0
DA:326,0
DA:336,0
DA:337,0
DA:338,0
DA:345,0
DA:346,0
DA:348,0
LF:28
LH:0
BRDA:95,0,0,0
BRDA:95,0,1,0
BRDA:95,1,0,0
BRDA:95,1,1,0
BRDA:287,2,0,0
BRDA:287,2,1,0
BRDA:295,3,0,0
BRDA:295,3,1,0
BRDA:303,4,0,0
BRDA:303,4,1,0
BRDA:318,5,0,0
BRDA:318,5,1,0
BRF:12
BRH:0
end_of_record
TN:
SF:src\config\apis\supabaseConfig.ts
FN:304,(anonymous_0)
FN:311,(anonymous_1)
FN:324,(anonymous_2)
FN:334,(anonymous_3)
FN:342,(anonymous_4)
FN:349,(anonymous_5)
FN:357,(anonymous_6)
FNF:7
FNH:0
FNDA:0,(anonymous_0)
FNDA:0,(anonymous_1)
FNDA:0,(anonymous_2)
FNDA:0,(anonymous_3)
FNDA:0,(anonymous_4)
FNDA:0,(anonymous_5)
FNDA:0,(anonymous_6)
DA:13,0
DA:22,0
DA:41,0
DA:60,0
DA:69,0
DA:93,0
DA:102,0
DA:128,0
DA:139,0
DA:162,0
DA:169,0
DA:194,0
DA:305,0
DA:312,0
DA:313,0
DA:314,0
DA:317,0
DA:318,0
DA:319,0
DA:321,0
DA:322,0
DA:324,0
DA:327,0
DA:335,0
DA:336,0
DA:343,0
DA:350,0
DA:351,0
DA:358,0
DA:359,0
LF:30
LH:0
BRDA:305,0,0,0
BRDA:305,0,1,0
BRDA:313,1,0,0
BRDA:313,1,1,0
BRDA:321,2,0,0
BRDA:321,2,1,0
BRDA:336,3,0,0
BRDA:336,3,1,0
BRDA:357,4,0,0
BRDA:358,5,0,0
BRDA:358,5,1,0
BRF:11
BRH:0
end_of_record
TN:
SF:src\config\environments\development.ts
FNF:0
FNH:0
DA:8,0
LF:1
LH:0
BRF:0
BRH:0
end_of_record
TN:
SF:src\config\environments\production.ts
FNF:0
FNH:0
DA:8,0
LF:1
LH:0
BRDA:112,0,0,0
BRDA:112,0,1,0
BRDA:113,1,0,0
BRDA:113,1,1,0
BRF:4
BRH:0
end_of_record
TN:
SF:src\config\schemas\configSchemas.ts
FNF:0
FNH:0
DA:9,0
DA:12,0
DA:20,0
DA:28,0
DA:37,0
DA:44,0
DA:51,0
DA:63,0
DA:87,0
DA:115,0
DA:124,0
DA:131,0
DA:139,0
DA:146,0
LF:14
LH:0
BRF:0
BRH:0
end_of_record
TN:
SF:src\core\errors\AppError.ts
FN:6,(anonymous_0)
FN:13,(anonymous_1)
FN:59,(anonymous_2)
FN:80,(anonymous_3)
FN:87,(anonymous_4)
FN:108,(anonymous_5)
FN:116,(anonymous_6)
FN:137,(anonymous_7)
FN:150,(anonymous_8)
FN:163,(anonymous_9)
FN:176,(anonymous_10)
FN:189,(anonymous_11)
FN:202,(anonymous_12)
FNF:13
FNH:0
FNDA:0,(anonymous_0)
FNDA:0,(anonymous_1)
FNDA:0,(anonymous_2)
FNDA:0,(anonymous_3)
FNDA:0,(anonymous_4)
FNDA:0,(anonymous_5)
FNDA:0,(anonymous_6)
FNDA:0,(anonymous_7)
FNDA:0,(anonymous_8)
FNDA:0,(anonymous_9)
FNDA:0,(anonymous_10)
FNDA:0,(anonymous_11)
FNDA:0,(anonymous_12)
DA:6,0
DA:7,0
DA:8,0
DA:9,0
DA:10,0
DA:13,0
DA:14,0
DA:15,0
DA:16,0
DA:17,0
DA:18,0
DA:19,0
DA:20,0
DA:21,0
DA:22,0
DA:23,0
DA:60,0
DA:62,0
DA:63,0
DA:64,0
DA:65,0
DA:66,0
DA:67,0
DA:68,0
DA:69,0
DA:72,0
DA:73,0
DA:77,0
DA:81,0
DA:88,0
DA:109,0
DA:118,0
DA:129,0
DA:138,0
DA:151,0
DA:164,0
DA:177,0
DA:190,0
DA:203,0
LF:39
LH:0
BRDA:6,0,0,0
BRDA:6,0,1,0
BRDA:13,1,0,0
BRDA:13,1,1,0
BRDA:72,2,0,0
BRDA:72,2,1,0
BRDA:97,3,0,0
BRDA:97,3,1,0
BRDA:129,4,0,0
BRDA:129,4,1,0
BRDA:163,5,0,0
BRF:11
BRH:0
end_of_record
TN:
SF:src\core\errors\ErrorLogger.ts
FN:34,(anonymous_0)
FN:36,(anonymous_1)
FN:46,(anonymous_2)
FN:74,(anonymous_3)
FN:92,(anonymous_4)
FN:110,(anonymous_5)
FN:131,(anonymous_6)
FN:138,(anonymous_7)
FN:139,(anonymous_8)
FN:145,(anonymous_9)
FN:146,(anonymous_10)
FN:152,(anonymous_11)
FN:159,(anonymous_12)
FN:163,(anonymous_13)
FN:172,(anonymous_14)
FN:191,(anonymous_15)
FNF:16
FNH:0
FNDA:0,(anonymous_0)
FNDA:0,(anonymous_1)
FNDA:0,(anonymous_2)
FNDA:0,(anonymous_3)
FNDA:0,(anonymous_4)
FNDA:0,(anonymous_5)
FNDA:0,(anonymous_6)
FNDA:0,(anonymous_7)
FNDA:0,(anonymous_8)
FNDA:0,(anonymous_9)
FNDA:0,(anonymous_10)
FNDA:0,(anonymous_11)
FNDA:0,(anonymous_12)
FNDA:0,(anonymous_13)
FNDA:0,(anonymous_14)
FNDA:0,(anonymous_15)
DA:31,0
DA:32,0
DA:37,0
DA:38,0
DA:40,0
DA:47,0
DA:67,0
DA:68,0
DA:75,0
DA:85,0
DA:86,0
DA:93,0
DA:103,0
DA:104,0
DA:112,0
DA:113,0
DA:123,0
DA:124,0
DA:132,0
DA:139,0
DA:146,0
DA:153,0
DA:160,0
DA:164,0
DA:167,0
DA:168,0
DA:173,0
DA:175,0
DA:177,0
DA:178,0
DA:180,0
DA:181,0
DA:183,0
DA:184,0
DA:186,0
DA:187,0
DA:192,0
DA:197,0
LF:38
LH:0
BRDA:37,0,0,0
BRDA:37,0,1,0
BRDA:50,1,0,0
BRDA:50,1,1,0
BRDA:51,2,0,0
BRDA:51,2,1,0
BRDA:52,3,0,0
BRDA:52,3,1,0
BRDA:54,4,0,0
BRDA:54,4,1,0
BRDA:58,5,0,0
BRDA:58,5,1,0
BRDA:59,6,0,0
BRDA:59,6,1,0
BRDA:82,7,0,0
BRDA:82,7,1,0
BRDA:100,8,0,0
BRDA:100,8,1,0
BRDA:112,9,0,0
BRDA:112,9,1,0
BRDA:120,10,0,0
BRDA:120,10,1,0
BRDA:131,11,0,0
BRDA:167,12,0,0
BRDA:167,12,1,0
BRDA:175,13,0,0
BRDA:175,13,1,0
BRDA:175,13,2,0
BRDA:175,13,3,0
BRF:29
BRH:0
end_of_record
TN:
SF:src\core\errors\utils.ts
FN:12,createErrorContext
FN:28,withErrorHandling
FN:68,handleAPIError
FN:157,handleNetworkError
FN:184,handleValidationError
FN:210,handleDatabaseError
FN:239,handleExternalServiceError
FN:267,getErrorMessage
FN:283,isRetryableError
FN:316,createErrorResponse
FNF:10
FNH:0
FNDA:0,createErrorContext
FNDA:0,withErrorHandling
FNDA:0,handleAPIError
FNDA:0,handleNetworkError
FNDA:0,handleValidationError
FNDA:0,handleDatabaseError
FNDA:0,handleExternalServiceError
FNDA:0,getErrorMessage
FNDA:0,isRetryableError
FNDA:0,createErrorResponse
DA:17,0
DA:32,0
DA:33,0
DA:39,0
DA:41,0
DA:47,0
DA:49,0
DA:60,0
DA:61,0
DA:76,0
DA:77,0
DA:79,0
DA:80,0
DA:82,0
DA:83,0
DA:85,0
DA:86,0
DA:87,0
DA:88,0
DA:89,0
DA:90,0
DA:91,0
DA:92,0
DA:93,0
DA:94,0
DA:95,0
DA:96,0
DA:97,0
DA:98,0
DA:99,0
DA:102,0
DA:118,0
DA:120,0
DA:135,0
DA:150,0
DA:151,0
DA:162,0
DA:177,0
DA:178,0
DA:190,0
DA:203,0
DA:204,0
DA:216,0
DA:232,0
DA:233,0
DA:245,0
DA:260,0
DA:261,0
DA:268,0
DA:269,0
DA:271,0
DA:272,0
DA:274,0
DA:275,0
DA:277,0
DA:284,0
DA:286,0
DA:289,0
DA:293,0
DA:294,0
DA:297,0
DA:299,0
DA:305,0
DA:306,0
DA:310,0
DA:317,0
DA:318,0
DA:329,0
LF:68
LH:0
BRDA:20,0,0,0
BRDA:20,0,1,0
BRDA:36,1,0,0
BRDA:36,1,1,0
BRDA:49,2,0,0
BRDA:49,2,1,0
BRDA:57,3,0,0
BRDA:57,3,1,0
BRDA:76,4,0,0
BRDA:76,4,1,0
BRDA:76,5,0,0
BRDA:76,5,1,0
BRDA:76,5,2,0
BRDA:80,6,0,0
BRDA:80,6,1,0
BRDA:85,7,0,0
BRDA:85,7,1,0
BRDA:88,8,0,0
BRDA:88,8,1,0
BRDA:91,9,0,0
BRDA:91,9,1,0
BRDA:94,10,0,0
BRDA:94,10,1,0
BRDA:97,11,0,0
BRDA:97,11,1,0
BRDA:103,12,0,0
BRDA:103,12,1,0
BRDA:115,13,0,0
BRDA:115,13,1,0
BRDA:118,14,0,0
BRDA:118,14,1,0
BRDA:118,15,0,0
BRDA:118,15,1,0
BRDA:118,15,2,0
BRDA:121,16,0,0
BRDA:121,16,1,0
BRDA:130,17,0,0
BRDA:130,17,1,0
BRDA:136,18,0,0
BRDA:136,18,1,0
BRDA:136,19,0,0
BRDA:136,19,1,0
BRDA:136,19,2,0
BRDA:136,20,0,0
BRDA:136,20,1,0
BRDA:145,21,0,0
BRDA:145,21,1,0
BRDA:163,22,0,0
BRDA:163,22,1,0
BRDA:163,23,0,0
BRDA:163,23,1,0
BRDA:163,23,2,0
BRDA:170,24,0,0
BRDA:170,24,1,0
BRDA:170,25,0,0
BRDA:170,25,1,0
BRDA:170,25,2,0
BRDA:171,26,0,0
BRDA:171,26,1,0
BRDA:171,27,0,0
BRDA:171,27,1,0
BRDA:171,27,2,0
BRDA:174,28,0,0
BRDA:174,28,1,0
BRDA:197,29,0,0
BRDA:197,29,1,0
BRDA:217,30,0,0
BRDA:217,30,1,0
BRDA:217,31,0,0
BRDA:217,31,1,0
BRDA:217,31,2,0
BRDA:225,32,0,0
BRDA:225,32,1,0
BRDA:225,33,0,0
BRDA:225,33,1,0
BRDA:225,33,2,0
BRDA:226,34,0,0
BRDA:226,34,1,0
BRDA:226,35,0,0
BRDA:226,35,1,0
BRDA:226,35,2,0
BRDA:229,36,0,0
BRDA:229,36,1,0
BRDA:246,37,0,0
BRDA:246,37,1,0
BRDA:246,38,0,0
BRDA:246,38,1,0
BRDA:246,38,2,0
BRDA:254,39,0,0
BRDA:254,39,1,0
BRDA:254,40,0,0
BRDA:254,40,1,0
BRDA:254,40,2,0
BRDA:254,40,3,0
BRDA:254,40,4,0
BRDA:254,40,5,0
BRDA:257,41,0,0
BRDA:257,41,1,0
BRDA:268,42,0,0
BRDA:268,42,1,0
BRDA:271,43,0,0
BRDA:271,43,1,0
BRDA:274,44,0,0
BRDA:274,44,1,0
BRDA:274,45,0,0
BRDA:274,45,1,0
BRDA:274,45,2,0
BRDA:284,46,0,0
BRDA:284,46,1,0
BRDA:286,47,0,0
BRDA:286,47,1,0
BRDA:286,48,0,0
BRDA:286,48,1,0
BRDA:286,48,2,0
BRDA:293,49,0,0
BRDA:293,49,1,0
BRDA:297,50,0,0
BRDA:297,50,1,0
BRDA:299,51,0,0
BRDA:299,51,1,0
BRDA:299,51,2,0
BRDA:305,52,0,0
BRDA:305,52,1,0
BRDA:317,53,0,0
BRDA:317,53,1,0
BRF:125
BRH:0
end_of_record
TN:
SF:src\core\patterns\Singleton.ts
FN:14,(anonymous_0)
FN:22,(anonymous_1)
FN:38,(anonymous_2)
FN:51,(anonymous_3)
FN:59,(anonymous_4)
FN:76,(anonymous_5)
FNF:6
FNH:0
FNDA:0,(anonymous_0)
FNDA:0,(anonymous_1)
FNDA:0,(anonymous_2)
FNDA:0,(anonymous_3)
FNDA:0,(anonymous_4)
FNDA:0,(anonymous_5)
DA:9,0
DA:23,0
DA:25,0
DA:27,0
DA:28,0
DA:31,0
DA:39,0
DA:40,0
DA:42,0
DA:52,0
DA:60,0
DA:77,0
DA:78,0
DA:79,0
LF:14
LH:0
BRDA:25,0,0,0
BRDA:25,0,1,0
BRDA:39,1,0,0
BRDA:39,1,1,0
BRF:4
BRH:0
end_of_record
TN:
SF:src\di\container.ts
FN:31,(anonymous_0)
FN:57,(anonymous_1)
FN:62,(anonymous_2)
FN:67,(anonymous_3)
FN:72,(anonymous_4)
FN:77,(anonymous_5)
FN:82,(anonymous_6)
FN:87,(anonymous_7)
FN:100,(anonymous_8)
FN:106,(anonymous_9)
FN:136,(anonymous_10)
FN:153,(anonymous_11)
FN:164,(anonymous_12)
FN:171,(anonymous_13)
FN:178,(anonymous_14)
FN:185,(anonymous_15)
FN:193,(anonymous_16)
FN:201,(anonymous_17)
FN:212,(anonymous_18)
FN:216,(anonymous_19)
FN:220,(anonymous_20)
FN:232,(anonymous_21)
FN:236,(anonymous_22)
FN:262,(anonymous_23)
FN:304,(anonymous_24)
FN:346,(anonymous_25)
FN:379,(anonymous_26)
FN:415,(anonymous_27)
FN:425,(anonymous_28)
FN:472,(anonymous_29)
FN:482,(anonymous_30)
FN:490,(anonymous_31)
FN:514,(anonymous_32)
FN:536,(anonymous_33)
FN:565,(anonymous_34)
FN:566,(anonymous_35)
FN:569,(anonymous_36)
FN:572,(anonymous_37)
FN:580,(anonymous_38)
FN:593,(anonymous_39)
FNF:40
FNH:0
FNDA:0,(anonymous_0)
FNDA:0,(anonymous_1)
FNDA:0,(anonymous_2)
FNDA:0,(anonymous_3)
FNDA:0,(anonymous_4)
FNDA:0,(anonymous_5)
FNDA:0,(anonymous_6)
FNDA:0,(anonymous_7)
FNDA:0,(anonymous_8)
FNDA:0,(anonymous_9)
FNDA:0,(anonymous_10)
FNDA:0,(anonymous_11)
FNDA:0,(anonymous_12)
FNDA:0,(anonymous_13)
FNDA:0,(anonymous_14)
FNDA:0,(anonymous_15)
FNDA:0,(anonymous_16)
FNDA:0,(anonymous_17)
FNDA:0,(anonymous_18)
FNDA:0,(anonymous_19)
FNDA:0,(anonymous_20)
FNDA:0,(anonymous_21)
FNDA:0,(anonymous_22)
FNDA:0,(anonymous_23)
FNDA:0,(anonymous_24)
FNDA:0,(anonymous_25)
FNDA:0,(anonymous_26)
FNDA:0,(anonymous_27)
FNDA:0,(anonymous_28)
FNDA:0,(anonymous_29)
FNDA:0,(anonymous_30)
FNDA:0,(anonymous_31)
FNDA:0,(anonymous_32)
FNDA:0,(anonymous_33)
FNDA:0,(anonymous_34)
FNDA:0,(anonymous_35)
FNDA:0,(anonymous_36)
FNDA:0,(anonymous_37)
FNDA:0,(anonymous_38)
FNDA:0,(anonymous_39)
DA:32,0
DA:38,0
DA:46,0
DA:47,0
DA:49,0
DA:50,0
DA:52,0
DA:53,0
DA:58,0
DA:59,0
DA:63,0
DA:64,0
DA:68,0
DA:69,0
DA:73,0
DA:74,0
DA:78,0
DA:79,0
DA:83,0
DA:84,0
DA:88,0
DA:101,0
DA:102,0
DA:103,0
DA:108,0
DA:110,0
DA:111,0
DA:112,0
DA:113,0
DA:116,0
DA:121,0
DA:129,0
DA:130,0
DA:134,0
DA:137,0
DA:146,0
DA:148,0
DA:149,0
DA:154,0
DA:155,0
DA:158,0
DA:159,0
DA:161,0
DA:168,0
DA:175,0
DA:182,0
DA:186,0
DA:187,0
DA:190,0
DA:194,0
DA:195,0
DA:198,0
DA:202,0
DA:203,0
DA:205,0
DA:206,0
DA:208,0
DA:213,0
DA:217,0
DA:221,0
DA:223,0
DA:224,0
DA:225,0
DA:229,0
DA:233,0
DA:237,0
DA:238,0
DA:241,0
DA:242,0
DA:243,0
DA:246,0
DA:248,0
DA:249,0
DA:253,0
DA:254,0
DA:255,0
DA:259,0
DA:263,0
DA:265,0
DA:266,0
DA:267,0
DA:270,0
DA:273,0
DA:277,0
DA:278,0
DA:279,0
DA:280,0
DA:283,0
DA:286,0
DA:287,0
DA:289,0
DA:290,0
DA:293,0
DA:301,0
DA:305,0
DA:308,0
DA:309,0
DA:310,0
DA:311,0
DA:313,0
DA:314,0
DA:321,0
DA:322,0
DA:323,0
DA:324,0
DA:325,0
DA:332,0
DA:333,0
DA:334,0
DA:336,0
DA:338,0
DA:343,0
DA:347,0
DA:348,0
DA:351,0
DA:354,0
DA:355,0
DA:359,0
DA:361,0
DA:362,0
DA:363,0
DA:364,0
DA:366,0
DA:371,0
DA:372,0
DA:374,0
DA:384,0
DA:385,0
DA:391,0
DA:392,0
DA:395,0
DA:396,0
DA:397,0
DA:401,0
DA:402,0
DA:403,0
DA:406,0
DA:407,0
DA:408,0
DA:412,0
DA:422,0
DA:431,0
DA:432,0
DA:435,0
DA:436,0
DA:440,0
DA:441,0
DA:443,0
DA:444,0
DA:449,0
DA:453,0
DA:454,0
DA:455,0
DA:458,0
DA:463,0
DA:464,0
DA:466,0
DA:468,0
DA:478,0
DA:479,0
DA:482,0
DA:483,0
DA:484,0
DA:486,0
DA:491,0
DA:492,0
DA:495,0
DA:496,0
DA:497,0
DA:499,0
DA:501,0
DA:502,0
DA:505,0
DA:506,0
DA:509,0
DA:510,0
DA:518,0
DA:519,0
DA:522,0
DA:523,0
DA:524,0
DA:527,0
DA:529,0
DA:530,0
DA:533,0
DA:541,0
DA:542,0
DA:545,0
DA:546,0
DA:549,0
DA:550,0
DA:551,0
DA:554,0
DA:556,0
DA:557,0
DA:558,0
DA:562,0
DA:566,0
DA:567,0
DA:568,0
DA:569,0
DA:571,0
DA:572,0
DA:575,0
DA:581,0
DA:582,0
DA:584,0
DA:585,0
DA:587,0
DA:588,0
DA:590,0
DA:594,0
DA:595,0
DA:596,0
DA:597,0
LF:215
LH:0
BRDA:46,0,0,0
BRDA:46,0,1,0
BRDA:49,1,0,0
BRDA:49,1,1,0
BRDA:52,2,0,0
BRDA:52,2,1,0
BRDA:78,3,0,0
BRDA:78,3,1,0
BRDA:111,4,0,0
BRDA:111,4,1,0
BRDA:111,5,0,0
BRDA:111,5,1,0
BRDA:111,5,2,0
BRDA:111,5,3,0
BRDA:111,5,4,0
BRDA:136,6,0,0
BRDA:138,7,0,0
BRDA:138,7,1,0
BRDA:139,8,0,0
BRDA:139,8,1,0
BRDA:140,9,0,0
BRDA:140,9,1,0
BRDA:141,10,0,0
BRDA:141,10,1,0
BRDA:143,11,0,0
BRDA:143,11,1,0
BRDA:148,12,0,0
BRDA:148,12,1,0
BRDA:154,13,0,0
BRDA:154,13,1,0
BRDA:186,14,0,0
BRDA:186,14,1,0
BRDA:194,15,0,0
BRDA:194,15,1,0
BRDA:205,16,0,0
BRDA:205,16,1,0
BRDA:224,17,0,0
BRDA:224,17,1,0
BRDA:237,18,0,0
BRDA:237,18,1,0
BRDA:242,19,0,0
BRDA:242,19,1,0
BRDA:246,20,0,0
BRDA:246,20,1,0
BRDA:248,21,0,0
BRDA:248,21,1,0
BRDA:266,22,0,0
BRDA:266,22,1,0
BRDA:277,23,0,0
BRDA:277,23,1,0
BRDA:277,24,0,0
BRDA:277,24,1,0
BRDA:279,25,0,0
BRDA:279,25,1,0
BRDA:287,26,0,0
BRDA:287,26,1,0
BRDA:290,27,0,0
BRDA:290,27,1,0
BRDA:297,28,0,0
BRDA:297,28,1,0
BRDA:308,29,0,0
BRDA:308,29,1,0
BRDA:313,30,0,0
BRDA:313,30,1,0
BRDA:322,31,0,0
BRDA:322,31,1,0
BRDA:324,32,0,0
BRDA:324,32,1,0
BRDA:333,33,0,0
BRDA:333,33,1,0
BRDA:338,34,0,0
BRDA:338,34,1,0
BRDA:347,35,0,0
BRDA:347,35,1,0
BRDA:354,36,0,0
BRDA:354,36,1,0
BRDA:362,37,0,0
BRDA:362,37,1,0
BRDA:362,38,0,0
BRDA:362,38,1,0
BRDA:362,38,2,0
BRDA:362,38,3,0
BRDA:362,38,4,0
BRDA:384,39,0,0
BRDA:384,39,1,0
BRDA:391,40,0,0
BRDA:391,40,1,0
BRDA:391,41,0,0
BRDA:391,41,1,0
BRDA:396,42,0,0
BRDA:396,42,1,0
BRDA:401,43,0,0
BRDA:401,43,1,0
BRDA:402,44,0,0
BRDA:402,44,1,0
BRDA:435,45,0,0
BRDA:435,45,1,0
BRDA:440,46,0,0
BRDA:440,46,1,0
BRDA:443,47,0,0
BRDA:443,47,1,0
BRDA:453,48,0,0
BRDA:453,48,1,0
BRDA:463,49,0,0
BRDA:463,49,1,0
BRDA:463,50,0,0
BRDA:463,50,1,0
BRDA:478,51,0,0
BRDA:478,51,1,0
BRDA:478,52,0,0
BRDA:478,52,1,0
BRDA:483,53,0,0
BRDA:483,53,1,0
BRDA:491,54,0,0
BRDA:491,54,1,0
BRDA:501,55,0,0
BRDA:501,55,1,0
BRDA:505,56,0,0
BRDA:505,56,1,0
BRDA:509,57,0,0
BRDA:509,57,1,0
BRDA:509,58,0,0
BRDA:509,58,1,0
BRDA:518,59,0,0
BRDA:518,59,1,0
BRDA:523,60,0,0
BRDA:523,60,1,0
BRDA:523,61,0,0
BRDA:523,61,1,0
BRDA:541,62,0,0
BRDA:541,62,1,0
BRDA:545,63,0,0
BRDA:545,63,1,0
BRDA:550,64,0,0
BRDA:550,64,1,0
BRDA:556,65,0,0
BRDA:556,65,1,0
BRDA:571,66,0,0
BRDA:571,66,1,0
BRDA:581,67,0,0
BRDA:581,67,1,0
BRDA:584,68,0,0
BRDA:584,68,1,0
BRDA:587,69,0,0
BRDA:587,69,1,0
BRDA:588,70,0,0
BRDA:588,70,1,0
BRDA:594,71,0,0
BRDA:594,71,1,0
BRDA:596,72,0,0
BRDA:596,72,1,0
BRF:151
BRH:0
end_of_record
TN:
SF:src\di\containerFactory.ts
FN:20,(anonymous_0)
FN:22,(anonymous_1)
FN:28,(anonymous_2)
FN:34,(anonymous_3)
FN:40,(anonymous_4)
FN:54,(anonymous_5)
FN:59,(anonymous_6)
FN:69,(anonymous_7)
FN:78,(anonymous_8)
FN:88,(anonymous_9)
FN:92,(anonymous_10)
FN:100,(anonymous_11)
FN:123,(anonymous_12)
FN:132,(anonymous_13)
FN:153,(anonymous_14)
FN:162,(anonymous_15)
FN:183,(anonymous_16)
FN:188,(anonymous_17)
FN:209,(anonymous_18)
FN:214,(anonymous_19)
FN:235,(anonymous_20)
FN:240,(anonymous_21)
FN:261,(anonymous_22)
FN:271,(anonymous_23)
FN:293,(anonymous_24)
FN:299,(anonymous_25)
FN:306,(anonymous_26)
FN:317,(anonymous_27)
FN:321,(anonymous_28)
FN:329,(anonymous_29)
FN:354,(anonymous_30)
FN:357,(anonymous_31)
FN:367,(anonymous_32)
FN:381,(anonymous_33)
FN:395,(anonymous_34)
FN:409,(anonymous_35)
FN:423,(anonymous_36)
FN:437,(anonymous_37)
FN:451,(anonymous_38)
FN:467,(anonymous_39)
FN:474,(anonymous_40)
FN:497,(anonymous_41)
FN:501,(anonymous_42)
FN:515,(anonymous_43)
FN:523,(anonymous_44)
FN:531,(anonymous_45)
FN:539,(anonymous_46)
FN:567,getDefaultContainer
FN:574,createContainer
FN:581,createTestContainer
FNF:50
FNH:0
FNDA:0,(anonymous_0)
FNDA:0,(anonymous_1)
FNDA:0,(anonymous_2)
FNDA:0,(anonymous_3)
FNDA:0,(anonymous_4)
FNDA:0,(anonymous_5)
FNDA:0,(anonymous_6)
FNDA:0,(anonymous_7)
FNDA:0,(anonymous_8)
FNDA:0,(anonymous_9)
FNDA:0,(anonymous_10)
FNDA:0,(anonymous_11)
FNDA:0,(anonymous_12)
FNDA:0,(anonymous_13)
FNDA:0,(anonymous_14)
FNDA:0,(anonymous_15)
FNDA:0,(anonymous_16)
FNDA:0,(anonymous_17)
FNDA:0,(anonymous_18)
FNDA:0,(anonymous_19)
FNDA:0,(anonymous_20)
FNDA:0,(anonymous_21)
FNDA:0,(anonymous_22)
FNDA:0,(anonymous_23)
FNDA:0,(anonymous_24)
FNDA:0,(anonymous_25)
FNDA:0,(anonymous_26)
FNDA:0,(anonymous_27)
FNDA:0,(anonymous_28)
FNDA:0,(anonymous_29)
FNDA:0,(anonymous_30)
FNDA:0,(anonymous_31)
FNDA:0,(anonymous_32)
FNDA:0,(anonymous_33)
FNDA:0,(anonymous_34)
FNDA:0,(anonymous_35)
FNDA:0,(anonymous_36)
FNDA:0,(anonymous_37)
FNDA:0,(anonymous_38)
FNDA:0,(anonymous_39)
FNDA:0,(anonymous_40)
FNDA:0,(anonymous_41)
FNDA:0,(anonymous_42)
FNDA:0,(anonymous_43)
FNDA:0,(anonymous_44)
FNDA:0,(anonymous_45)
FNDA:0,(anonymous_46)
FNDA:0,getDefaultContainer
FNDA:0,createContainer
FNDA:0,createTestContainer
DA:20,0
DA:23,0
DA:24,0
DA:29,0
DA:30,0
DA:35,0
DA:36,0
DA:41,0
DA:42,0
DA:51,0
DA:52,0
DA:60,0
DA:61,0
DA:63,0
DA:70,0
DA:71,0
DA:72,0
DA:79,0
DA:80,0
DA:82,0
DA:90,0
DA:96,0
DA:101,0
DA:103,0
DA:104,0
DA:108,0
DA:109,0
DA:110,0
DA:113,0
DA:115,0
DA:121,0
DA:127,0
DA:128,0
DA:133,0
DA:134,0
DA:135,0
DA:138,0
DA:139,0
DA:140,0
DA:143,0
DA:145,0
DA:151,0
DA:157,0
DA:158,0
DA:163,0
DA:164,0
DA:165,0
DA:168,0
DA:169,0
DA:170,0
DA:173,0
DA:175,0
DA:181,0
DA:184,0
DA:189,0
DA:190,0
DA:191,0
DA:194,0
DA:195,0
DA:196,0
DA:199,0
DA:201,0
DA:207,0
DA:210,0
DA:215,0
DA:216,0
DA:217,0
DA:220,0
DA:221,0
DA:222,0
DA:225,0
DA:227,0
DA:233,0
DA:236,0
DA:241,0
DA:242,0
DA:243,0
DA:246,0
DA:247,0
DA:248,0
DA:251,0
DA:253,0
DA:259,0
DA:262,0
DA:263,0
DA:267,0
DA:272,0
DA:273,0
DA:274,0
DA:277,0
DA:278,0
DA:279,0
DA:282,0
DA:284,0
DA:294,0
DA:297,0
DA:299,0
DA:304,0
DA:306,0
DA:311,0
DA:319,0
DA:321,0
DA:327,0
DA:330,0
DA:331,0
DA:332,0
DA:333,0
DA:335,0
DA:345,0
DA:348,0
DA:355,0
DA:358,0
DA:359,0
DA:365,0
DA:368,0
DA:369,0
DA:370,0
DA:371,0
DA:373,0
DA:379,0
DA:382,0
DA:383,0
DA:384,0
DA:385,0
DA:387,0
DA:393,0
DA:396,0
DA:397,0
DA:398,0
DA:399,0
DA:401,0
DA:407,0
DA:410,0
DA:411,0
DA:412,0
DA:413,0
DA:415,0
DA:421,0
DA:424,0
DA:425,0
DA:426,0
DA:427,0
DA:429,0
DA:435,0
DA:438,0
DA:439,0
DA:440,0
DA:441,0
DA:443,0
DA:449,0
DA:452,0
DA:453,0
DA:454,0
DA:455,0
DA:457,0
DA:468,0
DA:478,0
DA:480,0
DA:481,0
DA:483,0
DA:484,0
DA:486,0
DA:487,0
DA:490,0
DA:499,0
DA:502,0
DA:532,0
DA:533,0
DA:534,0
DA:537,0
DA:538,0
DA:539,0
DA:540,0
DA:541,0
DA:546,0
DA:547,0
DA:548,0
DA:551,0
DA:556,0
DA:568,0
DA:575,0
DA:582,0
LF:182
LH:0
BRDA:23,0,0,0
BRDA:23,0,1,0
BRDA:23,1,0,0
BRDA:23,1,1,0
BRDA:24,2,0,0
BRDA:24,2,1,0
BRDA:29,3,0,0
BRDA:29,3,1,0
BRDA:29,4,0,0
BRDA:29,4,1,0
BRDA:30,5,0,0
BRDA:30,5,1,0
BRDA:35,6,0,0
BRDA:35,6,1,0
BRDA:35,7,0,0
BRDA:35,7,1,0
BRDA:36,8,0,0
BRDA:36,8,1,0
BRDA:41,9,0,0
BRDA:41,9,1,0
BRDA:42,10,0,0
BRDA:42,10,1,0
BRDA:60,11,0,0
BRDA:60,11,1,0
BRDA:79,12,0,0
BRDA:79,12,1,0
BRDA:103,13,0,0
BRDA:103,13,1,0
BRDA:108,14,0,0
BRDA:108,14,1,0
BRDA:108,15,0,0
BRDA:108,15,1,0
BRDA:108,15,2,0
BRDA:108,15,3,0
BRDA:134,16,0,0
BRDA:134,16,1,0
BRDA:138,17,0,0
BRDA:138,17,1,0
BRDA:138,18,0,0
BRDA:138,18,1,0
BRDA:138,18,2,0
BRDA:138,18,3,0
BRDA:164,19,0,0
BRDA:164,19,1,0
BRDA:168,20,0,0
BRDA:168,20,1,0
BRDA:168,21,0,0
BRDA:168,21,1,0
BRDA:168,21,2,0
BRDA:168,21,3,0
BRDA:190,22,0,0
BRDA:190,22,1,0
BRDA:194,23,0,0
BRDA:194,23,1,0
BRDA:194,24,0,0
BRDA:194,24,1,0
BRDA:194,24,2,0
BRDA:194,24,3,0
BRDA:216,25,0,0
BRDA:216,25,1,0
BRDA:220,26,0,0
BRDA:220,26,1,0
BRDA:220,27,0,0
BRDA:220,27,1,0
BRDA:220,27,2,0
BRDA:220,27,3,0
BRDA:242,28,0,0
BRDA:242,28,1,0
BRDA:246,29,0,0
BRDA:246,29,1,0
BRDA:246,30,0,0
BRDA:246,30,1,0
BRDA:246,30,2,0
BRDA:246,30,3,0
BRDA:273,31,0,0
BRDA:273,31,1,0
BRDA:277,32,0,0
BRDA:277,32,1,0
BRDA:277,33,0,0
BRDA:277,33,1,0
BRDA:277,33,2,0
BRDA:277,33,3,0
BRDA:332,34,0,0
BRDA:332,34,1,0
BRDA:370,35,0,0
BRDA:370,35,1,0
BRDA:384,36,0,0
BRDA:384,36,1,0
BRDA:398,37,0,0
BRDA:398,37,1,0
BRDA:412,38,0,0
BRDA:412,38,1,0
BRDA:426,39,0,0
BRDA:426,39,1,0
BRDA:440,40,0,0
BRDA:440,40,1,0
BRDA:454,41,0,0
BRDA:454,41,1,0
BRDA:478,42,0,0
BRDA:478,42,1,0
BRDA:478,42,2,0
BRDA:478,42,3,0
BRDA:540,43,0,0
BRDA:540,43,1,0
BRDA:547,44,0,0
BRDA:547,44,1,0
BRDA:558,45,0,0
BRDA:558,45,1,0
BRF:108
BRH:0
end_of_record
TN:
SF:src\di\index.ts
FNF:0
FNH:0
DA:87,0
DA:92,0
LF:2
LH:0
BRF:0
BRH:0
end_of_record
TN:
SF:src\di\types.ts
FN:21,(anonymous_0)
FN:250,(anonymous_1)
FN:254,(anonymous_2)
FN:263,(anonymous_3)
FN:276,(anonymous_4)
FNF:5
FNH:0
FNDA:0,(anonymous_0)
FNDA:0,(anonymous_1)
FNDA:0,(anonymous_2)
FNDA:0,(anonymous_3)
FNDA:0,(anonymous_4)
DA:21,0
DA:23,0
DA:25,0
DA:27,0
DA:251,0
DA:254,0
DA:255,0
DA:264,0
DA:267,0
DA:268,0
DA:277,0
DA:278,0
DA:281,0
DA:282,0
LF:14
LH:0
BRDA:21,0,0,0
BRDA:21,0,1,0
BRDA:254,1,0,0
BRDA:254,1,1,0
BRDA:267,2,0,0
BRDA:267,2,1,0
BRDA:281,3,0,0
BRDA:281,3,1,0
BRF:8
BRH:0
end_of_record
TN:
SF:src\hooks\use-mobile.tsx
FN:5,useIsMobile
FN:8,(anonymous_1)
FN:10,(anonymous_2)
FN:15,(anonymous_3)
FNF:4
FNH:0
FNDA:0,useIsMobile
FNDA:0,(anonymous_1)
FNDA:0,(anonymous_2)
FNDA:0,(anonymous_3)
DA:3,0
DA:6,0
DA:8,0
DA:9,0
DA:10,0
DA:11,0
DA:13,0
DA:14,0
DA:15,0
DA:18,0
LF:10
LH:0
BRF:0
BRH:0
end_of_record
TN:
SF:src\hooks\use-toast.ts
FN:27,genId
FN:56,(anonymous_1)
FN:61,(anonymous_2)
FN:72,(anonymous_3)
FN:83,(anonymous_4)
FN:96,(anonymous_5)
FN:103,(anonymous_6)
FN:122,(anonymous_7)
FN:131,dispatch
FN:133,(anonymous_9)
FN:140,toast
FN:143,(anonymous_11)
FN:148,(anonymous_12)
FN:156,(anonymous_13)
FN:169,useToast
FN:172,(anonymous_15)
FN:174,(anonymous_16)
FN:185,(anonymous_17)
FNF:18
FNH:0
FNDA:0,genId
FNDA:0,(anonymous_1)
FNDA:0,(anonymous_2)
FNDA:0,(anonymous_3)
FNDA:0,(anonymous_4)
FNDA:0,(anonymous_5)
FNDA:0,(anonymous_6)
FNDA:0,(anonymous_7)
FNDA:0,dispatch
FNDA:0,(anonymous_9)
FNDA:0,toast
FNDA:0,(anonymous_11)
FNDA:0,(anonymous_12)
FNDA:0,(anonymous_13)
FNDA:0,useToast
FNDA:0,(anonymous_15)
FNDA:0,(anonymous_16)
FNDA:0,(anonymous_17)
DA:8,0
DA:9,0
DA:18,0
DA:25,0
DA:28,0
DA:29,0
DA:54,0
DA:56,0
DA:57,0
DA:58,0
DA:61,0
DA:62,0
DA:63,0
DA:69,0
DA:72,0
DA:73,0
DA:75,0
DA:81,0
DA:84,0
DA:89,0
DA:93,0
DA:94,0
DA:96,0
DA:97,0
DA:101,0
DA:104,0
DA:114,0
DA:115,0
DA:120,0
DA:122,0
DA:127,0
DA:129,0
DA:132,0
DA:133,0
DA:134,0
DA:141,0
DA:143,0
DA:144,0
DA:148,0
DA:150,0
DA:157,0
DA:162,0
DA:170,0
DA:172,0
DA:173,0
DA:174,0
DA:175,0
DA:176,0
DA:177,0
DA:182,0
DA:185,0
LF:51
LH:0
BRDA:57,0,0,0
BRDA:57,0,1,0
BRDA:73,1,0,0
BRDA:73,1,1,0
BRDA:73,1,2,0
BRDA:73,1,3,0
BRDA:84,2,0,0
BRDA:84,2,1,0
BRDA:93,3,0,0
BRDA:93,3,1,0
BRDA:104,4,0,0
BRDA:104,4,1,0
BRDA:104,5,0,0
BRDA:104,5,1,0
BRDA:114,6,0,0
BRDA:114,6,1,0
BRDA:157,7,0,0
BRDA:157,7,1,0
BRDA:176,8,0,0
BRDA:176,8,1,0
BRDA:187,9,0,0
BRDA:187,9,1,0
BRF:22
BRH:0
end_of_record
TN:
SF:src\hooks\useImageAnalysis.ts
FN:37,useImageAnalysis
FN:52,(anonymous_1)
FN:58,(anonymous_2)
FN:59,(anonymous_3)
FN:60,(anonymous_4)
FN:71,(anonymous_5)
FN:87,(anonymous_6)
FN:89,(anonymous_7)
FN:96,(anonymous_8)
FN:101,(anonymous_9)
FN:107,(anonymous_10)
FN:125,(anonymous_11)
FN:167,(anonymous_12)
FN:179,(anonymous_13)
FN:200,(anonymous_14)
FN:206,(anonymous_15)
FN:214,(anonymous_16)
FN:250,(anonymous_17)
FN:251,(anonymous_18)
FN:254,(anonymous_19)
FN:255,(anonymous_20)
FN:260,(anonymous_21)
FN:261,(anonymous_22)
FN:287,useImageAnalysisBatch
FN:294,(anonymous_24)
FN:318,(anonymous_25)
FN:320,(anonymous_26)
FN:327,(anonymous_27)
FNF:28
FNH:0
FNDA:0,useImageAnalysis
FNDA:0,(anonymous_1)
FNDA:0,(anonymous_2)
FNDA:0,(anonymous_3)
FNDA:0,(anonymous_4)
FNDA:0,(anonymous_5)
FNDA:0,(anonymous_6)
FNDA:0,(anonymous_7)
FNDA:0,(anonymous_8)
FNDA:0,(anonymous_9)
FNDA:0,(anonymous_10)
FNDA:0,(anonymous_11)
FNDA:0,(anonymous_12)
FNDA:0,(anonymous_13)
FNDA:0,(anonymous_14)
FNDA:0,(anonymous_15)
FNDA:0,(anonymous_16)
FNDA:0,(anonymous_17)
FNDA:0,(anonymous_18)
FNDA:0,(anonymous_19)
FNDA:0,(anonymous_20)
FNDA:0,(anonymous_21)
FNDA:0,(anonymous_22)
FNDA:0,useImageAnalysisBatch
FNDA:0,(anonymous_24)
FNDA:0,(anonymous_25)
FNDA:0,(anonymous_26)
FNDA:0,(anonymous_27)
DA:38,0
DA:39,0
DA:42,0
DA:43,0
DA:44,0
DA:45,0
DA:48,0
DA:49,0
DA:52,0
DA:54,0
DA:55,0
DA:58,0
DA:59,0
DA:60,0
DA:61,0
DA:62,0
DA:63,0
DA:64,0
DA:66,0
DA:71,0
DA:74,0
DA:75,0
DA:78,0
DA:79,0
DA:82,0
DA:83,0
DA:87,0
DA:88,0
DA:89,0
DA:90,0
DA:94,0
DA:96,0
DA:97,0
DA:98,0
DA:101,0
DA:102,0
DA:107,0
DA:111,0
DA:112,0
DA:113,0
DA:115,0
DA:122,0
DA:125,0
DA:126,0
DA:128,0
DA:129,0
DA:134,0
DA:135,0
DA:143,0
DA:145,0
DA:150,0
DA:152,0
DA:153,0
DA:154,0
DA:156,0
DA:162,0
DA:167,0
DA:168,0
DA:169,0
DA:172,0
DA:173,0
DA:174,0
DA:175,0
DA:179,0
DA:181,0
DA:186,0
DA:187,0
DA:189,0
DA:195,0
DA:200,0
DA:201,0
DA:202,0
DA:203,0
DA:206,0
DA:207,0
DA:210,0
DA:214,0
DA:218,0
DA:219,0
DA:222,0
DA:223,0
DA:224,0
DA:225,0
DA:226,0
DA:227,0
DA:228,0
DA:229,0
DA:231,0
DA:236,0
DA:237,0
DA:239,0
DA:245,0
DA:250,0
DA:251,0
DA:254,0
DA:255,0
DA:256,0
DA:260,0
DA:261,0
DA:262,0
DA:266,0
DA:288,0
DA:289,0
DA:290,0
DA:292,0
DA:294,0
DA:298,0
DA:299,0
DA:300,0
DA:301,0
DA:303,0
DA:305,0
DA:306,0
DA:307,0
DA:308,0
DA:310,0
DA:314,0
DA:318,0
DA:319,0
DA:320,0
DA:321,0
DA:324,0
DA:325,0
DA:327,0
DA:328,0
DA:329,0
DA:330,0
DA:334,0
DA:335,0
DA:339,0
LF:130
LH:0
BRDA:37,0,0,0
BRDA:61,1,0,0
BRDA:61,1,1,0
BRDA:71,2,0,0
BRDA:71,2,1,0
BRDA:74,3,0,0
BRDA:74,3,1,0
BRDA:74,4,0,0
BRDA:74,4,1,0
BRDA:78,5,0,0
BRDA:78,5,1,0
BRDA:78,6,0,0
BRDA:78,6,1,0
BRDA:79,7,0,0
BRDA:79,7,1,0
BRDA:82,8,0,0
BRDA:82,8,1,0
BRDA:89,9,0,0
BRDA:89,9,1,0
BRDA:97,10,0,0
BRDA:97,10,1,0
BRDA:109,11,0,0
BRDA:118,12,0,0
BRDA:118,12,1,0
BRDA:119,13,0,0
BRDA:119,13,1,0
BRDA:128,14,0,0
BRDA:128,14,1,0
BRDA:134,15,0,0
BRDA:134,15,1,0
BRDA:137,16,0,0
BRDA:137,16,1,0
BRDA:152,17,0,0
BRDA:152,17,1,0
BRDA:173,18,0,0
BRDA:173,18,1,0
BRDA:179,19,0,0
BRDA:179,19,1,0
BRDA:186,20,0,0
BRDA:186,20,1,0
BRDA:236,21,0,0
BRDA:236,21,1,0
BRDA:256,22,0,0
BRDA:256,22,1,0
BRDA:262,23,0,0
BRDA:262,23,1,0
BRDA:296,24,0,0
BRDA:319,25,0,0
BRDA:319,25,1,0
BRDA:321,26,0,0
BRDA:321,26,1,0
BRDA:329,27,0,0
BRDA:329,27,1,0
BRDA:329,28,0,0
BRDA:329,28,1,0
BRDA:344,29,0,0
BRDA:344,29,1,0
BRF:57
BRH:0
end_of_record
TN:
SF:src\hooks\useToast.ts
FN:18,(anonymous_0)
FN:19,(anonymous_1)
FN:22,(anonymous_2)
FN:35,(anonymous_3)
FN:43,(anonymous_4)
FN:44,(anonymous_5)
FN:48,(anonymous_6)
FN:51,(anonymous_7)
FN:53,(anonymous_8)
FN:54,(anonymous_9)
FN:59,(anonymous_10)
FN:64,(anonymous_11)
FN:68,(anonymous_12)
FNF:13
FNH:0
FNDA:0,(anonymous_0)
FNDA:0,(anonymous_1)
FNDA:0,(anonymous_2)
FNDA:0,(anonymous_3)
FNDA:0,(anonymous_4)
FNDA:0,(anonymous_5)
FNDA:0,(anonymous_6)
FNDA:0,(anonymous_7)
FNDA:0,(anonymous_8)
FNDA:0,(anonymous_9)
FNDA:0,(anonymous_10)
FNDA:0,(anonymous_11)
FNDA:0,(anonymous_12)
DA:15,0
DA:16,0
DA:18,0
DA:19,0
DA:22,0
DA:23,0
DA:24,0
DA:30,0
DA:31,0
DA:34,0
DA:35,0
DA:36,0
DA:40,0
DA:43,0
DA:44,0
DA:45,0
DA:48,0
DA:49,0
DA:51,0
DA:52,0
DA:53,0
DA:54,0
DA:59,0
DA:60,0
DA:61,0
DA:64,0
DA:65,0
DA:68,0
DA:69,0
DA:72,0
LF:30
LH:0
BRDA:34,0,0,0
BRDA:34,0,1,0
BRDA:34,1,0,0
BRDA:34,1,1,0
BRF:4
BRH:0
end_of_record
TN:
SF:src\hooks\useWebSocket.ts
FN:33,useWebSocket
FN:54,(anonymous_1)
FN:65,(anonymous_2)
FN:69,(anonymous_3)
FN:76,(anonymous_4)
FN:79,(anonymous_5)
FN:86,(anonymous_6)
FN:90,(anonymous_7)
FN:100,(anonymous_8)
FN:105,(anonymous_9)
FN:113,(anonymous_10)
FN:114,(anonymous_11)
FN:127,(anonymous_12)
FN:130,(anonymous_13)
FN:136,(anonymous_14)
FN:151,(anonymous_15)
FN:158,(anonymous_16)
FN:186,useWebSocketSubscription
FN:194,(anonymous_18)
FN:204,useRealTimeStatus
FN:214,(anonymous_20)
FN:226,(anonymous_21)
FNF:22
FNH:0
FNDA:0,useWebSocket
FNDA:0,(anonymous_1)
FNDA:0,(anonymous_2)
FNDA:0,(anonymous_3)
FNDA:0,(anonymous_4)
FNDA:0,(anonymous_5)
FNDA:0,(anonymous_6)
FNDA:0,(anonymous_7)
FNDA:0,(anonymous_8)
FNDA:0,(anonymous_9)
FNDA:0,(anonymous_10)
FNDA:0,(anonymous_11)
FNDA:0,(anonymous_12)
FNDA:0,(anonymous_13)
FNDA:0,(anonymous_14)
FNDA:0,(anonymous_15)
FNDA:0,(anonymous_16)
FNDA:0,useWebSocketSubscription
FNDA:0,(anonymous_18)
FNDA:0,useRealTimeStatus
FNDA:0,(anonymous_20)
FNDA:0,(anonymous_21)
DA:40,0
DA:42,0
DA:43,0
DA:44,0
DA:45,0
DA:46,0
DA:54,0
DA:55,0
DA:57,0
DA:62,0
DA:64,0
DA:66,0
DA:67,0
DA:70,0
DA:71,0
DA:72,0
DA:74,0
DA:77,0
DA:80,0
DA:81,0
DA:82,0
DA:84,0
DA:87,0
DA:88,0
DA:91,0
DA:92,0
DA:96,0
DA:99,0
DA:100,0
DA:101,0
DA:105,0
DA:106,0
DA:107,0
DA:113,0
DA:114,0
DA:115,0
DA:116,0
DA:117,0
DA:118,0
DA:119,0
DA:120,0
DA:123,0
DA:127,0
DA:130,0
DA:131,0
DA:132,0
DA:136,0
DA:137,0
DA:138,0
DA:141,0
DA:142,0
DA:143,0
DA:145,0
DA:146,0
DA:147,0
DA:151,0
DA:152,0
DA:153,0
DA:154,0
DA:158,0
DA:159,0
DA:160,0
DA:161,0
DA:164,0
DA:165,0
DA:166,0
DA:169,0
DA:171,0
DA:192,0
DA:194,0
DA:195,0
DA:196,0
DA:209,0
DA:210,0
DA:212,0
DA:215,0
DA:216,0
DA:217,0
DA:219,0
DA:220,0
DA:226,0
DA:227,0
DA:228,0
DA:235,0
LF:84
LH:0
BRDA:33,0,0,0
BRDA:35,1,0,0
BRDA:55,2,0,0
BRDA:55,2,1,0
BRDA:71,3,0,0
BRDA:71,3,1,0
BRDA:81,4,0,0
BRDA:81,4,1,0
BRDA:99,5,0,0
BRDA:99,5,1,0
BRDA:106,6,0,0
BRDA:106,6,1,0
BRDA:115,7,0,0
BRDA:115,7,1,0
BRDA:117,8,0,0
BRDA:117,8,1,0
BRDA:119,9,0,0
BRDA:119,9,1,0
BRDA:131,10,0,0
BRDA:131,10,1,0
BRDA:137,11,0,0
BRDA:137,11,1,0
BRDA:145,12,0,0
BRDA:145,12,1,0
BRDA:152,13,0,0
BRDA:152,13,1,0
BRDA:159,14,0,0
BRDA:159,14,1,0
BRDA:190,15,0,0
BRDA:195,16,0,0
BRDA:195,16,1,0
BRDA:195,17,0,0
BRDA:195,17,1,0
BRDA:207,18,0,0
BRDA:215,19,0,0
BRDA:215,19,1,0
BRDA:215,20,0,0
BRDA:215,20,1,0
BRDA:219,21,0,0
BRDA:219,21,1,0
BRDA:227,22,0,0
BRDA:227,22,1,0
BRF:42
BRH:0
end_of_record
TN:
SF:src\integrations\supabase\client.ts
FNF:0
FNH:0
DA:8,0
DA:9,0
DA:12,0
DA:13,0
DA:19,0
DA:20,0
DA:29,0
LF:7
LH:0
BRDA:12,0,0,0
BRDA:12,0,1,0
BRDA:19,1,0,0
BRDA:19,1,1,0
BRF:4
BRH:0
end_of_record
TN:
SF:src\lib\utils.ts
FN:4,cn
FNF:1
FNH:0
FNDA:0,cn
DA:5,0
LF:1
LH:0
BRF:0
BRH:0
end_of_record
TN:
SF:src\middleware\jwtAuthMiddleware.ts
FN:47,(anonymous_0)
FN:161,(anonymous_1)
FN:202,(anonymous_2)
FN:244,(anonymous_3)
FN:296,(anonymous_4)
FN:357,(anonymous_5)
FN:375,(anonymous_6)
FN:389,(anonymous_7)
FN:404,(anonymous_8)
FN:414,(anonymous_9)
FN:427,authenticateRequest
FN:437,authenticateWorkspaceRequest
FNF:12
FNH:0
FNDA:0,(anonymous_0)
FNDA:0,(anonymous_1)
FNDA:0,(anonymous_2)
FNDA:0,(anonymous_3)
FNDA:0,(anonymous_4)
FNDA:0,(anonymous_5)
FNDA:0,(anonymous_6)
FNDA:0,(anonymous_7)
FNDA:0,(anonymous_8)
FNDA:0,(anonymous_9)
FNDA:0,authenticateRequest
FNDA:0,authenticateWorkspaceRequest
DA:12,0
DA:56,0
DA:58,0
DA:60,0
DA:61,0
DA:62,0
DA:65,0
DA:66,0
DA:76,0
DA:77,0
DA:89,0
DA:90,0
DA:91,0
DA:93,0
DA:94,0
DA:104,0
DA:108,0
DA:109,0
DA:114,0
DA:115,0
DA:116,0
DA:118,0
DA:119,0
DA:129,0
DA:131,0
DA:135,0
DA:145,0
DA:146,0
DA:165,0
DA:167,0
DA:168,0
DA:169,0
DA:181,0
DA:183,0
DA:184,0
DA:201,0
DA:202,0
DA:203,0
DA:206,0
DA:207,0
DA:218,0
DA:228,0
DA:229,0
DA:248,0
DA:250,0
DA:251,0
DA:263,0
DA:269,0
DA:270,0
DA:282,0
DA:283,0
DA:295,0
DA:296,0
DA:297,0
DA:300,0
DA:301,0
DA:313,0
DA:319,0
DA:320,0
DA:331,0
DA:341,0
DA:342,0
DA:358,0
DA:359,0
DA:365,0
DA:366,0
DA:370,0
DA:371,0
DA:375,0
DA:376,0
DA:379,0
DA:380,0
DA:390,0
DA:394,0
DA:396,0
DA:397,0
DA:406,0
DA:415,0
DA:431,0
DA:442,0
DA:447,0
DA:448,0
DA:452,0
DA:457,0
DA:458,0
DA:469,0
LF:86
LH:0
BRDA:49,0,0,0
BRDA:52,1,0,0
BRDA:53,2,0,0
BRDA:54,3,0,0
BRDA:55,4,0,0
BRDA:60,5,0,0
BRDA:60,5,1,0
BRDA:61,6,0,0
BRDA:61,6,1,0
BRDA:62,7,0,0
BRDA:62,7,1,0
BRDA:65,8,0,0
BRDA:65,8,1,0
BRDA:65,9,0,0
BRDA:65,9,1,0
BRDA:76,10,0,0
BRDA:76,10,1,0
BRDA:76,11,0,0
BRDA:76,11,1,0
BRDA:89,12,0,0
BRDA:89,12,1,0
BRDA:91,13,0,0
BRDA:91,13,1,0
BRDA:93,14,0,0
BRDA:93,14,1,0
BRDA:93,15,0,0
BRDA:93,15,1,0
BRDA:108,16,0,0
BRDA:108,16,1,0
BRDA:114,17,0,0
BRDA:114,17,1,0
BRDA:114,18,0,0
BRDA:114,18,1,0
BRDA:116,19,0,0
BRDA:116,19,1,0
BRDA:118,20,0,0
BRDA:118,20,1,0
BRDA:118,21,0,0
BRDA:118,21,1,0
BRDA:163,22,0,0
BRDA:168,23,0,0
BRDA:168,23,1,0
BRDA:183,24,0,0
BRDA:183,24,1,0
BRDA:183,25,0,0
BRDA:183,25,1,0
BRDA:203,26,0,0
BRDA:203,26,1,0
BRDA:206,27,0,0
BRDA:206,27,1,0
BRDA:206,28,0,0
BRDA:206,28,1,0
BRDA:246,29,0,0
BRDA:250,30,0,0
BRDA:250,30,1,0
BRDA:250,31,0,0
BRDA:250,31,1,0
BRDA:269,32,0,0
BRDA:269,32,1,0
BRDA:269,33,0,0
BRDA:269,33,1,0
BRDA:269,33,2,0
BRDA:282,34,0,0
BRDA:282,34,1,0
BRDA:282,35,0,0
BRDA:282,35,1,0
BRDA:295,36,0,0
BRDA:295,36,1,0
BRDA:297,37,0,0
BRDA:297,37,1,0
BRDA:300,38,0,0
BRDA:300,38,1,0
BRDA:300,39,0,0
BRDA:300,39,1,0
BRDA:319,40,0,0
BRDA:319,40,1,0
BRDA:365,41,0,0
BRDA:365,41,1,0
BRDA:365,42,0,0
BRDA:365,42,1,0
BRDA:370,43,0,0
BRDA:370,43,1,0
BRDA:370,44,0,0
BRDA:370,44,1,0
BRDA:406,45,0,0
BRDA:406,45,1,0
BRDA:406,45,2,0
BRDA:447,46,0,0
BRDA:447,46,1,0
BRDA:447,47,0,0
BRDA:447,47,1,0
BRDA:457,48,0,0
BRDA:457,48,1,0
BRF:93
BRH:0
end_of_record
TN:
SF:src\middleware\materialKaiAuthMiddleware.ts
FN:75,(anonymous_0)
FN:82,(anonymous_1)
FN:161,(anonymous_2)
FN:170,(anonymous_3)
FN:200,(anonymous_4)
FN:212,(anonymous_5)
FN:228,(anonymous_6)
FN:256,(anonymous_7)
FN:324,createMaterialKaiAuthMiddleware
FNF:9
FNH:0
FNDA:0,(anonymous_0)
FNDA:0,(anonymous_1)
FNDA:0,(anonymous_2)
FNDA:0,(anonymous_3)
FNDA:0,(anonymous_4)
FNDA:0,(anonymous_5)
FNDA:0,(anonymous_6)
FNDA:0,(anonymous_7)
FNDA:0,createMaterialKaiAuthMiddleware
DA:53,0
DA:76,0
DA:83,0
DA:85,0
DA:86,0
DA:97,0
DA:98,0
DA:100,0
DA:101,0
DA:112,0
DA:113,0
DA:124,0
DA:130,0
DA:137,0
DA:146,0
DA:147,0
DA:163,0
DA:164,0
DA:171,0
DA:175,0
DA:176,0
DA:179,0
DA:186,0
DA:188,0
DA:202,0
DA:203,0
DA:207,0
DA:208,0
DA:212,0
DA:213,0
DA:215,0
DA:218,0
DA:219,0
DA:221,0
DA:230,0
DA:231,0
DA:232,0
DA:233,0
DA:234,0
DA:239,0
DA:240,0
DA:241,0
DA:245,0
DA:246,0
DA:247,0
DA:250,0
DA:260,0
DA:262,0
DA:264,0
DA:265,0
DA:276,0
DA:278,0
DA:279,0
DA:283,0
DA:284,0
DA:295,0
DA:297,0
DA:298,0
DA:308,0
DA:310,0
DA:311,0
DA:325,0
LF:62
LH:0
BRDA:85,0,0,0
BRDA:85,0,1,0
BRDA:98,1,0,0
BRDA:98,1,1,0
BRDA:100,2,0,0
BRDA:100,2,1,0
BRDA:112,3,0,0
BRDA:112,3,1,0
BRDA:112,4,0,0
BRDA:112,4,1,0
BRDA:202,5,0,0
BRDA:202,5,1,0
BRDA:202,6,0,0
BRDA:202,6,1,0
BRDA:207,7,0,0
BRDA:207,7,1,0
BRDA:213,8,0,0
BRDA:213,8,1,0
BRDA:230,9,0,0
BRDA:230,9,1,0
BRDA:231,10,0,0
BRDA:231,10,1,0
BRDA:233,11,0,0
BRDA:233,11,1,0
BRDA:234,12,0,0
BRDA:234,12,1,0
BRDA:239,13,0,0
BRDA:239,13,1,0
BRDA:240,14,0,0
BRDA:240,14,1,0
BRDA:245,15,0,0
BRDA:245,15,1,0
BRDA:246,16,0,0
BRDA:246,16,1,0
BRDA:264,17,0,0
BRDA:264,17,1,0
BRDA:278,18,0,0
BRDA:278,18,1,0
BRDA:278,19,0,0
BRDA:278,19,1,0
BRDA:283,20,0,0
BRDA:283,20,1,0
BRDA:283,21,0,0
BRDA:283,21,1,0
BRDA:297,22,0,0
BRDA:297,22,1,0
BRF:46
BRH:0
end_of_record
TN:
SF:src\middleware\validationMiddleware.ts
FN:45,(anonymous_0)
FN:60,(anonymous_1)
FN:97,startPerformanceTracking
FN:104,endPerformanceTracking
FN:114,logPerformanceMetrics
FN:134,createValidationMiddleware
FN:141,(anonymous_6)
FN:172,(anonymous_7)
FN:224,getNestedValue
FN:225,(anonymous_9)
FN:233,(anonymous_10)
FN:244,(anonymous_11)
FN:255,(anonymous_12)
FN:266,(anonymous_13)
FN:277,(anonymous_14)
FN:288,(anonymous_15)
FN:291,(anonymous_16)
FN:305,(anonymous_17)
FN:345,(anonymous_18)
FN:348,(anonymous_19)
FN:362,(anonymous_20)
FN:402,(anonymous_21)
FN:416,(anonymous_22)
FNF:23
FNH:0
FNDA:0,(anonymous_0)
FNDA:0,(anonymous_1)
FNDA:0,startPerformanceTracking
FNDA:0,endPerformanceTracking
FNDA:0,logPerformanceMetrics
FNDA:0,createValidationMiddleware
FNDA:0,(anonymous_6)
FNDA:0,(anonymous_7)
FNDA:0,getNestedValue
FNDA:0,(anonymous_9)
FNDA:0,(anonymous_10)
FNDA:0,(anonymous_11)
FNDA:0,(anonymous_12)
FNDA:0,(anonymous_13)
FNDA:0,(anonymous_14)
FNDA:0,(anonymous_15)
FNDA:0,(anonymous_16)
FNDA:0,(anonymous_17)
FNDA:0,(anonymous_18)
FNDA:0,(anonymous_19)
FNDA:0,(anonymous_20)
FNDA:0,(anonymous_21)
FNDA:0,(anonymous_22)
DA:51,0
DA:52,0
DA:53,0
DA:54,0
DA:55,0
DA:56,0
DA:57,0
DA:61,0
DA:87,0
DA:98,0
DA:105,0
DA:106,0
DA:107,0
DA:108,0
DA:119,0
DA:120,0
DA:139,0
DA:141,0
DA:142,0
DA:143,0
DA:145,0
DA:147,0
DA:148,0
DA:152,0
DA:155,0
DA:158,0
DA:159,0
DA:167,0
DA:168,0
DA:171,0
DA:172,0
DA:179,0
DA:186,0
DA:187,0
DA:190,0
DA:194,0
DA:195,0
DA:197,0
DA:199,0
DA:205,0
DA:216,0
DA:225,0
DA:226,0
DA:233,0
DA:234,0
DA:244,0
DA:245,0
DA:255,0
DA:256,0
DA:266,0
DA:267,0
DA:277,0
DA:278,0
DA:288,0
DA:289,0
DA:291,0
DA:292,0
DA:293,0
DA:295,0
DA:296,0
DA:298,0
DA:300,0
DA:301,0
DA:304,0
DA:305,0
DA:312,0
DA:319,0
DA:322,0
DA:323,0
DA:325,0
DA:327,0
DA:332,0
DA:345,0
DA:346,0
DA:348,0
DA:349,0
DA:350,0
DA:352,0
DA:353,0
DA:355,0
DA:357,0
DA:358,0
DA:361,0
DA:362,0
DA:369,0
DA:376,0
DA:379,0
DA:380,0
DA:382,0
DA:384,0
DA:389,0
DA:402,0
DA:408,0
DA:409,0
DA:413,0
DA:414,0
DA:416,0
DA:425,0
DA:428,0
DA:447,0
DA:468,0
LF:101
LH:0
BRDA:119,0,0,0
BRDA:119,0,1,0
BRDA:119,1,0,0
BRDA:119,1,1,0
BRDA:124,2,0,0
BRDA:124,2,1,0
BRDA:124,3,0,0
BRDA:124,3,1,0
BRDA:137,4,0,0
BRDA:142,5,0,0
BRDA:142,5,1,0
BRDA:147,6,0,0
BRDA:147,6,1,0
BRDA:147,7,0,0
BRDA:147,7,1,0
BRDA:147,7,2,0
BRDA:158,8,0,0
BRDA:158,8,1,0
BRDA:158,9,0,0
BRDA:158,9,1,0
BRDA:158,10,0,0
BRDA:158,10,1,0
BRDA:167,11,0,0
BRDA:167,11,1,0
BRDA:171,12,0,0
BRDA:171,12,1,0
BRDA:176,13,0,0
BRDA:176,13,1,0
BRDA:186,14,0,0
BRDA:186,14,1,0
BRDA:201,15,0,0
BRDA:201,15,1,0
BRDA:202,16,0,0
BRDA:202,16,1,0
BRDA:226,17,0,0
BRDA:226,17,1,0
BRDA:226,18,0,0
BRDA:226,18,1,0
BRDA:292,19,0,0
BRDA:292,19,1,0
BRDA:300,20,0,0
BRDA:300,20,1,0
BRDA:304,21,0,0
BRDA:304,21,1,0
BRDA:329,22,0,0
BRDA:329,22,1,0
BRDA:349,23,0,0
BRDA:349,23,1,0
BRDA:357,24,0,0
BRDA:357,24,1,0
BRDA:361,25,0,0
BRDA:361,25,1,0
BRDA:386,26,0,0
BRDA:386,26,1,0
BRDA:408,27,0,0
BRDA:408,27,1,0
BRDA:413,28,0,0
BRDA:413,28,1,0
BRF:58
BRH:0
end_of_record
TN:
SF:src\orchestrators\DocumentWorkflowOrchestrator.ts
FN:40,(anonymous_0)
FN:44,(anonymous_1)
FN:47,(anonymous_2)
FN:55,(anonymous_3)
FN:70,(anonymous_4)
FN:74,(anonymous_5)
FN:78,(anonymous_6)
FN:292,(anonymous_7)
FN:321,(anonymous_8)
FN:388,(anonymous_9)
FN:400,(anonymous_10)
FN:411,(anonymous_11)
FN:436,(anonymous_12)
FN:442,(anonymous_13)
FN:487,(anonymous_14)
FN:509,(anonymous_15)
FN:538,(anonymous_16)
FN:539,(anonymous_17)
FN:543,(anonymous_18)
FN:551,(anonymous_19)
FN:552,(anonymous_20)
FN:556,(anonymous_21)
FN:563,(anonymous_22)
FN:571,(anonymous_23)
FN:587,(anonymous_24)
FN:593,(anonymous_25)
FN:616,(anonymous_26)
FN:624,(anonymous_27)
FN:664,(anonymous_28)
FN:678,(anonymous_29)
FN:690,(anonymous_30)
FN:696,(anonymous_31)
FN:769,(anonymous_32)
FN:783,(anonymous_33)
FN:788,(anonymous_34)
FN:843,(anonymous_35)
FN:855,(anonymous_36)
FN:875,(anonymous_37)
FN:896,(anonymous_38)
FN:919,(anonymous_39)
FN:936,(anonymous_40)
FN:943,(anonymous_41)
FN:955,(anonymous_42)
FNF:43
FNH:0
FNDA:0,(anonymous_0)
FNDA:0,(anonymous_1)
FNDA:0,(anonymous_2)
FNDA:0,(anonymous_3)
FNDA:0,(anonymous_4)
FNDA:0,(anonymous_5)
FNDA:0,(anonymous_6)
FNDA:0,(anonymous_7)
FNDA:0,(anonymous_8)
FNDA:0,(anonymous_9)
FNDA:0,(anonymous_10)
FNDA:0,(anonymous_11)
FNDA:0,(anonymous_12)
FNDA:0,(anonymous_13)
FNDA:0,(anonymous_14)
FNDA:0,(anonymous_15)
FNDA:0,(anonymous_16)
FNDA:0,(anonymous_17)
FNDA:0,(anonymous_18)
FNDA:0,(anonymous_19)
FNDA:0,(anonymous_20)
FNDA:0,(anonymous_21)
FNDA:0,(anonymous_22)
FNDA:0,(anonymous_23)
FNDA:0,(anonymous_24)
FNDA:0,(anonymous_25)
FNDA:0,(anonymous_26)
FNDA:0,(anonymous_27)
FNDA:0,(anonymous_28)
FNDA:0,(anonymous_29)
FNDA:0,(anonymous_30)
FNDA:0,(anonymous_31)
FNDA:0,(anonymous_32)
FNDA:0,(anonymous_33)
FNDA:0,(anonymous_34)
FNDA:0,(anonymous_35)
FNDA:0,(anonymous_36)
FNDA:0,(anonymous_37)
FNDA:0,(anonymous_38)
FNDA:0,(anonymous_39)
FNDA:0,(anonymous_40)
FNDA:0,(anonymous_41)
FNDA:0,(anonymous_42)
DA:41,0
DA:42,0
DA:45,0
DA:48,0
DA:52,0
DA:55,0
DA:56,0
DA:57,0
DA:58,0
DA:59,0
DA:60,0
DA:62,0
DA:67,0
DA:71,0
DA:75,0
DA:79,0
DA:80,0
DA:81,0
DA:238,0
DA:300,0
DA:302,0
DA:303,0
DA:304,0
DA:305,0
DA:306,0
DA:307,0
DA:308,0
DA:309,0
DA:312,0
DA:314,0
DA:315,0
DA:322,0
DA:323,0
DA:324,0
DA:326,0
DA:334,0
DA:346,0
DA:347,0
DA:349,0
DA:351,0
DA:361,0
DA:362,0
DA:364,0
DA:366,0
DA:369,0
DA:371,0
DA:376,0
DA:377,0
DA:378,0
DA:380,0
DA:381,0
DA:389,0
DA:390,0
DA:391,0
DA:394,0
DA:401,0
DA:402,0
DA:403,0
DA:406,0
DA:408,0
DA:410,0
DA:411,0
DA:413,0
DA:414,0
DA:418,0
DA:419,0
DA:420,0
DA:422,0
DA:425,0
DA:429,0
DA:437,0
DA:438,0
DA:439,0
DA:442,0
DA:443,0
DA:444,0
DA:447,0
DA:448,0
DA:451,0
DA:453,0
DA:455,0
DA:456,0
DA:457,0
DA:458,0
DA:461,0
DA:469,0
DA:470,0
DA:472,0
DA:475,0
DA:480,0
DA:488,0
DA:489,0
DA:490,0
DA:493,0
DA:494,0
DA:495,0
DA:498,0
DA:500,0
DA:502,0
DA:505,0
DA:506,0
DA:509,0
DA:510,0
DA:511,0
DA:512,0
DA:513,0
DA:514,0
DA:515,0
DA:516,0
DA:517,0
DA:521,0
DA:522,0
DA:524,0
DA:527,0
DA:531,0
DA:539,0
DA:540,0
DA:543,0
DA:544,0
DA:552,0
DA:553,0
DA:556,0
DA:557,0
DA:563,0
DA:564,0
DA:576,0
DA:577,0
DA:578,0
DA:581,0
DA:583,0
DA:584,0
DA:587,0
DA:588,0
DA:589,0
DA:593,0
DA:594,0
DA:595,0
DA:597,0
DA:616,0
DA:617,0
DA:618,0
DA:621,0
DA:622,0
DA:624,0
DA:631,0
DA:632,0
DA:634,0
DA:635,0
DA:641,0
DA:647,0
DA:655,0
DA:663,0
DA:664,0
DA:678,0
DA:679,0
DA:680,0
DA:682,0
DA:690,0
DA:691,0
DA:692,0
DA:696,0
DA:712,0
DA:719,0
DA:720,0
DA:722,0
DA:732,0
DA:733,0
DA:734,0
DA:735,0
DA:736,0
DA:740,0
DA:742,0
DA:745,0
DA:747,0
DA:750,0
DA:756,0
DA:757,0
DA:758,0
DA:759,0
DA:761,0
DA:762,0
DA:772,0
DA:777,0
DA:788,0
DA:789,0
DA:790,0
DA:793,0
DA:794,0
DA:795,0
DA:797,0
DA:802,0
DA:803,0
DA:805,0
DA:806,0
DA:807,0
DA:808,0
DA:811,0
DA:817,0
DA:820,0
DA:822,0
DA:825,0
DA:831,0
DA:832,0
DA:833,0
DA:835,0
DA:836,0
DA:844,0
DA:856,0
DA:880,0
DA:890,0
DA:897,0
DA:898,0
DA:900,0
DA:907,0
DA:908,0
DA:920,0
DA:921,0
DA:924,0
DA:925,0
DA:928,0
DA:929,0
DA:937,0
DA:944,0
DA:945,0
DA:946,0
DA:947,0
DA:948,0
DA:956,0
DA:958,0
DA:959,0
DA:960,0
DA:961,0
LF:232
LH:0
BRDA:57,0,0,0
BRDA:57,0,1,0
BRDA:369,1,0,0
BRDA:369,1,1,0
BRDA:373,2,0,0
BRDA:373,2,1,0
BRDA:390,3,0,0
BRDA:390,3,1,0
BRDA:402,4,0,0
BRDA:402,4,1,0
BRDA:413,5,0,0
BRDA:413,5,1,0
BRDA:427,6,0,0
BRDA:427,6,1,0
BRDA:438,7,0,0
BRDA:438,7,1,0
BRDA:443,8,0,0
BRDA:443,8,1,0
BRDA:447,9,0,0
BRDA:447,9,1,0
BRDA:478,10,0,0
BRDA:478,10,1,0
BRDA:489,11,0,0
BRDA:489,11,1,0
BRDA:494,12,0,0
BRDA:494,12,1,0
BRDA:494,13,0,0
BRDA:494,13,1,0
BRDA:512,14,0,0
BRDA:512,14,1,0
BRDA:529,15,0,0
BRDA:529,15,1,0
BRDA:577,16,0,0
BRDA:577,16,1,0
BRDA:602,17,0,0
BRDA:602,17,1,0
BRDA:603,18,0,0
BRDA:603,18,1,0
BRDA:604,19,0,0
BRDA:604,19,1,0
BRDA:605,20,0,0
BRDA:605,20,1,0
BRDA:617,21,0,0
BRDA:617,21,1,0
BRDA:634,22,0,0
BRDA:634,22,1,0
BRDA:649,23,0,0
BRDA:649,23,1,0
BRDA:667,24,0,0
BRDA:667,24,1,0
BRDA:696,25,0,0
BRDA:696,25,1,0
BRDA:752,26,0,0
BRDA:752,26,1,0
BRDA:789,27,0,0
BRDA:789,27,1,0
BRDA:827,28,0,0
BRDA:827,28,1,0
BRDA:898,29,0,0
BRDA:898,29,1,0
BRDA:907,30,0,0
BRDA:907,30,1,0
BRDA:920,31,0,0
BRDA:920,31,1,0
BRDA:924,32,0,0
BRDA:924,32,1,0
BRDA:924,33,0,0
BRDA:924,33,1,0
BRDA:928,34,0,0
BRDA:928,34,1,0
BRDA:944,35,0,0
BRDA:944,35,1,0
BRDA:944,35,2,0
BRDA:944,35,3,0
BRF:74
BRH:0
end_of_record
TN:
SF:src\schemas\mivaaValidation.ts
FN:25,(anonymous_0)
FN:88,(anonymous_1)
FN:90,(anonymous_2)
FN:92,(anonymous_3)
FN:100,(anonymous_4)
FN:103,(anonymous_5)
FN:113,(anonymous_6)
FN:124,(anonymous_7)
FN:140,validateMivaaDocument
FN:158,(anonymous_9)
FN:192,validatePartialMivaaDocument
FN:210,(anonymous_11)
FNF:12
FNH:0
FNDA:0,(anonymous_0)
FNDA:0,(anonymous_1)
FNDA:0,(anonymous_2)
FNDA:0,(anonymous_3)
FNDA:0,(anonymous_4)
FNDA:0,(anonymous_5)
FNDA:0,(anonymous_6)
FNDA:0,(anonymous_7)
FNDA:0,validateMivaaDocument
FNDA:0,(anonymous_9)
FNDA:0,validatePartialMivaaDocument
FNDA:0,(anonymous_11)
DA:6,0
DA:17,0
DA:25,0
DA:33,0
DA:50,0
DA:69,0
DA:78,0
DA:90,0
DA:91,0
DA:92,0
DA:102,0
DA:103,0
DA:104,0
DA:106,0
DA:115,0
DA:124,0
DA:149,0
DA:151,0
DA:152,0
DA:158,0
DA:164,0
DA:173,0
DA:187,0
DA:201,0
DA:203,0
DA:204,0
DA:210,0
DA:216,0
LF:28
LH:0
BRDA:151,0,0,0
BRDA:151,0,1,0
BRDA:203,1,0,0
BRDA:203,1,1,0
BRF:4
BRH:0
end_of_record
TN:
SF:src\schemas\transformationValidation.ts
FN:11,(anonymous_0)
FN:17,(anonymous_1)
FN:29,(anonymous_2)
FN:41,(anonymous_3)
FN:104,(anonymous_4)
FN:122,(anonymous_5)
FN:142,validateTransformationConfig
FN:160,(anonymous_7)
FN:200,validatePartialTransformationConfig
FN:218,(anonymous_9)
FN:241,(anonymous_10)
FN:251,validateTransformationJobRequest
FN:269,(anonymous_12)
FNF:13
FNH:0
FNDA:0,(anonymous_0)
FNDA:0,(anonymous_1)
FNDA:0,(anonymous_2)
FNDA:0,(anonymous_3)
FNDA:0,(anonymous_4)
FNDA:0,(anonymous_5)
FNDA:0,validateTransformationConfig
FNDA:0,(anonymous_7)
FNDA:0,validatePartialTransformationConfig
FNDA:0,(anonymous_9)
FNDA:0,(anonymous_10)
FNDA:0,validateTransformationJobRequest
FNDA:0,(anonymous_12)
DA:6,0
DA:11,0
DA:17,0
DA:27,0
DA:29,0
DA:39,0
DA:41,0
DA:52,0
DA:67,0
DA:77,0
DA:88,0
DA:106,0
DA:107,0
DA:109,0
DA:110,0
DA:112,0
DA:113,0
DA:115,0
DA:124,0
DA:125,0
DA:126,0
DA:151,0
DA:153,0
DA:154,0
DA:160,0
DA:166,0
DA:175,0
DA:195,0
DA:209,0
DA:211,0
DA:212,0
DA:218,0
DA:224,0
DA:233,0
DA:241,0
DA:260,0
DA:262,0
DA:263,0
DA:269,0
DA:275,0
LF:40
LH:0
BRDA:106,0,0,0
BRDA:106,0,1,0
BRDA:106,1,0,0
BRDA:106,1,1,0
BRDA:106,1,2,0
BRDA:109,2,0,0
BRDA:109,2,1,0
BRDA:109,3,0,0
BRDA:109,3,1,0
BRDA:109,3,2,0
BRDA:112,4,0,0
BRDA:112,4,1,0
BRDA:112,5,0,0
BRDA:112,5,1,0
BRDA:112,5,2,0
BRDA:153,6,0,0
BRDA:153,6,1,0
BRDA:211,7,0,0
BRDA:211,7,1,0
BRDA:241,8,0,0
BRDA:241,8,1,0
BRDA:262,9,0,0
BRDA:262,9,1,0
BRF:23
BRH:0
end_of_record
TN:
SF:src\services\agentCollaborationWorkflows.ts
FN:21,(anonymous_0)
FN:98,(anonymous_1)
FN:126,(anonymous_2)
FN:169,(anonymous_3)
FN:170,(anonymous_4)
FN:174,(anonymous_5)
FN:208,(anonymous_6)
FN:209,(anonymous_7)
FN:213,(anonymous_8)
FN:247,(anonymous_9)
FN:248,(anonymous_10)
FN:252,(anonymous_11)
FN:295,(anonymous_12)
FN:296,(anonymous_13)
FN:300,(anonymous_14)
FN:317,(anonymous_15)
FN:351,(anonymous_16)
FN:403,(anonymous_17)
FN:431,(anonymous_18)
FN:433,(anonymous_19)
FN:436,(anonymous_20)
FN:459,(anonymous_21)
FN:467,(anonymous_22)
FN:473,(anonymous_23)
FN:481,(anonymous_24)
FN:488,(anonymous_25)
FN:496,(anonymous_26)
FN:499,(anonymous_27)
FN:547,(anonymous_28)
FN:551,(anonymous_29)
FN:552,(anonymous_30)
FN:559,(anonymous_31)
FN:566,(anonymous_32)
FN:581,(anonymous_33)
FN:601,(anonymous_34)
FN:628,(anonymous_35)
FN:631,(anonymous_36)
FN:635,(anonymous_37)
FN:638,(anonymous_38)
FN:639,(anonymous_39)
FN:646,(anonymous_40)
FNF:41
FNH:0
FNDA:0,(anonymous_0)
FNDA:0,(anonymous_1)
FNDA:0,(anonymous_2)
FNDA:0,(anonymous_3)
FNDA:0,(anonymous_4)
FNDA:0,(anonymous_5)
FNDA:0,(anonymous_6)
FNDA:0,(anonymous_7)
FNDA:0,(anonymous_8)
FNDA:0,(anonymous_9)
FNDA:0,(anonymous_10)
FNDA:0,(anonymous_11)
FNDA:0,(anonymous_12)
FNDA:0,(anonymous_13)
FNDA:0,(anonymous_14)
FNDA:0,(anonymous_15)
FNDA:0,(anonymous_16)
FNDA:0,(anonymous_17)
FNDA:0,(anonymous_18)
FNDA:0,(anonymous_19)
FNDA:0,(anonymous_20)
FNDA:0,(anonymous_21)
FNDA:0,(anonymous_22)
FNDA:0,(anonymous_23)
FNDA:0,(anonymous_24)
FNDA:0,(anonymous_25)
FNDA:0,(anonymous_26)
FNDA:0,(anonymous_27)
FNDA:0,(anonymous_28)
FNDA:0,(anonymous_29)
FNDA:0,(anonymous_30)
FNDA:0,(anonymous_31)
FNDA:0,(anonymous_32)
FNDA:0,(anonymous_33)
FNDA:0,(anonymous_34)
FNDA:0,(anonymous_35)
FNDA:0,(anonymous_36)
FNDA:0,(anonymous_37)
FNDA:0,(anonymous_38)
FNDA:0,(anonymous_39)
FNDA:0,(anonymous_40)
DA:27,0
DA:29,0
DA:31,0
DA:33,0
DA:37,0
DA:50,0
DA:53,0
DA:55,0
DA:56,0
DA:69,0
DA:70,0
DA:74,0
DA:85,0
DA:88,0
DA:90,0
DA:93,0
DA:94,0
DA:99,0
DA:107,0
DA:109,0
DA:112,0
DA:115,0
DA:118,0
DA:122,0
DA:127,0
DA:166,0
DA:169,0
DA:170,0
DA:175,0
DA:205,0
DA:208,0
DA:209,0
DA:214,0
DA:244,0
DA:247,0
DA:248,0
DA:253,0
DA:292,0
DA:295,0
DA:296,0
DA:301,0
DA:303,0
DA:309,0
DA:311,0
DA:317,0
DA:318,0
DA:321,0
DA:322,0
DA:326,0
DA:334,0
DA:337,0
DA:340,0
DA:352,0
DA:354,0
DA:361,0
DA:363,0
DA:364,0
DA:367,0
DA:370,0
DA:376,0
DA:378,0
DA:379,0
DA:381,0
DA:383,0
DA:392,0
DA:393,0
DA:399,0
DA:404,0
DA:406,0
DA:412,0
DA:414,0
DA:415,0
DA:416,0
[...]
BRDA:461,18,1,0
BRDA:471,19,0,0
BRDA:471,19,1,0
BRF:38
BRH:0
end_of_record
TN:
SF:src\services\ml\textureComponents\TextureNetSVD.ts
FN:34,(anonymous_0)
FN:66,(anonymous_1)
FN:91,(anonymous_2)
FN:105,(anonymous_3)
FN:123,(anonymous_4)
FN:171,(anonymous_5)
FN:203,(anonymous_6)
FN:209,(anonymous_7)
FN:218,(anonymous_8)
FN:219,(anonymous_9)
FN:222,(anonymous_10)
FN:223,(anonymous_11)
FN:226,(anonymous_12)
FN:239,(anonymous_13)
FN:251,(anonymous_14)
FN:264,(anonymous_15)
FN:265,(anonymous_16)
FN:266,(anonymous_17)
FN:272,(anonymous_18)
FN:286,(anonymous_19)
FN:298,(anonymous_20)
FNF:21
FNH:0
FNDA:0,(anonymous_0)
FNDA:0,(anonymous_1)
FNDA:0,(anonymous_2)
FNDA:0,(anonymous_3)
FNDA:0,(anonymous_4)
FNDA:0,(anonymous_5)
FNDA:0,(anonymous_6)
FNDA:0,(anonymous_7)
FNDA:0,(anonymous_8)
FNDA:0,(anonymous_9)
FNDA:0,(anonymous_10)
FNDA:0,(anonymous_11)
FNDA:0,(anonymous_12)
FNDA:0,(anonymous_13)
FNDA:0,(anonymous_14)
FNDA:0,(anonymous_15)
FNDA:0,(anonymous_16)
FNDA:0,(anonymous_17)
FNDA:0,(anonymous_18)
FNDA:0,(anonymous_19)
FNDA:0,(anonymous_20)
DA:35,0
DA:36,0
DA:43,0
DA:53,0
DA:60,0
DA:68,0
DA:70,0
DA:71,0
DA:75,0
DA:76,0
DA:79,0
DA:82,0
DA:84,0
DA:85,0
DA:92,0
DA:93,0
DA:95,0
DA:96,0
DA:99,0
DA:106,0
DA:109,0
DA:112,0
DA:115,0
DA:117,0
DA:131,0
DA:134,0
DA:142,0
DA:150,0
DA:157,0
DA:159,0
DA:176,0
DA:182,0
DA:184,0
DA:186,0
DA:187,0
DA:188,0
DA:190,0
DA:197,0
DA:205,0
DA:211,0
DA:212,0
DA:213,0
DA:215,0
DA:219,0
DA:223,0
DA:228,0
DA:230,0
DA:240,0
DA:242,0
DA:252,0
DA:254,0
DA:255,0
DA:256,0
DA:257,0
DA:258,0
DA:261,0
DA:265,0
DA:266,0
DA:278,0
DA:287,0
DA:288,0
DA:289,0
DA:290,0
DA:292,0
DA:299,0
LF:65
LH:0
BRDA:70,0,0,0
BRDA:70,0,1,0
BRDA:186,1,0,0
BRDA:186,1,1,0
BRDA:187,2,0,0
BRDA:187,2,1,0
BRDA:188,3,0,0
BRDA:188,3,1,0
BRDA:266,4,0,0
BRDA:266,4,1,0
BRF:10
BRH:0
end_of_record
TN:
SF:src\services\pdf\documentProcessingPipeline.ts
FN:41,(anonymous_0)
FN:54,(anonymous_1)
FN:62,(anonymous_2)
FN:137,(anonymous_3)
FN:181,(anonymous_4)
FN:215,(anonymous_5)
FN:249,(anonymous_6)
FN:261,(anonymous_7)
FN:307,(anonymous_8)
FN:317,(anonymous_9)
FN:320,(anonymous_10)
FN:358,(anonymous_11)
FN:359,(anonymous_12)
FN:378,(anonymous_13)
FN:392,(anonymous_14)
FN:420,(anonymous_15)
FN:424,(anonymous_16)
FN:425,(anonymous_17)
FN:426,(anonymous_18)
FN:440,(anonymous_19)
FN:454,(anonymous_20)
FNF:21
FNH:0
FNDA:0,(anonymous_0)
FNDA:0,(anonymous_1)
FNDA:0,(anonymous_2)
FNDA:0,(anonymous_3)
FNDA:0,(anonymous_4)
FNDA:0,(anonymous_5)
FNDA:0,(anonymous_6)
FNDA:0,(anonymous_7)
FNDA:0,(anonymous_8)
FNDA:0,(anonymous_9)
FNDA:0,(anonymous_10)
FNDA:0,(anonymous_11)
FNDA:0,(anonymous_12)
FNDA:0,(anonymous_13)
FNDA:0,(anonymous_14)
FNDA:0,(anonymous_15)
FNDA:0,(anonymous_16)
FNDA:0,(anonymous_17)
FNDA:0,(anonymous_18)
FNDA:0,(anonymous_19)
FNDA:0,(anonymous_20)
DA:42,0
DA:43,0
DA:56,0
DA:66,0
DA:67,0
DA:68,0
DA:70,0
DA:72,0
DA:77,0
DA:78,0
DA:83,0
DA:87,0
DA:88,0
DA:93,0
DA:97,0
DA:98,0
DA:103,0
DA:107,0
DA:109,0
DA:117,0
DA:119,0
DA:142,0
DA:145,0
DA:147,0
DA:148,0
DA:151,0
DA:153,0
DA:154,0
DA:156,0
DA:175,0
DA:186,0
DA:188,0
DA:190,0
DA:192,0
DA:209,0
DA:220,0
DA:222,0
DA:224,0
DA:226,0
DA:243,0
DA:252,0
DA:265,0
DA:268,0
DA:269,0
DA:272,0
DA:274,0
DA:275,0
DA:276,0
DA:281,0
DA:284,0
DA:285,0
DA:286,0
DA:289,0
DA:294,0
DA:295,0
DA:301,0
DA:308,0
DA:310,0
DA:311,0
DA:315,0
DA:316,0
DA:317,0
DA:320,0
DA:323,0
DA:325,0
DA:326,0
DA:329,0
DA:330,0
DA:331,0
DA:335,0
DA:336,0
DA:337,0
DA:338,0
DA:340,0
DA:343,0
DA:348,0
DA:349,0
DA:352,0
DA:359,0
DA:361,0
DA:362,0
DA:365,0
DA:368,0
DA:369,0
DA:373,0
DA:376,0
DA:377,0
DA:378,0
DA:379,0
DA:382,0
DA:383,0
DA:386,0
DA:393,0
DA:394,0
DA:395,0
DA:398,0
DA:399,0
DA:400,0
DA:401,0
DA:402,0
DA:404,0
DA:408,0
DA:409,0
DA:412,0
DA:414,0
DA:424,0
DA:425,0
DA:426,0
DA:428,0
DA:441,0
DA:464,0
DA:466,0
DA:467,0
DA:470,0
DA:471,0
DA:474,0
LF:116
LH:0
BRDA:44,0,0,0
BRDA:44,0,1,0
BRDA:45,1,0,0
BRDA:45,1,1,0
BRDA:64,2,0,0
BRDA:72,3,0,0
BRDA:72,3,1,0
BRDA:77,4,0,0
BRDA:77,4,1,0
BRDA:87,5,0,0
BRDA:87,5,1,0
BRDA:87,6,0,0
BRDA:87,6,1,0
BRDA:97,7,0,0
BRDA:97,7,1,0
BRDA:97,8,0,0
BRDA:97,8,1,0
BRDA:113,9,0,0
BRDA:113,9,1,0
BRDA:117,10,0,0
BRDA:117,10,1,0
BRDA:165,11,0,0
BRDA:165,11,1,0
BRDA:200,12,0,0
BRDA:200,12,1,0
BRDA:234,13,0,0
BRDA:234,13,1,0
BRDA:274,14,0,0
BRDA:274,14,1,0
BRDA:274,15,0,0
BRDA:274,15,1,0
BRDA:275,16,0,0
BRDA:275,16,1,0
BRDA:285,17,0,0
BRDA:285,17,1,0
BRDA:294,18,0,0
BRDA:294,18,1,0
BRDA:301,19,0,0
BRDA:301,19,1,0
BRDA:310,20,0,0
BRDA:310,20,1,0
BRDA:316,21,0,0
BRDA:316,21,1,0
BRDA:329,22,0,0
BRDA:329,22,1,0
BRDA:330,23,0,0
BRDA:330,23,1,0
BRDA:335,24,0,0
BRDA:335,24,1,0
BRDA:335,25,0,0
BRDA:335,25,1,0
BRDA:343,26,0,0
BRDA:343,26,1,0
BRDA:348,27,0,0
BRDA:348,27,1,0
BRDA:352,28,0,0
BRDA:352,28,1,0
BRDA:361,29,0,0
BRDA:361,29,1,0
BRDA:368,30,0,0
BRDA:368,30,1,0
BRDA:368,31,0,0
BRDA:368,31,1,0
BRDA:382,32,0,0
BRDA:382,32,1,0
BRDA:399,33,0,0
BRDA:399,33,1,0
BRDA:401,34,0,0
BRDA:401,34,1,0
BRDA:408,35,0,0
BRDA:408,35,1,0
BRDA:442,36,0,0
BRDA:442,36,1,0
BRDA:442,36,2,0
BRDA:442,36,3,0
BRDA:442,36,4,0
BRDA:442,36,5,0
BRDA:466,37,0,0
BRDA:466,37,1,0
BRDA:466,38,0,0
BRDA:466,38,1,0
BRDA:470,39,0,0
BRDA:470,39,1,0
BRF:83
BRH:0
end_of_record
TN:
SF:src\services\pdf\mivaaIntegrationService.ts
FN:189,(anonymous_0)
FN:199,(anonymous_1)
FN:212,(anonymous_2)
FN:222,(anonymous_3)
FN:225,(anonymous_4)
FN:254,(anonymous_5)
FN:273,(anonymous_6)
FN:292,(anonymous_7)
FN:311,(anonymous_8)
FN:328,(anonymous_9)
FN:335,(anonymous_10)
FN:365,(anonymous_11)
FN:375,(anonymous_12)
FN:422,(anonymous_13)
FN:423,(anonymous_14)
FN:450,(anonymous_15)
FN:451,(anonymous_16)
FN:472,(anonymous_17)
FN:473,(anonymous_18)
FN:480,(anonymous_19)
FN:483,(anonymous_20)
FN:511,(anonymous_21)
FN:516,(anonymous_22)
FN:533,(anonymous_23)
FNF:24
FNH:0
FNDA:0,(anonymous_0)
FNDA:0,(anonymous_1)
FNDA:0,(anonymous_2)
FNDA:0,(anonymous_3)
FNDA:0,(anonymous_4)
FNDA:0,(anonymous_5)
FNDA:0,(anonymous_6)
FNDA:0,(anonymous_7)
FNDA:0,(anonymous_8)
FNDA:0,(anonymous_9)
FNDA:0,(anonymous_10)
FNDA:0,(anonymous_11)
FNDA:0,(anonymous_12)
FNDA:0,(anonymous_13)
FNDA:0,(anonymous_14)
FNDA:0,(anonymous_15)
FNDA:0,(anonymous_16)
FNDA:0,(anonymous_17)
FNDA:0,(anonymous_18)
FNDA:0,(anonymous_19)
FNDA:0,(anonymous_20)
FNDA:0,(anonymous_21)
FNDA:0,(anonymous_22)
FNDA:0,(anonymous_23)
DA:190,0
DA:191,0
DA:192,0
DA:193,0
DA:200,0
DA:203,0
DA:204,0
DA:205,0
DA:213,0
DA:214,0
DA:215,0
DA:223,0
DA:224,0
DA:225,0
DA:228,0
DA:233,0
DA:235,0
DA:236,0
DA:238,0
DA:244,0
DA:255,0
DA:263,0
DA:264,0
DA:267,0
DA:274,0
DA:282,0
DA:283,0
DA:286,0
DA:293,0
DA:301,0
DA:302,0
DA:305,0
DA:316,0
DA:322,0
DA:330,0
DA:332,0
DA:333,0
DA:334,0
DA:335,0
DA:337,0
DA:348,0
DA:357,0
DA:358,0
DA:360,0
DA:361,0
DA:365,0
DA:369,0
DA:381,0
DA:382,0
DA:383,0
DA:385,0
DA:386,0
DA:388,0
DA:389,0
DA:391,0
DA:392,0
DA:394,0
DA:395,0
DA:397,0
DA:398,0
DA:400,0
DA:403,0
DA:410,0
DA:411,0
DA:423,0
DA:424,0
DA:427,0
DA:430,0
DA:433,0
DA:443,0
DA:451,0
DA:453,0
DA:455,0
DA:456,0
DA:460,0
DA:465,0
DA:473,0
DA:474,0
DA:475,0
DA:478,0
DA:479,0
DA:480,0
DA:481,0
DA:483,0
DA:484,0
DA:485,0
DA:488,0
DA:504,0
DA:516,0
DA:518,0
DA:522,0
DA:523,0
DA:526,0
DA:534,0
DA:535,0
DA:538,0
DA:539,0
DA:542,0
DA:543,0
DA:546,0
DA:547,0
DA:548,0
DA:552,0
DA:553,0
DA:554,0
DA:555,0
DA:563,0
LF:107
LH:0
BRDA:192,0,0,0
BRDA:192,0,1,0
BRDA:192,0,2,0
BRDA:204,1,0,0
BRDA:204,1,1,0
BRDA:214,2,0,0
BRDA:214,2,1,0
BRDA:235,3,0,0
BRDA:235,3,1,0
BRDA:246,4,0,0
BRDA:246,4,1,0
BRDA:263,5,0,0
BRDA:263,5,1,0
BRDA:282,6,0,0
BRDA:282,6,1,0
BRDA:301,7,0,0
BRDA:301,7,1,0
BRDA:328,8,0,0
BRDA:339,9,0,0
BRDA:339,9,1,0
BRDA:360,10,0,0
BRDA:360,10,1,0
BRDA:386,11,0,0
BRDA:386,11,1,0
BRDA:386,11,2,0
BRDA:386,11,3,0
BRDA:386,11,4,0
BRDA:406,12,0,0
BRDA:406,12,1,0
BRDA:407,13,0,0
BRDA:407,13,1,0
BRDA:410,14,0,0
BRDA:410,14,1,0
BRDA:435,15,0,0
BRDA:435,15,1,0
BRDA:439,16,0,0
BRDA:439,16,1,0
BRDA:440,17,0,0
BRDA:440,17,1,0
BRDA:455,18,0,0
BRDA:455,18,1,0
BRDA:462,19,0,0
BRDA:462,19,1,0
BRDA:475,20,0,0
BRDA:475,20,1,0
BRDA:484,21,0,0
BRDA:484,21,1,0
BRDA:489,22,0,0
BRDA:489,22,1,0
BRDA:498,23,0,0
BRDA:498,23,1,0
BRDA:522,24,0,0
BRDA:522,24,1,0
BRDA:534,25,0,0
BRDA:534,25,1,0
BRDA:538,26,0,0
BRDA:538,26,1,0
BRDA:542,27,0,0
BRDA:542,27,1,0
BRDA:547,28,0,0
BRDA:547,28,1,0
BRDA:552,29,0,0
BRDA:552,29,1,0
BRDA:554,30,0,0
BRDA:554,30,1,0
BRDA:554,31,0,0
BRDA:554,31,1,0
BRDA:554,31,2,0
BRF:68
BRH:0
end_of_record
TN:
SF:src\services\websocket\WebSocketManager.ts
FN:32,(anonymous_0)
FN:52,(anonymous_1)
FN:66,(anonymous_2)
FN:67,(anonymous_3)
FN:80,(anonymous_4)
FN:87,(anonymous_5)
FN:100,(anonymous_6)
FN:111,(anonymous_7)
FN:125,(anonymous_8)
FN:148,(anonymous_9)
FN:165,(anonymous_10)
FN:190,(anonymous_11)
FN:197,(anonymous_12)
FN:204,(anonymous_13)
FN:211,(anonymous_14)
FN:220,(anonymous_15)
FN:227,(anonymous_16)
FN:243,(anonymous_17)
FN:244,(anonymous_18)
FN:250,(anonymous_19)
FN:251,(anonymous_20)
FN:261,(anonymous_21)
FN:268,(anonymous_22)
FN:275,(anonymous_23)
FN:282,(anonymous_24)
FN:291,(anonymous_25)
FN:307,(anonymous_26)
FNF:27
FNH:0
FNDA:0,(anonymous_0)
FNDA:0,(anonymous_1)
FNDA:0,(anonymous_2)
FNDA:0,(anonymous_3)
FNDA:0,(anonymous_4)
FNDA:0,(anonymous_5)
FNDA:0,(anonymous_6)
FNDA:0,(anonymous_7)
FNDA:0,(anonymous_8)
FNDA:0,(anonymous_9)
FNDA:0,(anonymous_10)
FNDA:0,(anonymous_11)
FNDA:0,(anonymous_12)
FNDA:0,(anonymous_13)
FNDA:0,(anonymous_14)
FNDA:0,(anonymous_15)
FNDA:0,(anonymous_16)
FNDA:0,(anonymous_17)
FNDA:0,(anonymous_18)
FNDA:0,(anonymous_19)
FNDA:0,(anonymous_20)
FNDA:0,(anonymous_21)
FNDA:0,(anonymous_22)
FNDA:0,(anonymous_23)
FNDA:0,(anonymous_24)
FNDA:0,(anonymous_25)
FNDA:0,(anonymous_26)
DA:32,0
DA:33,0
DA:34,0
DA:35,0
DA:36,0
DA:37,0
DA:41,0
DA:43,0
DA:44,0
DA:45,0
DA:46,0
DA:47,0
DA:48,0
DA:49,0
DA:50,0
DA:53,0
DA:67,0
DA:68,0
DA:69,0
DA:70,0
DA:73,0
DA:74,0
DA:76,0
DA:77,0
DA:80,0
DA:81,0
DA:82,0
DA:83,0
DA:87,0
DA:88,0
DA:89,0
DA:90,0
DA:91,0
DA:92,0
DA:94,0
DA:95,0
DA:97,0
DA:100,0
DA:101,0
DA:102,0
DA:103,0
DA:104,0
DA:107,0
DA:111,0
DA:112,0
DA:113,0
DA:115,0
DA:116,0
DA:117,0
DA:120,0
DA:121,0
DA:125,0
DA:126,0
DA:127,0
DA:129,0
DA:130,0
DA:133,0
DA:134,0
DA:139,0
DA:140,0
DA:149,0
DA:150,0
DA:151,0
DA:152,0
DA:154,0
DA:155,0
DA:156,0
DA:159,0
DA:166,0
DA:172,0
DA:173,0
DA:174,0
DA:175,0
DA:177,0
DA:178,0
DA:179,0
DA:182,0
DA:183,0
DA:191,0
DA:198,0
DA:205,0
DA:212,0
DA:221,0
DA:222,0
DA:223,0
DA:228,0
DA:229,0
DA:230,0
DA:231,0
DA:233,0
DA:236,0
DA:237,0
DA:239,0
DA:240,0
DA:243,0
DA:244,0
DA:251,0
DA:252,0
DA:253,0
DA:262,0
DA:263,0
DA:264,0
DA:269,0
DA:270,0
DA:271,0
DA:276,0
DA:277,0
DA:278,0
DA:283,0
DA:286,0
DA:287,0
DA:292,0
DA:293,0
DA:294,0
DA:295,0
DA:296,0
DA:298,0
DA:300,0
DA:301,0
DA:308,0
LF:120
LH:0
BRDA:32,0,0,0
BRDA:32,0,1,0
BRDA:55,1,0,0
BRDA:55,1,1,0
BRDA:56,2,0,0
BRDA:56,2,1,0
BRDA:57,3,0,0
BRDA:57,3,1,0
BRDA:58,4,0,0
BRDA:58,4,1,0
BRDA:59,5,0,0
BRDA:59,5,1,0
BRDA:68,6,0,0
BRDA:68,6,1,0
BRDA:68,7,0,0
BRDA:68,7,1,0
BRDA:81,8,0,0
BRDA:81,8,1,0
BRDA:81,9,0,0
BRDA:81,9,1,0
BRDA:94,10,0,0
BRDA:94,10,1,0
BRDA:103,11,0,0
BRDA:103,11,1,0
BRDA:115,12,0,0
BRDA:115,12,1,0
BRDA:120,13,0,0
BRDA:120,13,1,0
BRDA:129,14,0,0
BRDA:129,14,1,0
BRDA:133,15,0,0
BRDA:133,15,1,0
BRDA:154,16,0,0
BRDA:154,16,1,0
BRDA:172,17,0,0
BRDA:172,17,1,0
BRDA:221,18,0,0
BRDA:221,18,1,0
BRDA:228,19,0,0
BRDA:228,19,1,0
BRDA:228,20,0,0
BRDA:228,20,1,0
BRDA:230,21,0,0
BRDA:230,21,1,0
BRDA:239,22,0,0
BRDA:239,22,1,0
BRDA:252,23,0,0
BRDA:252,23,1,0
BRDA:262,24,0,0
BRDA:262,24,1,0
BRDA:269,25,0,0
BRDA:269,25,1,0
BRDA:276,26,0,0
BRDA:276,26,1,0
BRDA:286,27,0,0
BRDA:286,27,1,0
BRDA:292,28,0,0
BRDA:292,28,1,0
BRDA:294,29,0,0
BRDA:294,29,1,0
BRF:60
BRH:0
end_of_record
TN:
SF:src\utils\contentSanitizer.ts
FN:55,(anonymous_0)
FN:62,(anonymous_1)
FN:107,(anonymous_2)
FN:115,(anonymous_3)
FN:122,(anonymous_4)
FN:132,(anonymous_5)
FN:136,(anonymous_6)
FN:143,(anonymous_7)
FN:152,(anonymous_8)
FN:157,(anonymous_9)
FN:170,(anonymous_10)
FN:171,(anonymous_11)
FN:173,(anonymous_12)
FN:189,(anonymous_13)
FN:190,(anonymous_14)
FN:200,(anonymous_15)
FN:216,(anonymous_16)
FN:236,(anonymous_17)
FN:238,(anonymous_18)
FN:247,(anonymous_19)
FN:267,(anonymous_20)
FN:274,(anonymous_21)
FN:305,sanitizeMarkdown
FN:313,validateSanitizationConfig
FNF:24
FNH:0
FNDA:0,(anonymous_0)
FNDA:0,(anonymous_1)
FNDA:0,(anonymous_2)
FNDA:0,(anonymous_3)
FNDA:0,(anonymous_4)
FNDA:0,(anonymous_5)
FNDA:0,(anonymous_6)
FNDA:0,(anonymous_7)
FNDA:0,(anonymous_8)
FNDA:0,(anonymous_9)
FNDA:0,(anonymous_10)
FNDA:0,(anonymous_11)
FNDA:0,(anonymous_12)
FNDA:0,(anonymous_13)
FNDA:0,(anonymous_14)
FNDA:0,(anonymous_15)
FNDA:0,(anonymous_16)
FNDA:0,(anonymous_17)
FNDA:0,(anonymous_18)
FNDA:0,(anonymous_19)
FNDA:0,(anonymous_20)
FNDA:0,(anonymous_21)
FNDA:0,sanitizeMarkdown
FNDA:0,validateSanitizationConfig
DA:22,0
DA:38,0
DA:56,0
DA:63,0
DA:64,0
DA:68,0
DA:69,0
DA:72,0
DA:75,0
DA:76,0
DA:80,0
DA:81,0
DA:85,0
DA:86,0
DA:90,0
DA:93,0
DA:96,0
DA:99,0
DA:101,0
DA:109,0
DA:116,0
DA:123,0
DA:124,0
DA:125,0
DA:126,0
DA:133,0
DA:135,0
DA:136,0
DA:137,0
DA:138,0
DA:142,0
DA:143,0
DA:144,0
DA:145,0
DA:149,0
DA:152,0
DA:153,0
DA:157,0
DA:158,0
DA:161,0
DA:163,0
DA:171,0
DA:173,0
DA:174,0
DA:177,0
DA:178,0
DA:182,0
DA:190,0
DA:191,0
DA:192,0
DA:194,0
DA:195,0
DA:199,0
DA:201,0
DA:203,0
DA:204,0
DA:206,0
DA:209,0
DA:217,0
DA:220,0
DA:221,0
DA:225,0
DA:226,0
DA:230,0
DA:238,0
DA:239,0
DA:240,0
DA:248,0
DA:251,0
DA:252,0
DA:256,0
DA:257,0
DA:261,0
DA:268,0
DA:276,0
DA:277,0
DA:281,0
DA:282,0
DA:286,0
DA:287,0
DA:291,0
DA:292,0
DA:295,0
DA:300,0
DA:306,0
DA:307,0
DA:314,0
DA:315,0
LF:88
LH:0
BRDA:55,0,0,0
BRDA:63,1,0,0
BRDA:63,1,1,0
BRDA:63,2,0,0
BRDA:63,2,1,0
BRDA:68,3,0,0
BRDA:68,3,1,0
BRDA:75,4,0,0
BRDA:75,4,1,0
BRDA:80,5,0,0
BRDA:80,5,1,0
BRDA:85,6,0,0
BRDA:85,6,1,0
BRDA:133,7,0,0
BRDA:133,7,1,0
BRDA:177,8,0,0
BRDA:177,8,1,0
BRDA:192,9,0,0
BRDA:192,9,1,0
BRDA:194,10,0,0
BRDA:194,10,1,0
BRDA:201,11,0,0
BRDA:201,11,1,0
BRDA:220,12,0,0
BRDA:220,12,1,0
BRDA:225,13,0,0
BRDA:225,13,1,0
BRDA:251,14,0,0
BRDA:251,14,1,0
BRDA:256,15,0,0
BRDA:256,15,1,0
BRDA:256,16,0,0
BRDA:256,16,1,0
BRDA:276,17,0,0
BRDA:276,17,1,0
BRDA:281,18,0,0
BRDA:281,18,1,0
BRDA:286,19,0,0
BRDA:286,19,1,0
BRDA:291,20,0,0
BRDA:291,20,1,0
BRDA:306,21,0,0
BRDA:306,21,1,0
BRF:43
BRH:0
end_of_record
TN:
SF:src\utils\errorHandler.ts
FN:22,(anonymous_0)
FN:40,(anonymous_1)
FN:46,(anonymous_2)
FN:52,(anonymous_3)
FN:58,(anonymous_4)
FN:67,(anonymous_5)
FN:126,(anonymous_6)
FN:147,(anonymous_7)
FN:157,(anonymous_8)
FN:178,(anonymous_9)
FN:181,(anonymous_10)
FNF:11
FNH:0
FNDA:0,(anonymous_0)
FNDA:0,(anonymous_1)
FNDA:0,(anonymous_2)
FNDA:0,(anonymous_3)
FNDA:0,(anonymous_4)
FNDA:0,(anonymous_5)
FNDA:0,(anonymous_6)
FNDA:0,(anonymous_7)
FNDA:0,(anonymous_8)
FNDA:0,(anonymous_9)
FNDA:0,(anonymous_10)
DA:28,0
DA:30,0
DA:31,0
DA:32,0
DA:33,0
DA:35,0
DA:41,0
DA:47,0
DA:53,0
DA:59,0
DA:69,0
DA:70,0
DA:71,0
DA:78,0
DA:82,0
DA:83,0
DA:84,0
DA:85,0
DA:87,0
DA:95,0
DA:96,0
DA:97,0
DA:105,0
DA:106,0
DA:107,0
DA:114,0
DA:115,0
DA:116,0
DA:127,0
DA:135,0
DA:136,0
DA:137,0
DA:138,0
DA:140,0
DA:148,0
DA:149,0
DA:151,0
DA:165,0
DA:181,0
DA:182,0
DA:183,0
DA:185,0
DA:186,0
DA:187,0
LF:44
LH:0
BRDA:24,0,0,0
BRDA:25,1,0,0
BRDA:46,2,0,0
BRDA:52,3,0,0
BRDA:58,4,0,0
BRDA:69,5,0,0
BRDA:69,5,1,0
BRDA:70,6,0,0
BRDA:70,6,1,0
BRDA:82,7,0,0
BRDA:82,7,1,0
BRDA:82,8,0,0
BRDA:82,8,1,0
BRDA:82,8,2,0
BRDA:85,9,0,0
BRDA:85,9,1,0
BRDA:85,9,2,0
BRDA:95,10,0,0
BRDA:95,10,1,0
BRDA:95,11,0,0
BRDA:95,11,1,0
BRDA:95,11,2,0
BRDA:105,12,0,0
BRDA:105,12,1,0
BRDA:105,13,0,0
BRDA:105,13,1,0
BRDA:105,13,2,0
BRDA:105,13,3,0
BRDA:105,13,4,0
BRDA:115,14,0,0
BRDA:115,14,1,0
BRDA:135,15,0,0
BRDA:135,15,1,0
BRDA:137,16,0,0
BRDA:137,16,1,0
BRDA:148,17,0,0
BRDA:148,17,1,0
BRDA:170,18,0,0
BRDA:170,18,1,0
BRDA:170,18,2,0
BRF:40
BRH:0
end_of_record
TN:
SF:src\utils\errorReporting.ts
FN:11,(anonymous_0)
FN:19,(anonymous_1)
FN:179,(anonymous_2)
FN:188,(anonymous_3)
FN:202,(anonymous_4)
FN:203,(anonymous_5)
FN:212,(anonymous_6)
FN:329,(anonymous_7)
FN:330,(anonymous_8)
FN:338,(anonymous_9)
FN:345,(anonymous_10)
FN:346,(anonymous_11)
FN:366,(anonymous_12)
FN:367,(anonymous_13)
FN:372,(anonymous_14)
FN:382,(anonymous_15)
FN:383,(anonymous_16)
FN:392,(anonymous_17)
FN:393,(anonymous_18)
FN:399,(anonymous_19)
FN:400,(anonymous_20)
FN:406,(anonymous_21)
FN:413,(anonymous_22)
FN:434,createErrorResponse
FN:464,logErrorReport
FN:477,(anonymous_25)
FNF:26
FNH:0
FNDA:0,(anonymous_0)
FNDA:0,(anonymous_1)
FNDA:0,(anonymous_2)
FNDA:0,(anonymous_3)
FNDA:0,(anonymous_4)
FNDA:0,(anonymous_5)
FNDA:0,(anonymous_6)
FNDA:0,(anonymous_7)
FNDA:0,(anonymous_8)
FNDA:0,(anonymous_9)
FNDA:0,(anonymous_10)
FNDA:0,(anonymous_11)
FNDA:0,(anonymous_12)
FNDA:0,(anonymous_13)
FNDA:0,(anonymous_14)
FNDA:0,(anonymous_15)
FNDA:0,(anonymous_16)
FNDA:0,(anonymous_17)
FNDA:0,(anonymous_18)
FNDA:0,(anonymous_19)
FNDA:0,(anonymous_20)
FNDA:0,(anonymous_21)
FNDA:0,(anonymous_22)
FNDA:0,createErrorResponse
FNDA:0,logErrorReport
FNDA:0,(anonymous_25)
DA:11,0
DA:12,0
DA:13,0
DA:14,0
DA:15,0
DA:19,0
DA:20,0
DA:21,0
DA:22,0
DA:23,0
DA:24,0
DA:25,0
DA:63,0
DA:104,0
DA:140,0
DA:176,0
DA:177,0
DA:180,0
DA:181,0
DA:182,0
DA:189,0
DA:196,0
DA:203,0
DA:204,0
DA:205,0
DA:213,0
DA:217,0
DA:220,0
DA:222,0
DA:224,0
DA:225,0
DA:226,0
DA:227,0
DA:232,0
DA:235,0
DA:236,0
DA:237,0
DA:238,0
DA:242,0
DA:243,0
DA:244,0
DA:249,0
DA:250,0
DA:255,0
DA:257,0
DA:260,0
DA:261,0
DA:262,0
DA:263,0
DA:267,0
DA:268,0
DA:269,0
DA:274,0
DA:275,0
DA:280,0
DA:282,0
DA:285,0
DA:286,0
DA:287,0
DA:291,0
DA:295,0
DA:296,0
DA:297,0
DA:298,0
DA:301,0
DA:302,0
DA:303,0
DA:304,0
DA:305,0
DA:306,0
DA:307,0
DA:308,0
DA:312,0
DA:330,0
DA:331,0
DA:339,0
DA:340,0
DA:343,0
DA:345,0
DA:346,0
DA:350,0
DA:367,0
DA:368,0
DA:369,0
DA:372,0
DA:373,0
DA:376,0
DA:383,0
DA:384,0
DA:393,0
DA:400,0
DA:407,0
DA:414,0
DA:438,0
DA:439,0
DA:443,0
DA:453,0
DA:454,0
DA:455,0
DA:458,0
DA:465,0
DA:466,0
DA:467,0
DA:468,0
DA:469,0
DA:470,0
DA:472,0
DA:473,0
DA:476,0
DA:477,0
DA:478,0
DA:479,0
DA:480,0
DA:482,0
DA:483,0
DA:486,0
LF:116
LH:0
BRDA:11,0,0,0
BRDA:11,0,1,0
BRDA:19,1,0,0
BRDA:19,1,1,0
BRDA:182,2,0,0
BRDA:182,2,1,0
BRDA:192,3,0,0
BRDA:192,3,1,0
BRDA:202,4,0,0
BRDA:222,5,0,0
BRDA:222,5,1,0
BRDA:222,5,2,0
BRDA:222,5,3,0
BRDA:222,5,4,0
BRDA:227,6,0,0
BRDA:227,6,1,0
BRDA:229,7,0,0
BRDA:229,7,1,0
BRDA:230,8,0,0
BRDA:230,8,1,0
BRDA:236,9,0,0
BRDA:236,9,1,0
BRDA:238,10,0,0
BRDA:238,10,1,0
BRDA:240,11,0,0
BRDA:240,11,1,0
BRDA:242,12,0,0
BRDA:242,12,1,0
BRDA:244,13,0,0
BRDA:244,13,1,0
BRDA:246,14,0,0
BRDA:246,14,1,0
BRDA:250,15,0,0
BRDA:250,15,1,0
BRDA:252,16,0,0
BRDA:252,16,1,0
BRDA:253,17,0,0
BRDA:253,17,1,0
BRDA:261,18,0,0
BRDA:261,18,1,0
BRDA:263,19,0,0
BRDA:263,19,1,0
BRDA:265,20,0,0
BRDA:265,20,1,0
BRDA:267,21,0,0
BRDA:267,21,1,0
BRDA:269,22,0,0
BRDA:269,22,1,0
BRDA:271,23,0,0
BRDA:271,23,1,0
BRDA:275,24,0,0
BRDA:275,24,1,0
BRDA:277,25,0,0
BRDA:277,25,1,0
BRDA:278,26,0,0
BRDA:278,26,1,0
BRDA:287,27,0,0
BRDA:287,27,1,0
BRDA:301,28,0,0
BRDA:301,28,1,0
BRDA:303,29,0,0
BRDA:303,29,1,0
BRDA:305,30,0,0
BRDA:305,30,1,0
BRDA:307,31,0,0
BRDA:307,31,1,0
BRDA:319,32,0,0
BRDA:319,32,1,0
BRDA:331,33,0,0
BRDA:331,33,1,0
BRDA:384,34,0,0
BRDA:384,34,1,0
BRDA:436,35,0,0
BRDA:439,36,0,0
BRDA:439,36,1,0
BRDA:440,37,0,0
BRDA:440,37,1,0
BRDA:447,38,0,0
BRDA:447,38,1,0
BRDA:453,39,0,0
BRDA:453,39,1,0
BRDA:472,40,0,0
BRDA:472,40,1,0
BRDA:479,41,0,0
BRDA:479,41,1,0
BRDA:482,42,0,0
BRDA:482,42,1,0
BRDA:482,43,0,0
BRDA:482,43,1,0
BRF:89
BRH:0
end_of_record
TN:
SF:src\utils\retryHelper.ts
FN:28,(anonymous_0)
FN:73,(anonymous_1)
FN:101,(anonymous_2)
FN:102,(anonymous_3)
FNF:4
FNH:0
FNDA:0,(anonymous_0)
FNDA:0,(anonymous_1)
FNDA:0,(anonymous_2)
FNDA:0,(anonymous_3)
DA:38,0
DA:41,0
DA:43,0
DA:44,0
DA:45,0
DA:47,0
DA:50,0
DA:51,0
DA:55,0
DA:56,0
DA:60,0
DA:63,0
DA:67,0
DA:75,0
DA:78,0
DA:82,0
DA:86,0
DA:87,0
DA:91,0
DA:92,0
DA:95,0
DA:102,0
LF:22
LH:0
BRDA:35,0,0,0
BRDA:36,1,0,0
BRDA:37,2,0,0
BRDA:50,3,0,0
BRDA:50,3,1,0
BRDA:55,4,0,0
BRDA:55,4,1,0
BRDA:78,5,0,0
BRDA:78,5,1,0
BRDA:78,6,0,0
BRDA:78,6,1,0
BRDA:78,6,2,0
BRDA:78,6,3,0
BRDA:86,7,0,0
BRDA:86,7,1,0
BRDA:86,8,0,0
BRDA:86,8,1,0
BRDA:91,9,0,0
BRDA:91,9,1,0
BRDA:91,10,0,0
BRDA:91,10,1,0
BRF:21
BRH:0
end_of_record
